<?xml version="1.0" encoding="UTF-8"?>
<coverage generated="1610979195327" clover="3.2.0">
  <project timestamp="1610979195327" name="All files">
    <metrics statements="7059" coveredstatements="5861" conditionals="2341" coveredconditionals="1823" methods="1742" coveredmethods="1378" elements="11142" coveredelements="9062" complexity="0" loc="7059" ncloc="7059" packages="114" files="395" classes="395"/>
    <package name="app">
      <metrics statements="16" coveredstatements="0" conditionals="0" coveredconditionals="0" methods="4" coveredmethods="0"/>
      <file name="app.ts" path="/home/travis/build/MaibornWolff/codecharta/visualization/app/app.ts">
        <metrics statements="16" coveredstatements="0" conditionals="0" coveredconditionals="0" methods="4" coveredmethods="0"/>
        <line num="1" count="0" type="stmt"/>
        <line num="2" count="0" type="stmt"/>
        <line num="3" count="0" type="stmt"/>
        <line num="4" count="0" type="stmt"/>
        <line num="5" count="0" type="stmt"/>
        <line num="6" count="0" type="stmt"/>
        <line num="7" count="0" type="stmt"/>
        <line num="8" count="0" type="stmt"/>
        <line num="10" count="0" type="stmt"/>
        <line num="12" count="0" type="stmt"/>
        <line num="17" count="0" type="stmt"/>
        <line num="18" count="0" type="stmt"/>
        <line num="25" count="0" type="stmt"/>
        <line num="28" count="0" type="stmt"/>
        <line num="33" count="0" type="stmt"/>
        <line num="34" count="0" type="stmt"/>
      </file>
    </package>
    <package name="app.codeCharta">
      <metrics statements="154" coveredstatements="147" conditionals="66" coveredconditionals="55" methods="26" coveredmethods="26"/>
      <file name="codeCharta.api.model.ts" path="/home/travis/build/MaibornWolff/codecharta/visualization/app/codeCharta/codeCharta.api.model.ts">
        <metrics statements="8" coveredstatements="8" conditionals="4" coveredconditionals="4" methods="2" coveredmethods="2"/>
        <line num="19" count="151" type="cond" truecount="2" falsecount="0"/>
        <line num="20" count="151" type="stmt"/>
        <line num="21" count="151" type="stmt"/>
        <line num="24" count="151" type="cond" truecount="2" falsecount="0"/>
        <line num="25" count="151" type="stmt"/>
        <line num="26" count="151" type="stmt"/>
        <line num="27" count="151" type="stmt"/>
        <line num="28" count="151" type="stmt"/>
      </file>
      <file name="codeCharta.component.ts" path="/home/travis/build/MaibornWolff/codecharta/visualization/app/codeCharta/codeCharta.component.ts">
        <metrics statements="44" coveredstatements="40" conditionals="14" coveredconditionals="6" methods="4" coveredmethods="4"/>
        <line num="1" count="114" type="stmt"/>
        <line num="3" count="114" type="stmt"/>
        <line num="9" count="114" type="stmt"/>
        <line num="10" count="114" type="stmt"/>
        <line num="11" count="114" type="stmt"/>
        <line num="12" count="114" type="stmt"/>
        <line num="13" count="114" type="stmt"/>
        <line num="14" count="114" type="stmt"/>
        <line num="15" count="114" type="stmt"/>
        <line num="19" count="10" type="stmt"/>
        <line num="29" count="10" type="stmt"/>
        <line num="30" count="10" type="stmt"/>
        <line num="31" count="10" type="stmt"/>
        <line num="32" count="10" type="stmt"/>
        <line num="33" count="10" type="stmt"/>
        <line num="35" count="10" type="stmt"/>
        <line num="37" count="10" type="stmt"/>
        <line num="38" count="10" type="stmt"/>
        <line num="39" count="10" type="stmt"/>
        <line num="40" count="10" type="stmt"/>
        <line num="44" count="13" type="stmt"/>
        <line num="45" count="13" type="stmt"/>
        <line num="46" count="3" type="stmt"/>
        <line num="47" count="3" type="stmt"/>
        <line num="49" count="12" type="stmt"/>
        <line num="54" count="10" type="cond" truecount="2" falsecount="0"/>
        <line num="55" count="8" type="stmt"/>
        <line num="56" count="8" type="stmt"/>
        <line num="57" count="8" type="cond" truecount="1" falsecount="1"/>
        <line num="58" count="8" type="stmt"/>
        <line num="59" count="0" type="cond" truecount="0" falsecount="4"/>
        <line num="60" count="0" type="stmt"/>
        <line num="62" count="8" type="stmt"/>
        <line num="64" count="10" type="stmt"/>
        <line num="71" count="13" type="stmt"/>
        <line num="72" count="13" type="stmt"/>
        <line num="76" count="3" type="stmt"/>
        <line num="77" count="3" type="stmt"/>
        <line num="79" count="3" type="cond" truecount="2" falsecount="2"/>
        <line num="80" count="0" type="stmt"/>
        <line num="81" count="3" type="cond" truecount="1" falsecount="1"/>
        <line num="82" count="0" type="stmt"/>
        <line num="84" count="3" type="stmt"/>
        <line num="89" count="114" type="stmt"/>
      </file>
      <file name="codeCharta.model.ts" path="/home/travis/build/MaibornWolff/codecharta/visualization/app/codeCharta/codeCharta.model.ts">
        <metrics statements="41" coveredstatements="41" conditionals="32" coveredconditionals="32" methods="10" coveredmethods="10"/>
        <line num="15" count="159" type="cond" truecount="2" falsecount="0"/>
        <line num="16" count="159" type="stmt"/>
        <line num="17" count="159" type="stmt"/>
        <line num="18" count="159" type="stmt"/>
        <line num="21" count="159" type="cond" truecount="2" falsecount="0"/>
        <line num="22" count="159" type="stmt"/>
        <line num="23" count="159" type="stmt"/>
        <line num="24" count="159" type="stmt"/>
        <line num="68" count="159" type="cond" truecount="2" falsecount="0"/>
        <line num="69" count="159" type="stmt"/>
        <line num="70" count="159" type="stmt"/>
        <line num="73" count="159" type="cond" truecount="2" falsecount="0"/>
        <line num="74" count="159" type="stmt"/>
        <line num="75" count="159" type="stmt"/>
        <line num="177" count="159" type="cond" truecount="2" falsecount="0"/>
        <line num="178" count="159" type="stmt"/>
        <line num="179" count="159" type="stmt"/>
        <line num="189" count="159" type="cond" truecount="2" falsecount="0"/>
        <line num="190" count="159" type="stmt"/>
        <line num="191" count="159" type="stmt"/>
        <line num="192" count="159" type="stmt"/>
        <line num="193" count="159" type="stmt"/>
        <line num="206" count="159" type="cond" truecount="2" falsecount="0"/>
        <line num="207" count="159" type="stmt"/>
        <line num="208" count="159" type="stmt"/>
        <line num="312" count="222" type="cond" truecount="2" falsecount="0"/>
        <line num="313" count="1" type="stmt"/>
        <line num="318" count="221" type="cond" truecount="2" falsecount="0"/>
        <line num="319" count="1" type="stmt"/>
        <line num="324" count="220" type="stmt"/>
        <line num="328" count="133" type="cond" truecount="6" falsecount="0"/>
        <line num="329" count="1" type="stmt"/>
        <line num="331" count="132" type="cond" truecount="6" falsecount="0"/>
        <line num="332" count="1" type="stmt"/>
        <line num="335" count="131" type="stmt"/>
        <line num="347" count="159" type="cond" truecount="2" falsecount="0"/>
        <line num="348" count="159" type="stmt"/>
        <line num="349" count="159" type="stmt"/>
        <line num="350" count="159" type="stmt"/>
        <line num="351" count="159" type="stmt"/>
        <line num="352" count="159" type="stmt"/>
      </file>
      <file name="codeCharta.module.ts" path="/home/travis/build/MaibornWolff/codecharta/visualization/app/codeCharta/codeCharta.module.ts">
        <metrics statements="9" coveredstatements="9" conditionals="0" coveredconditionals="0" methods="0" coveredmethods="0"/>
        <line num="3" count="114" type="stmt"/>
        <line num="4" count="114" type="stmt"/>
        <line num="6" count="114" type="stmt"/>
        <line num="7" count="114" type="stmt"/>
        <line num="9" count="114" type="stmt"/>
        <line num="10" count="114" type="stmt"/>
        <line num="11" count="114" type="stmt"/>
        <line num="13" count="114" type="stmt"/>
        <line num="15" count="114" type="stmt"/>
      </file>
      <file name="codeCharta.mouseEvent.service.ts" path="/home/travis/build/MaibornWolff/codecharta/visualization/app/codeCharta/codeCharta.mouseEvent.service.ts">
        <metrics statements="12" coveredstatements="12" conditionals="8" coveredconditionals="8" methods="4" coveredmethods="4"/>
        <line num="2" count="114" type="stmt"/>
        <line num="3" count="114" type="stmt"/>
        <line num="4" count="114" type="stmt"/>
        <line num="7" count="21" type="stmt"/>
        <line num="13" count="9" type="cond" truecount="2" falsecount="0"/>
        <line num="14" count="6" type="stmt"/>
        <line num="17" count="9" type="cond" truecount="2" falsecount="0"/>
        <line num="18" count="5" type="stmt"/>
        <line num="23" count="6" type="cond" truecount="2" falsecount="0"/>
        <line num="24" count="4" type="stmt"/>
        <line num="29" count="5" type="cond" truecount="2" falsecount="0"/>
        <line num="30" count="3" type="stmt"/>
      </file>
      <file name="codeCharta.service.ts" path="/home/travis/build/MaibornWolff/codecharta/visualization/app/codeCharta/codeCharta.service.ts">
        <metrics statements="40" coveredstatements="37" conditionals="8" coveredconditionals="5" methods="6" coveredmethods="6"/>
        <line num="1" count="149" type="stmt"/>
        <line num="3" count="149" type="stmt"/>
        <line num="5" count="149" type="stmt"/>
        <line num="6" count="149" type="stmt"/>
        <line num="8" count="149" type="stmt"/>
        <line num="9" count="149" type="stmt"/>
        <line num="10" count="149" type="stmt"/>
        <line num="11" count="149" type="stmt"/>
        <line num="12" count="149" type="stmt"/>
        <line num="15" count="149" type="stmt"/>
        <line num="16" count="149" type="stmt"/>
        <line num="17" count="149" type="stmt"/>
        <line num="18" count="22" type="stmt"/>
        <line num="20" count="22" type="stmt"/>
        <line num="23" count="12" type="stmt"/>
        <line num="24" count="12" type="stmt"/>
        <line num="25" count="12" type="stmt"/>
        <line num="26" count="7" type="stmt"/>
        <line num="28" count="5" type="cond" truecount="1" falsecount="1"/>
        <line num="29" count="5" type="stmt"/>
        <line num="30" count="5" type="stmt"/>
        <line num="31" count="5" type="stmt"/>
        <line num="32" count="5" type="stmt"/>
        <line num="35" count="0" type="cond" truecount="0" falsecount="2"/>
        <line num="36" count="0" type="stmt"/>
        <line num="37" count="0" type="stmt"/>
        <line num="42" count="12" type="cond" truecount="2" falsecount="0"/>
        <line num="43" count="7" type="stmt"/>
        <line num="44" count="7" type="stmt"/>
        <line num="45" count="7" type="stmt"/>
        <line num="46" count="7" type="stmt"/>
        <line num="47" count="7" type="stmt"/>
        <line num="52" count="7" type="stmt"/>
        <line num="53" count="7" type="stmt"/>
        <line num="54" count="7" type="stmt"/>
        <line num="58" count="7" type="stmt"/>
        <line num="59" count="7" type="stmt"/>
        <line num="60" count="7" type="stmt"/>
        <line num="62" count="9" type="cond" truecount="2" falsecount="0"/>
        <line num="63" count="1" type="stmt"/>
      </file>
    </package>
    <package name="app.codeCharta.model.customConfig">
      <metrics statements="4" coveredstatements="4" conditionals="2" coveredconditionals="2" methods="1" coveredmethods="1"/>
      <file name="customConfig.api.model.ts" path="/home/travis/build/MaibornWolff/codecharta/visualization/app/codeCharta/model/customConfig/customConfig.api.model.ts">
        <metrics statements="4" coveredstatements="4" conditionals="2" coveredconditionals="2" methods="1" coveredmethods="1"/>
        <line num="3" count="148" type="cond" truecount="2" falsecount="0"/>
        <line num="4" count="148" type="stmt"/>
        <line num="5" count="148" type="stmt"/>
        <line num="6" count="148" type="stmt"/>
      </file>
    </package>
    <package name="app.codeCharta.model.files">
      <metrics statements="16" coveredstatements="16" conditionals="6" coveredconditionals="6" methods="17" coveredmethods="17"/>
      <file name="files.helper.ts" path="/home/travis/build/MaibornWolff/codecharta/visualization/app/codeCharta/model/files/files.helper.ts">
        <metrics statements="10" coveredstatements="10" conditionals="4" coveredconditionals="4" methods="16" coveredmethods="16"/>
        <line num="1" count="149" type="stmt"/>
        <line num="4" count="16" type="stmt"/>
        <line num="8" count="443" type="stmt"/>
        <line num="12" count="4" type="stmt"/>
        <line num="13" count="3" type="cond" truecount="2" falsecount="0"/>
        <line num="17" count="3" type="stmt"/>
        <line num="21" count="135" type="stmt"/>
        <line num="25" count="37" type="stmt"/>
        <line num="29" count="88" type="cond" truecount="2" falsecount="0"/>
        <line num="33" count="28" type="stmt"/>
      </file>
      <file name="files.ts" path="/home/travis/build/MaibornWolff/codecharta/visualization/app/codeCharta/model/files/files.ts">
        <metrics statements="6" coveredstatements="6" conditionals="2" coveredconditionals="2" methods="1" coveredmethods="1"/>
        <line num="8" count="153" type="cond" truecount="2" falsecount="0"/>
        <line num="9" count="153" type="stmt"/>
        <line num="10" count="153" type="stmt"/>
        <line num="11" count="153" type="stmt"/>
        <line num="12" count="153" type="stmt"/>
        <line num="13" count="153" type="stmt"/>
      </file>
    </package>
    <package name="app.codeCharta.ressources.fixed-folders">
      <metrics statements="3" coveredstatements="3" conditionals="0" coveredconditionals="0" methods="0" coveredmethods="0"/>
      <file name="fixed-folders-example.ts" path="/home/travis/build/MaibornWolff/codecharta/visualization/app/codeCharta/ressources/fixed-folders/fixed-folders-example.ts">
        <metrics statements="3" coveredstatements="3" conditionals="0" coveredconditionals="0" methods="0" coveredmethods="0"/>
        <line num="1" count="2" type="stmt"/>
        <line num="4" count="2" type="stmt"/>
        <line num="141" count="2" type="stmt"/>
      </file>
    </package>
    <package name="app.codeCharta.state">
      <metrics statements="149" coveredstatements="148" conditionals="15" coveredconditionals="15" methods="13" coveredmethods="12"/>
      <file name="injector.service.ts" path="/home/travis/build/MaibornWolff/codecharta/visualization/app/codeCharta/state/injector.service.ts">
        <metrics statements="51" coveredstatements="51" conditionals="0" coveredconditionals="0" methods="1" coveredmethods="1"/>
        <line num="60" count="8" type="stmt"/>
        <line num="61" count="8" type="stmt"/>
        <line num="62" count="8" type="stmt"/>
        <line num="63" count="8" type="stmt"/>
        <line num="64" count="8" type="stmt"/>
        <line num="65" count="8" type="stmt"/>
        <line num="66" count="8" type="stmt"/>
        <line num="67" count="8" type="stmt"/>
        <line num="68" count="8" type="stmt"/>
        <line num="69" count="8" type="stmt"/>
        <line num="70" count="8" type="stmt"/>
        <line num="71" count="8" type="stmt"/>
        <line num="72" count="8" type="stmt"/>
        <line num="73" count="8" type="stmt"/>
        <line num="74" count="8" type="stmt"/>
        <line num="75" count="8" type="stmt"/>
        <line num="76" count="8" type="stmt"/>
        <line num="77" count="8" type="stmt"/>
        <line num="78" count="8" type="stmt"/>
        <line num="79" count="8" type="stmt"/>
        <line num="80" count="8" type="stmt"/>
        <line num="81" count="8" type="stmt"/>
        <line num="82" count="8" type="stmt"/>
        <line num="83" count="8" type="stmt"/>
        <line num="84" count="8" type="stmt"/>
        <line num="85" count="8" type="stmt"/>
        <line num="86" count="8" type="stmt"/>
        <line num="87" count="8" type="stmt"/>
        <line num="88" count="8" type="stmt"/>
        <line num="89" count="8" type="stmt"/>
        <line num="90" count="8" type="stmt"/>
        <line num="91" count="8" type="stmt"/>
        <line num="92" count="8" type="stmt"/>
        <line num="93" count="8" type="stmt"/>
        <line num="94" count="8" type="stmt"/>
        <line num="95" count="8" type="stmt"/>
        <line num="96" count="8" type="stmt"/>
        <line num="97" count="8" type="stmt"/>
        <line num="98" count="8" type="stmt"/>
        <line num="99" count="8" type="stmt"/>
        <line num="100" count="8" type="stmt"/>
        <line num="101" count="8" type="stmt"/>
        <line num="102" count="8" type="stmt"/>
        <line num="103" count="8" type="stmt"/>
        <line num="104" count="8" type="stmt"/>
        <line num="105" count="8" type="stmt"/>
        <line num="106" count="8" type="stmt"/>
        <line num="107" count="8" type="stmt"/>
        <line num="108" count="8" type="stmt"/>
        <line num="109" count="8" type="stmt"/>
        <line num="110" count="8" type="stmt"/>
      </file>
      <file name="nodeSearch.service.ts" path="/home/travis/build/MaibornWolff/codecharta/visualization/app/codeCharta/state/nodeSearch.service.ts">
        <metrics statements="15" coveredstatements="14" conditionals="0" coveredconditionals="0" methods="6" coveredmethods="5"/>
        <line num="3" count="114" type="stmt"/>
        <line num="6" count="114" type="stmt"/>
        <line num="7" count="114" type="stmt"/>
        <line num="14" count="114" type="stmt"/>
        <line num="16" count="17" type="stmt"/>
        <line num="20" count="17" type="stmt"/>
        <line num="21" count="17" type="stmt"/>
        <line num="22" count="17" type="stmt"/>
        <line num="24" count="17" type="stmt"/>
        <line num="28" count="14" type="stmt"/>
        <line num="29" count="14" type="stmt"/>
        <line num="30" count="29" type="stmt"/>
        <line num="34" count="14" type="stmt"/>
        <line num="38" count="1" type="stmt"/>
        <line num="39" count="0" type="stmt"/>
      </file>
      <file name="state.module.ts" path="/home/travis/build/MaibornWolff/codecharta/visualization/app/codeCharta/state/state.module.ts">
        <metrics statements="57" coveredstatements="57" conditionals="0" coveredconditionals="0" methods="0" coveredmethods="0"/>
        <line num="1" count="114" type="stmt"/>
        <line num="3" count="114" type="stmt"/>
        <line num="4" count="114" type="stmt"/>
        <line num="5" count="114" type="stmt"/>
        <line num="6" count="114" type="stmt"/>
        <line num="7" count="114" type="stmt"/>
        <line num="8" count="114" type="stmt"/>
        <line num="9" count="114" type="stmt"/>
        <line num="10" count="114" type="stmt"/>
        <line num="11" count="114" type="stmt"/>
        <line num="12" count="114" type="stmt"/>
        <line num="13" count="114" type="stmt"/>
        <line num="14" count="114" type="stmt"/>
        <line num="15" count="114" type="stmt"/>
        <line num="16" count="114" type="stmt"/>
        <line num="17" count="114" type="stmt"/>
        <line num="18" count="114" type="stmt"/>
        <line num="19" count="114" type="stmt"/>
        <line num="20" count="114" type="stmt"/>
        <line num="21" count="114" type="stmt"/>
        <line num="22" count="114" type="stmt"/>
        <line num="23" count="114" type="stmt"/>
        <line num="24" count="114" type="stmt"/>
        <line num="25" count="114" type="stmt"/>
        <line num="26" count="114" type="stmt"/>
        <line num="27" count="114" type="stmt"/>
        <line num="28" count="114" type="stmt"/>
        <line num="29" count="114" type="stmt"/>
        <line num="30" count="114" type="stmt"/>
        <line num="31" count="114" type="stmt"/>
        <line num="32" count="114" type="stmt"/>
        <line num="33" count="114" type="stmt"/>
        <line num="34" count="114" type="stmt"/>
        <line num="35" count="114" type="stmt"/>
        <line num="36" count="114" type="stmt"/>
        <line num="37" count="114" type="stmt"/>
        <line num="38" count="114" type="stmt"/>
        <line num="39" count="114" type="stmt"/>
        <line num="40" count="114" type="stmt"/>
        <line num="41" count="114" type="stmt"/>
        <line num="42" count="114" type="stmt"/>
        <line num="43" count="114" type="stmt"/>
        <line num="44" count="114" type="stmt"/>
        <line num="45" count="114" type="stmt"/>
        <line num="46" count="114" type="stmt"/>
        <line num="47" count="114" type="stmt"/>
        <line num="48" count="114" type="stmt"/>
        <line num="49" count="114" type="stmt"/>
        <line num="50" count="114" type="stmt"/>
        <line num="51" count="114" type="stmt"/>
        <line num="52" count="114" type="stmt"/>
        <line num="53" count="114" type="stmt"/>
        <line num="54" count="114" type="stmt"/>
        <line num="55" count="114" type="stmt"/>
        <line num="56" count="114" type="stmt"/>
        <line num="57" count="114" type="stmt"/>
        <line num="59" count="114" type="stmt"/>
      </file>
      <file name="store.service.ts" path="/home/travis/build/MaibornWolff/codecharta/visualization/app/codeCharta/state/store.service.ts">
        <metrics statements="26" coveredstatements="26" conditionals="15" coveredconditionals="15" methods="6" coveredmethods="6"/>
        <line num="1" count="149" type="stmt"/>
        <line num="2" count="149" type="stmt"/>
        <line num="4" count="149" type="stmt"/>
        <line num="5" count="149" type="stmt"/>
        <line num="6" count="149" type="stmt"/>
        <line num="8" count="149" type="stmt"/>
        <line num="9" count="149" type="stmt"/>
        <line num="10" count="149" type="stmt"/>
        <line num="11" count="149" type="stmt"/>
        <line num="12" count="149" type="stmt"/>
        <line num="13" count="149" type="stmt"/>
        <line num="14" count="149" type="stmt"/>
        <line num="15" count="149" type="stmt"/>
        <line num="26" count="149" type="stmt"/>
        <line num="30" count="879" type="stmt"/>
        <line num="31" count="879" type="stmt"/>
        <line num="35" count="1610" type="cond" truecount="2" falsecount="0"/>
        <line num="49" count="768" type="stmt"/>
        <line num="52" count="1610" type="stmt"/>
        <line num="53" count="2984" type="stmt"/>
        <line num="54" count="2982" type="cond" truecount="2" falsecount="0"/>
        <line num="55" count="2977" type="stmt"/>
        <line num="61" count="3155" type="stmt"/>
        <line num="65" count="2977" type="stmt"/>
        <line num="69" count="899" type="stmt"/>
        <line num="70" count="15364" type="stmt"/>
      </file>
    </package>
    <package name="app.codeCharta.state.store">
      <metrics statements="65" coveredstatements="62" conditionals="31" coveredconditionals="28" methods="3" coveredmethods="3"/>
      <file name="state.actions.ts" path="/home/travis/build/MaibornWolff/codecharta/visualization/app/codeCharta/state/store/state.actions.ts">
        <metrics statements="11" coveredstatements="11" conditionals="3" coveredconditionals="3" methods="2" coveredmethods="2"/>
        <line num="4" count="150" type="stmt"/>
        <line num="5" count="150" type="stmt"/>
        <line num="6" count="150" type="stmt"/>
        <line num="7" count="150" type="stmt"/>
        <line num="8" count="150" type="stmt"/>
        <line num="9" count="150" type="stmt"/>
        <line num="10" count="150" type="stmt"/>
        <line num="12" count="150" type="cond" truecount="2" falsecount="0"/>
        <line num="13" count="150" type="stmt"/>
        <line num="24" count="31" type="stmt"/>
        <line num="30" count="150" type="stmt"/>
      </file>
      <file name="state.reducer.ts" path="/home/travis/build/MaibornWolff/codecharta/visualization/app/codeCharta/state/store/state.reducer.ts">
        <metrics statements="10" coveredstatements="10" conditionals="0" coveredconditionals="0" methods="0" coveredmethods="0"/>
        <line num="2" count="149" type="stmt"/>
        <line num="3" count="149" type="stmt"/>
        <line num="4" count="149" type="stmt"/>
        <line num="5" count="149" type="stmt"/>
        <line num="6" count="149" type="stmt"/>
        <line num="7" count="149" type="stmt"/>
        <line num="8" count="149" type="stmt"/>
        <line num="9" count="149" type="stmt"/>
        <line num="11" count="149" type="stmt"/>
        <line num="22" count="149" type="stmt"/>
      </file>
      <file name="state.splitter.ts" path="/home/travis/build/MaibornWolff/codecharta/visualization/app/codeCharta/state/store/state.splitter.ts">
        <metrics statements="44" coveredstatements="41" conditionals="28" coveredconditionals="25" methods="1" coveredmethods="1"/>
        <line num="2" count="150" type="stmt"/>
        <line num="5" count="150" type="stmt"/>
        <line num="6" count="150" type="stmt"/>
        <line num="7" count="150" type="stmt"/>
        <line num="8" count="150" type="stmt"/>
        <line num="9" count="150" type="stmt"/>
        <line num="10" count="150" type="stmt"/>
        <line num="13" count="150" type="stmt"/>
        <line num="14" count="150" type="stmt"/>
        <line num="15" count="150" type="stmt"/>
        <line num="16" count="150" type="stmt"/>
        <line num="17" count="150" type="stmt"/>
        <line num="18" count="150" type="stmt"/>
        <line num="19" count="150" type="stmt"/>
        <line num="23" count="1616" type="cond" truecount="1" falsecount="1"/>
        <line num="24" count="0" type="stmt"/>
        <line num="27" count="1616" type="cond" truecount="1" falsecount="1"/>
        <line num="28" count="0" type="stmt"/>
        <line num="31" count="1616" type="cond" truecount="2" falsecount="0"/>
        <line num="32" count="15" type="stmt"/>
        <line num="35" count="1601" type="cond" truecount="2" falsecount="0"/>
        <line num="36" count="1" type="stmt"/>
        <line num="39" count="1600" type="cond" truecount="2" falsecount="0"/>
        <line num="40" count="13" type="stmt"/>
        <line num="43" count="1587" type="cond" truecount="1" falsecount="1"/>
        <line num="44" count="0" type="stmt"/>
        <line num="47" count="1587" type="cond" truecount="2" falsecount="0"/>
        <line num="48" count="27" type="stmt"/>
        <line num="51" count="27" type="cond" truecount="2" falsecount="0"/>
        <line num="52" count="19" type="stmt"/>
        <line num="55" count="27" type="cond" truecount="2" falsecount="0"/>
        <line num="56" count="19" type="stmt"/>
        <line num="59" count="27" type="cond" truecount="2" falsecount="0"/>
        <line num="60" count="24" type="stmt"/>
        <line num="63" count="27" type="cond" truecount="2" falsecount="0"/>
        <line num="64" count="20" type="stmt"/>
        <line num="67" count="27" type="cond" truecount="2" falsecount="0"/>
        <line num="68" count="24" type="stmt"/>
        <line num="71" count="27" type="cond" truecount="2" falsecount="0"/>
        <line num="72" count="19" type="stmt"/>
        <line num="75" count="27" type="cond" truecount="2" falsecount="0"/>
        <line num="76" count="19" type="stmt"/>
        <line num="78" count="27" type="stmt"/>
        <line num="81" count="1560" type="stmt"/>
      </file>
    </package>
    <package name="app.codeCharta.state.store.appSettings">
      <metrics statements="149" coveredstatements="149" conditionals="59" coveredconditionals="59" methods="3" coveredmethods="3"/>
      <file name="appSettings.actions.ts" path="/home/travis/build/MaibornWolff/codecharta/visualization/app/codeCharta/state/store/appSettings/appSettings.actions.ts">
        <metrics statements="32" coveredstatements="32" conditionals="3" coveredconditionals="3" methods="2" coveredmethods="2"/>
        <line num="4" count="150" type="stmt"/>
        <line num="5" count="150" type="stmt"/>
        <line num="6" count="150" type="stmt"/>
        <line num="7" count="150" type="stmt"/>
        <line num="8" count="150" type="stmt"/>
        <line num="9" count="150" type="stmt"/>
        <line num="10" count="150" type="stmt"/>
        <line num="11" count="150" type="stmt"/>
        <line num="12" count="150" type="stmt"/>
        <line num="13" count="150" type="stmt"/>
        <line num="14" count="150" type="stmt"/>
        <line num="15" count="150" type="stmt"/>
        <line num="16" count="150" type="stmt"/>
        <line num="17" count="150" type="stmt"/>
        <line num="18" count="150" type="stmt"/>
        <line num="19" count="150" type="stmt"/>
        <line num="20" count="150" type="stmt"/>
        <line num="21" count="150" type="stmt"/>
        <line num="22" count="150" type="stmt"/>
        <line num="23" count="150" type="stmt"/>
        <line num="24" count="150" type="stmt"/>
        <line num="25" count="150" type="stmt"/>
        <line num="26" count="150" type="stmt"/>
        <line num="27" count="150" type="stmt"/>
        <line num="28" count="150" type="stmt"/>
        <line num="29" count="150" type="stmt"/>
        <line num="30" count="150" type="stmt"/>
        <line num="31" count="150" type="stmt"/>
        <line num="33" count="150" type="cond" truecount="2" falsecount="0"/>
        <line num="34" count="150" type="stmt"/>
        <line num="45" count="15" type="stmt"/>
        <line num="51" count="150" type="stmt"/>
      </file>
      <file name="appSettings.reducer.ts" path="/home/travis/build/MaibornWolff/codecharta/visualization/app/codeCharta/state/store/appSettings/appSettings.reducer.ts">
        <metrics statements="31" coveredstatements="31" conditionals="0" coveredconditionals="0" methods="0" coveredmethods="0"/>
        <line num="2" count="149" type="stmt"/>
        <line num="3" count="149" type="stmt"/>
        <line num="4" count="149" type="stmt"/>
        <line num="5" count="149" type="stmt"/>
        <line num="6" count="149" type="stmt"/>
        <line num="7" count="149" type="stmt"/>
        <line num="8" count="149" type="stmt"/>
        <line num="9" count="149" type="stmt"/>
        <line num="10" count="149" type="stmt"/>
        <line num="11" count="149" type="stmt"/>
        <line num="12" count="149" type="stmt"/>
        <line num="13" count="149" type="stmt"/>
        <line num="14" count="149" type="stmt"/>
        <line num="15" count="149" type="stmt"/>
        <line num="16" count="149" type="stmt"/>
        <line num="17" count="149" type="stmt"/>
        <line num="18" count="149" type="stmt"/>
        <line num="19" count="149" type="stmt"/>
        <line num="20" count="149" type="stmt"/>
        <line num="21" count="149" type="stmt"/>
        <line num="22" count="149" type="stmt"/>
        <line num="23" count="149" type="stmt"/>
        <line num="24" count="149" type="stmt"/>
        <line num="25" count="149" type="stmt"/>
        <line num="26" count="149" type="stmt"/>
        <line num="27" count="149" type="stmt"/>
        <line num="28" count="149" type="stmt"/>
        <line num="29" count="149" type="stmt"/>
        <line num="30" count="149" type="stmt"/>
        <line num="32" count="149" type="stmt"/>
        <line num="64" count="149" type="stmt"/>
      </file>
      <file name="appSettings.splitter.ts" path="/home/travis/build/MaibornWolff/codecharta/visualization/app/codeCharta/state/store/appSettings/appSettings.splitter.ts">
        <metrics statements="86" coveredstatements="86" conditionals="56" coveredconditionals="56" methods="1" coveredmethods="1"/>
        <line num="5" count="150" type="stmt"/>
        <line num="6" count="150" type="stmt"/>
        <line num="7" count="150" type="stmt"/>
        <line num="8" count="150" type="stmt"/>
        <line num="9" count="150" type="stmt"/>
        <line num="10" count="150" type="stmt"/>
        <line num="11" count="150" type="stmt"/>
        <line num="12" count="150" type="stmt"/>
        <line num="13" count="150" type="stmt"/>
        <line num="14" count="150" type="stmt"/>
        <line num="15" count="150" type="stmt"/>
        <line num="16" count="150" type="stmt"/>
        <line num="17" count="150" type="stmt"/>
        <line num="18" count="150" type="stmt"/>
        <line num="19" count="150" type="stmt"/>
        <line num="20" count="150" type="stmt"/>
        <line num="21" count="150" type="stmt"/>
        <line num="22" count="150" type="stmt"/>
        <line num="23" count="150" type="stmt"/>
        <line num="24" count="150" type="stmt"/>
        <line num="25" count="150" type="stmt"/>
        <line num="26" count="150" type="stmt"/>
        <line num="27" count="150" type="stmt"/>
        <line num="28" count="150" type="stmt"/>
        <line num="29" count="150" type="stmt"/>
        <line num="30" count="150" type="stmt"/>
        <line num="31" count="150" type="stmt"/>
        <line num="32" count="150" type="stmt"/>
        <line num="35" count="37" type="stmt"/>
        <line num="38" count="37" type="cond" truecount="2" falsecount="0"/>
        <line num="39" count="31" type="stmt"/>
        <line num="42" count="37" type="cond" truecount="2" falsecount="0"/>
        <line num="43" count="31" type="stmt"/>
        <line num="46" count="37" type="cond" truecount="2" falsecount="0"/>
        <line num="47" count="31" type="stmt"/>
        <line num="50" count="37" type="cond" truecount="2" falsecount="0"/>
        <line num="51" count="31" type="stmt"/>
        <line num="54" count="37" type="cond" truecount="2" falsecount="0"/>
        <line num="55" count="31" type="stmt"/>
        <line num="58" count="37" type="cond" truecount="2" falsecount="0"/>
        <line num="59" count="31" type="stmt"/>
        <line num="62" count="37" type="cond" truecount="2" falsecount="0"/>
        <line num="63" count="31" type="stmt"/>
        <line num="66" count="37" type="cond" truecount="2" falsecount="0"/>
        <line num="67" count="31" type="stmt"/>
        <line num="70" count="37" type="cond" truecount="2" falsecount="0"/>
        <line num="71" count="31" type="stmt"/>
        <line num="74" count="37" type="cond" truecount="2" falsecount="0"/>
        <line num="75" count="31" type="stmt"/>
        <line num="78" count="37" type="cond" truecount="2" falsecount="0"/>
        <line num="79" count="31" type="stmt"/>
        <line num="82" count="37" type="cond" truecount="2" falsecount="0"/>
        <line num="83" count="31" type="stmt"/>
        <line num="86" count="37" type="cond" truecount="2" falsecount="0"/>
        <line num="87" count="31" type="stmt"/>
        <line num="90" count="37" type="cond" truecount="2" falsecount="0"/>
        <line num="91" count="31" type="stmt"/>
        <line num="94" count="37" type="cond" truecount="2" falsecount="0"/>
        <line num="95" count="31" type="stmt"/>
        <line num="98" count="37" type="cond" truecount="2" falsecount="0"/>
        <line num="99" count="31" type="stmt"/>
        <line num="102" count="37" type="cond" truecount="2" falsecount="0"/>
        <line num="103" count="31" type="stmt"/>
        <line num="106" count="37" type="cond" truecount="2" falsecount="0"/>
        <line num="107" count="33" type="stmt"/>
        <line num="110" count="37" type="cond" truecount="2" falsecount="0"/>
        <line num="111" count="33" type="stmt"/>
        <line num="114" count="37" type="cond" truecount="2" falsecount="0"/>
        <line num="115" count="32" type="stmt"/>
        <line num="118" count="37" type="cond" truecount="2" falsecount="0"/>
        <line num="119" count="33" type="stmt"/>
        <line num="122" count="37" type="cond" truecount="2" falsecount="0"/>
        <line num="123" count="32" type="stmt"/>
        <line num="126" count="37" type="cond" truecount="2" falsecount="0"/>
        <line num="127" count="31" type="stmt"/>
        <line num="130" count="37" type="cond" truecount="2" falsecount="0"/>
        <line num="131" count="31" type="stmt"/>
        <line num="134" count="37" type="cond" truecount="2" falsecount="0"/>
        <line num="135" count="31" type="stmt"/>
        <line num="138" count="37" type="cond" truecount="2" falsecount="0"/>
        <line num="139" count="31" type="stmt"/>
        <line num="142" count="37" type="cond" truecount="2" falsecount="0"/>
        <line num="143" count="31" type="stmt"/>
        <line num="146" count="37" type="cond" truecount="2" falsecount="0"/>
        <line num="147" count="31" type="stmt"/>
        <line num="150" count="37" type="stmt"/>
      </file>
    </package>
    <package name="app.codeCharta.state.store.appSettings.amountOfEdgePreviews">
      <metrics statements="22" coveredstatements="21" conditionals="8" coveredconditionals="8" methods="10" coveredmethods="9"/>
      <file name="amountOfEdgePreviews.actions.ts" path="/home/travis/build/MaibornWolff/codecharta/visualization/app/codeCharta/state/store/appSettings/amountOfEdgePreviews/amountOfEdgePreviews.actions.ts">
        <metrics statements="4" coveredstatements="4" conditionals="3" coveredconditionals="3" methods="2" coveredmethods="2"/>
        <line num="3" count="151" type="cond" truecount="2" falsecount="0"/>
        <line num="4" count="151" type="stmt"/>
        <line num="15" count="1516" type="stmt"/>
        <line num="21" count="151" type="stmt"/>
      </file>
      <file name="amountOfEdgePreviews.reducer.ts" path="/home/travis/build/MaibornWolff/codecharta/visualization/app/codeCharta/state/store/appSettings/amountOfEdgePreviews/amountOfEdgePreviews.reducer.ts">
        <metrics statements="4" coveredstatements="4" conditionals="3" coveredconditionals="3" methods="1" coveredmethods="1"/>
        <line num="1" count="150" type="stmt"/>
        <line num="4" count="4517" type="stmt"/>
        <line num="6" count="39" type="stmt"/>
        <line num="8" count="4478" type="stmt"/>
      </file>
      <file name="amountOfEdgePreviews.service.ts" path="/home/travis/build/MaibornWolff/codecharta/visualization/app/codeCharta/state/store/appSettings/amountOfEdgePreviews/amountOfEdgePreviews.service.ts">
        <metrics statements="12" coveredstatements="11" conditionals="2" coveredconditionals="2" methods="6" coveredmethods="5"/>
        <line num="1" count="114" type="stmt"/>
        <line num="3" count="114" type="stmt"/>
        <line num="4" count="114" type="stmt"/>
        <line num="11" count="114" type="stmt"/>
        <line num="13" count="12" type="stmt"/>
        <line num="14" count="12" type="stmt"/>
        <line num="18" count="304" type="cond" truecount="2" falsecount="0"/>
        <line num="19" count="11" type="stmt"/>
        <line num="24" count="11" type="stmt"/>
        <line num="28" count="11" type="stmt"/>
        <line num="34" count="1" type="stmt"/>
        <line num="35" count="0" type="stmt"/>
      </file>
      <file name="amountOfEdgePreviews.splitter.ts" path="/home/travis/build/MaibornWolff/codecharta/visualization/app/codeCharta/state/store/appSettings/amountOfEdgePreviews/amountOfEdgePreviews.splitter.ts">
        <metrics statements="2" coveredstatements="2" conditionals="0" coveredconditionals="0" methods="1" coveredmethods="1"/>
        <line num="1" count="150" type="stmt"/>
        <line num="4" count="31" type="stmt"/>
      </file>
    </package>
    <package name="app.codeCharta.state.store.appSettings.amountOfTopLabels">
      <metrics statements="22" coveredstatements="21" conditionals="8" coveredconditionals="8" methods="10" coveredmethods="9"/>
      <file name="amountOfTopLabels.actions.ts" path="/home/travis/build/MaibornWolff/codecharta/visualization/app/codeCharta/state/store/appSettings/amountOfTopLabels/amountOfTopLabels.actions.ts">
        <metrics statements="4" coveredstatements="4" conditionals="3" coveredconditionals="3" methods="2" coveredmethods="2"/>
        <line num="3" count="151" type="cond" truecount="2" falsecount="0"/>
        <line num="4" count="151" type="stmt"/>
        <line num="15" count="1525" type="stmt"/>
        <line num="21" count="151" type="stmt"/>
      </file>
      <file name="amountOfTopLabels.reducer.ts" path="/home/travis/build/MaibornWolff/codecharta/visualization/app/codeCharta/state/store/appSettings/amountOfTopLabels/amountOfTopLabels.reducer.ts">
        <metrics statements="4" coveredstatements="4" conditionals="3" coveredconditionals="3" methods="1" coveredmethods="1"/>
        <line num="1" count="150" type="stmt"/>
        <line num="4" count="4517" type="stmt"/>
        <line num="6" count="48" type="stmt"/>
        <line num="8" count="4469" type="stmt"/>
      </file>
      <file name="amountOfTopLabels.service.ts" path="/home/travis/build/MaibornWolff/codecharta/visualization/app/codeCharta/state/store/appSettings/amountOfTopLabels/amountOfTopLabels.service.ts">
        <metrics statements="12" coveredstatements="11" conditionals="2" coveredconditionals="2" methods="6" coveredmethods="5"/>
        <line num="1" count="114" type="stmt"/>
        <line num="3" count="114" type="stmt"/>
        <line num="4" count="114" type="stmt"/>
        <line num="11" count="114" type="stmt"/>
        <line num="13" count="12" type="stmt"/>
        <line num="14" count="12" type="stmt"/>
        <line num="18" count="304" type="cond" truecount="2" falsecount="0"/>
        <line num="19" count="11" type="stmt"/>
        <line num="24" count="11" type="stmt"/>
        <line num="28" count="11" type="stmt"/>
        <line num="34" count="1" type="stmt"/>
        <line num="35" count="0" type="stmt"/>
      </file>
      <file name="amountOfTopLabels.splitter.ts" path="/home/travis/build/MaibornWolff/codecharta/visualization/app/codeCharta/state/store/appSettings/amountOfTopLabels/amountOfTopLabels.splitter.ts">
        <metrics statements="2" coveredstatements="2" conditionals="0" coveredconditionals="0" methods="1" coveredmethods="1"/>
        <line num="1" count="150" type="stmt"/>
        <line num="4" count="31" type="stmt"/>
      </file>
    </package>
    <package name="app.codeCharta.state.store.appSettings.camera">
      <metrics statements="24" coveredstatements="24" conditionals="8" coveredconditionals="8" methods="10" coveredmethods="10"/>
      <file name="camera.actions.ts" path="/home/travis/build/MaibornWolff/codecharta/visualization/app/codeCharta/state/store/appSettings/camera/camera.actions.ts">
        <metrics statements="5" coveredstatements="5" conditionals="3" coveredconditionals="3" methods="2" coveredmethods="2"/>
        <line num="1" count="151" type="stmt"/>
        <line num="4" count="151" type="cond" truecount="2" falsecount="0"/>
        <line num="5" count="151" type="stmt"/>
        <line num="16" count="1519" type="stmt"/>
        <line num="22" count="151" type="stmt"/>
      </file>
      <file name="camera.reducer.ts" path="/home/travis/build/MaibornWolff/codecharta/visualization/app/codeCharta/state/store/appSettings/camera/camera.reducer.ts">
        <metrics statements="5" coveredstatements="5" conditionals="3" coveredconditionals="3" methods="1" coveredmethods="1"/>
        <line num="1" count="150" type="stmt"/>
        <line num="2" count="150" type="stmt"/>
        <line num="5" count="4517" type="stmt"/>
        <line num="7" count="40" type="stmt"/>
        <line num="9" count="4477" type="stmt"/>
      </file>
      <file name="camera.service.ts" path="/home/travis/build/MaibornWolff/codecharta/visualization/app/codeCharta/state/store/appSettings/camera/camera.service.ts">
        <metrics statements="12" coveredstatements="12" conditionals="2" coveredconditionals="2" methods="6" coveredmethods="6"/>
        <line num="1" count="114" type="stmt"/>
        <line num="3" count="114" type="stmt"/>
        <line num="5" count="114" type="stmt"/>
        <line num="12" count="114" type="stmt"/>
        <line num="14" count="10" type="stmt"/>
        <line num="15" count="10" type="stmt"/>
        <line num="19" count="302" type="cond" truecount="2" falsecount="0"/>
        <line num="20" count="10" type="stmt"/>
        <line num="25" count="10" type="stmt"/>
        <line num="30" count="10" type="stmt"/>
        <line num="34" count="283" type="stmt"/>
        <line num="35" count="10" type="stmt"/>
      </file>
      <file name="camera.splitter.ts" path="/home/travis/build/MaibornWolff/codecharta/visualization/app/codeCharta/state/store/appSettings/camera/camera.splitter.ts">
        <metrics statements="2" coveredstatements="2" conditionals="0" coveredconditionals="0" methods="1" coveredmethods="1"/>
        <line num="1" count="150" type="stmt"/>
        <line num="5" count="32" type="stmt"/>
      </file>
    </package>
    <package name="app.codeCharta.state.store.appSettings.cameraTarget">
      <metrics statements="24" coveredstatements="22" conditionals="8" coveredconditionals="8" methods="10" coveredmethods="8"/>
      <file name="cameraTarget.actions.ts" path="/home/travis/build/MaibornWolff/codecharta/visualization/app/codeCharta/state/store/appSettings/cameraTarget/cameraTarget.actions.ts">
        <metrics statements="5" coveredstatements="5" conditionals="3" coveredconditionals="3" methods="2" coveredmethods="2"/>
        <line num="1" count="151" type="stmt"/>
        <line num="4" count="151" type="cond" truecount="2" falsecount="0"/>
        <line num="5" count="151" type="stmt"/>
        <line num="16" count="1512" type="stmt"/>
        <line num="22" count="151" type="stmt"/>
      </file>
      <file name="cameraTarget.reducer.ts" path="/home/travis/build/MaibornWolff/codecharta/visualization/app/codeCharta/state/store/appSettings/cameraTarget/cameraTarget.reducer.ts">
        <metrics statements="5" coveredstatements="5" conditionals="3" coveredconditionals="3" methods="1" coveredmethods="1"/>
        <line num="1" count="150" type="stmt"/>
        <line num="2" count="150" type="stmt"/>
        <line num="5" count="4517" type="stmt"/>
        <line num="7" count="35" type="stmt"/>
        <line num="9" count="4482" type="stmt"/>
      </file>
      <file name="cameraTarget.service.ts" path="/home/travis/build/MaibornWolff/codecharta/visualization/app/codeCharta/state/store/appSettings/cameraTarget/cameraTarget.service.ts">
        <metrics statements="12" coveredstatements="10" conditionals="2" coveredconditionals="2" methods="6" coveredmethods="4"/>
        <line num="2" count="114" type="stmt"/>
        <line num="4" count="114" type="stmt"/>
        <line num="5" count="114" type="stmt"/>
        <line num="12" count="114" type="stmt"/>
        <line num="14" count="12" type="stmt"/>
        <line num="15" count="12" type="stmt"/>
        <line num="19" count="304" type="cond" truecount="2" falsecount="0"/>
        <line num="20" count="11" type="stmt"/>
        <line num="25" count="11" type="stmt"/>
        <line num="29" count="11" type="stmt"/>
        <line num="33" count="0" type="stmt"/>
        <line num="34" count="0" type="stmt"/>
      </file>
      <file name="cameraTarget.splitter.ts" path="/home/travis/build/MaibornWolff/codecharta/visualization/app/codeCharta/state/store/appSettings/cameraTarget/cameraTarget.splitter.ts">
        <metrics statements="2" coveredstatements="2" conditionals="0" coveredconditionals="0" methods="1" coveredmethods="1"/>
        <line num="2" count="150" type="stmt"/>
        <line num="5" count="31" type="stmt"/>
      </file>
    </package>
    <package name="app.codeCharta.state.store.appSettings.dynamicMargin">
      <metrics statements="22" coveredstatements="22" conditionals="8" coveredconditionals="8" methods="10" coveredmethods="10"/>
      <file name="dynamicMargin.actions.ts" path="/home/travis/build/MaibornWolff/codecharta/visualization/app/codeCharta/state/store/appSettings/dynamicMargin/dynamicMargin.actions.ts">
        <metrics statements="4" coveredstatements="4" conditionals="3" coveredconditionals="3" methods="2" coveredmethods="2"/>
        <line num="3" count="151" type="cond" truecount="2" falsecount="0"/>
        <line num="4" count="151" type="stmt"/>
        <line num="15" count="1520" type="stmt"/>
        <line num="21" count="151" type="stmt"/>
      </file>
      <file name="dynamicMargin.reducer.ts" path="/home/travis/build/MaibornWolff/codecharta/visualization/app/codeCharta/state/store/appSettings/dynamicMargin/dynamicMargin.reducer.ts">
        <metrics statements="4" coveredstatements="4" conditionals="3" coveredconditionals="3" methods="1" coveredmethods="1"/>
        <line num="1" count="150" type="stmt"/>
        <line num="4" count="4517" type="stmt"/>
        <line num="6" count="43" type="stmt"/>
        <line num="8" count="4474" type="stmt"/>
      </file>
      <file name="dynamicMargin.service.ts" path="/home/travis/build/MaibornWolff/codecharta/visualization/app/codeCharta/state/store/appSettings/dynamicMargin/dynamicMargin.service.ts">
        <metrics statements="12" coveredstatements="12" conditionals="2" coveredconditionals="2" methods="6" coveredmethods="6"/>
        <line num="1" count="114" type="stmt"/>
        <line num="3" count="114" type="stmt"/>
        <line num="4" count="114" type="stmt"/>
        <line num="11" count="114" type="stmt"/>
        <line num="13" count="12" type="stmt"/>
        <line num="14" count="12" type="stmt"/>
        <line num="18" count="304" type="cond" truecount="2" falsecount="0"/>
        <line num="19" count="11" type="stmt"/>
        <line num="24" count="11" type="stmt"/>
        <line num="28" count="11" type="stmt"/>
        <line num="32" count="14" type="stmt"/>
        <line num="33" count="10" type="stmt"/>
      </file>
      <file name="dynamicMargin.splitter.ts" path="/home/travis/build/MaibornWolff/codecharta/visualization/app/codeCharta/state/store/appSettings/dynamicMargin/dynamicMargin.splitter.ts">
        <metrics statements="2" coveredstatements="2" conditionals="0" coveredconditionals="0" methods="1" coveredmethods="1"/>
        <line num="1" count="150" type="stmt"/>
        <line num="4" count="31" type="stmt"/>
      </file>
    </package>
    <package name="app.codeCharta.state.store.appSettings.edgeHeight">
      <metrics statements="22" coveredstatements="21" conditionals="8" coveredconditionals="8" methods="10" coveredmethods="9"/>
      <file name="edgeHeight.actions.ts" path="/home/travis/build/MaibornWolff/codecharta/visualization/app/codeCharta/state/store/appSettings/edgeHeight/edgeHeight.actions.ts">
        <metrics statements="4" coveredstatements="4" conditionals="3" coveredconditionals="3" methods="2" coveredmethods="2"/>
        <line num="3" count="151" type="cond" truecount="2" falsecount="0"/>
        <line num="4" count="151" type="stmt"/>
        <line num="15" count="1513" type="stmt"/>
        <line num="21" count="151" type="stmt"/>
      </file>
      <file name="edgeHeight.reducer.ts" path="/home/travis/build/MaibornWolff/codecharta/visualization/app/codeCharta/state/store/appSettings/edgeHeight/edgeHeight.reducer.ts">
        <metrics statements="4" coveredstatements="4" conditionals="3" coveredconditionals="3" methods="1" coveredmethods="1"/>
        <line num="1" count="150" type="stmt"/>
        <line num="4" count="4517" type="stmt"/>
        <line num="6" count="35" type="stmt"/>
        <line num="8" count="4482" type="stmt"/>
      </file>
      <file name="edgeHeight.service.ts" path="/home/travis/build/MaibornWolff/codecharta/visualization/app/codeCharta/state/store/appSettings/edgeHeight/edgeHeight.service.ts">
        <metrics statements="12" coveredstatements="11" conditionals="2" coveredconditionals="2" methods="6" coveredmethods="5"/>
        <line num="1" count="114" type="stmt"/>
        <line num="3" count="114" type="stmt"/>
        <line num="4" count="114" type="stmt"/>
        <line num="11" count="114" type="stmt"/>
        <line num="13" count="12" type="stmt"/>
        <line num="14" count="12" type="stmt"/>
        <line num="18" count="304" type="cond" truecount="2" falsecount="0"/>
        <line num="19" count="11" type="stmt"/>
        <line num="24" count="11" type="stmt"/>
        <line num="28" count="11" type="stmt"/>
        <line num="32" count="3" type="stmt"/>
        <line num="33" count="0" type="stmt"/>
      </file>
      <file name="edgeHeight.splitter.ts" path="/home/travis/build/MaibornWolff/codecharta/visualization/app/codeCharta/state/store/appSettings/edgeHeight/edgeHeight.splitter.ts">
        <metrics statements="2" coveredstatements="2" conditionals="0" coveredconditionals="0" methods="1" coveredmethods="1"/>
        <line num="1" count="150" type="stmt"/>
        <line num="4" count="32" type="stmt"/>
      </file>
    </package>
    <package name="app.codeCharta.state.store.appSettings.enableExperimentalFeatures">
      <metrics statements="22" coveredstatements="21" conditionals="8" coveredconditionals="8" methods="10" coveredmethods="9"/>
      <file name="experimentalFeaturesEnabled.actions.ts" path="/home/travis/build/MaibornWolff/codecharta/visualization/app/codeCharta/state/store/appSettings/enableExperimentalFeatures/experimentalFeaturesEnabled.actions.ts">
        <metrics statements="4" coveredstatements="4" conditionals="3" coveredconditionals="3" methods="2" coveredmethods="2"/>
        <line num="3" count="151" type="cond" truecount="2" falsecount="0"/>
        <line num="4" count="151" type="stmt"/>
        <line num="17" count="1513" type="stmt"/>
        <line num="23" count="151" type="stmt"/>
      </file>
      <file name="experimentalFeaturesEnabled.reducer.ts" path="/home/travis/build/MaibornWolff/codecharta/visualization/app/codeCharta/state/store/appSettings/enableExperimentalFeatures/experimentalFeaturesEnabled.reducer.ts">
        <metrics statements="4" coveredstatements="4" conditionals="3" coveredconditionals="3" methods="1" coveredmethods="1"/>
        <line num="1" count="150" type="stmt"/>
        <line num="8" count="4517" type="stmt"/>
        <line num="10" count="36" type="stmt"/>
        <line num="12" count="4481" type="stmt"/>
      </file>
      <file name="experimentalFeaturesEnabled.service.ts" path="/home/travis/build/MaibornWolff/codecharta/visualization/app/codeCharta/state/store/appSettings/enableExperimentalFeatures/experimentalFeaturesEnabled.service.ts">
        <metrics statements="12" coveredstatements="11" conditionals="2" coveredconditionals="2" methods="6" coveredmethods="5"/>
        <line num="1" count="114" type="stmt"/>
        <line num="3" count="114" type="stmt"/>
        <line num="4" count="114" type="stmt"/>
        <line num="11" count="114" type="stmt"/>
        <line num="13" count="12" type="stmt"/>
        <line num="14" count="12" type="stmt"/>
        <line num="18" count="304" type="cond" truecount="2" falsecount="0"/>
        <line num="19" count="11" type="stmt"/>
        <line num="24" count="11" type="stmt"/>
        <line num="28" count="11" type="stmt"/>
        <line num="34" count="12" type="stmt"/>
        <line num="35" count="0" type="stmt"/>
      </file>
      <file name="experimentalFeaturesEnabled.splitter.ts" path="/home/travis/build/MaibornWolff/codecharta/visualization/app/codeCharta/state/store/appSettings/enableExperimentalFeatures/experimentalFeaturesEnabled.splitter.ts">
        <metrics statements="2" coveredstatements="2" conditionals="0" coveredconditionals="0" methods="1" coveredmethods="1"/>
        <line num="1" count="150" type="stmt"/>
        <line num="4" count="31" type="stmt"/>
      </file>
    </package>
    <package name="app.codeCharta.state.store.appSettings.hideFlatBuildings">
      <metrics statements="22" coveredstatements="21" conditionals="8" coveredconditionals="8" methods="10" coveredmethods="9"/>
      <file name="hideFlatBuildings.actions.ts" path="/home/travis/build/MaibornWolff/codecharta/visualization/app/codeCharta/state/store/appSettings/hideFlatBuildings/hideFlatBuildings.actions.ts">
        <metrics statements="4" coveredstatements="4" conditionals="3" coveredconditionals="3" methods="2" coveredmethods="2"/>
        <line num="3" count="151" type="cond" truecount="2" falsecount="0"/>
        <line num="4" count="151" type="stmt"/>
        <line num="15" count="1515" type="stmt"/>
        <line num="21" count="151" type="stmt"/>
      </file>
      <file name="hideFlatBuildings.reducer.ts" path="/home/travis/build/MaibornWolff/codecharta/visualization/app/codeCharta/state/store/appSettings/hideFlatBuildings/hideFlatBuildings.reducer.ts">
        <metrics statements="4" coveredstatements="4" conditionals="3" coveredconditionals="3" methods="1" coveredmethods="1"/>
        <line num="1" count="150" type="stmt"/>
        <line num="4" count="4517" type="stmt"/>
        <line num="6" count="38" type="stmt"/>
        <line num="8" count="4479" type="stmt"/>
      </file>
      <file name="hideFlatBuildings.service.ts" path="/home/travis/build/MaibornWolff/codecharta/visualization/app/codeCharta/state/store/appSettings/hideFlatBuildings/hideFlatBuildings.service.ts">
        <metrics statements="12" coveredstatements="11" conditionals="2" coveredconditionals="2" methods="6" coveredmethods="5"/>
        <line num="1" count="114" type="stmt"/>
        <line num="3" count="114" type="stmt"/>
        <line num="4" count="114" type="stmt"/>
        <line num="11" count="114" type="stmt"/>
        <line num="13" count="12" type="stmt"/>
        <line num="14" count="12" type="stmt"/>
        <line num="18" count="304" type="cond" truecount="2" falsecount="0"/>
        <line num="19" count="11" type="stmt"/>
        <line num="24" count="11" type="stmt"/>
        <line num="28" count="11" type="stmt"/>
        <line num="34" count="1" type="stmt"/>
        <line num="35" count="0" type="stmt"/>
      </file>
      <file name="hideFlatBuildings.splitter.ts" path="/home/travis/build/MaibornWolff/codecharta/visualization/app/codeCharta/state/store/appSettings/hideFlatBuildings/hideFlatBuildings.splitter.ts">
        <metrics statements="2" coveredstatements="2" conditionals="0" coveredconditionals="0" methods="1" coveredmethods="1"/>
        <line num="1" count="150" type="stmt"/>
        <line num="4" count="33" type="stmt"/>
      </file>
    </package>
    <package name="app.codeCharta.state.store.appSettings.invertColorRange">
      <metrics statements="22" coveredstatements="21" conditionals="8" coveredconditionals="8" methods="10" coveredmethods="9"/>
      <file name="invertColorRange.actions.ts" path="/home/travis/build/MaibornWolff/codecharta/visualization/app/codeCharta/state/store/appSettings/invertColorRange/invertColorRange.actions.ts">
        <metrics statements="4" coveredstatements="4" conditionals="3" coveredconditionals="3" methods="2" coveredmethods="2"/>
        <line num="3" count="151" type="cond" truecount="2" falsecount="0"/>
        <line num="4" count="151" type="stmt"/>
        <line num="15" count="1516" type="stmt"/>
        <line num="21" count="151" type="stmt"/>
      </file>
      <file name="invertColorRange.reducer.ts" path="/home/travis/build/MaibornWolff/codecharta/visualization/app/codeCharta/state/store/appSettings/invertColorRange/invertColorRange.reducer.ts">
        <metrics statements="4" coveredstatements="4" conditionals="3" coveredconditionals="3" methods="1" coveredmethods="1"/>
        <line num="1" count="150" type="stmt"/>
        <line num="4" count="4517" type="stmt"/>
        <line num="6" count="39" type="stmt"/>
        <line num="8" count="4478" type="stmt"/>
      </file>
      <file name="invertColorRange.service.ts" path="/home/travis/build/MaibornWolff/codecharta/visualization/app/codeCharta/state/store/appSettings/invertColorRange/invertColorRange.service.ts">
        <metrics statements="12" coveredstatements="11" conditionals="2" coveredconditionals="2" methods="6" coveredmethods="5"/>
        <line num="1" count="114" type="stmt"/>
        <line num="3" count="114" type="stmt"/>
        <line num="4" count="114" type="stmt"/>
        <line num="11" count="114" type="stmt"/>
        <line num="13" count="12" type="stmt"/>
        <line num="14" count="12" type="stmt"/>
        <line num="18" count="304" type="cond" truecount="2" falsecount="0"/>
        <line num="19" count="11" type="stmt"/>
        <line num="24" count="11" type="stmt"/>
        <line num="28" count="11" type="stmt"/>
        <line num="34" count="15" type="stmt"/>
        <line num="35" count="0" type="stmt"/>
      </file>
      <file name="invertColorRange.splitter.ts" path="/home/travis/build/MaibornWolff/codecharta/visualization/app/codeCharta/state/store/appSettings/invertColorRange/invertColorRange.splitter.ts">
        <metrics statements="2" coveredstatements="2" conditionals="0" coveredconditionals="0" methods="1" coveredmethods="1"/>
        <line num="1" count="150" type="stmt"/>
        <line num="4" count="33" type="stmt"/>
      </file>
    </package>
    <package name="app.codeCharta.state.store.appSettings.invertDeltaColors">
      <metrics statements="22" coveredstatements="21" conditionals="8" coveredconditionals="8" methods="10" coveredmethods="9"/>
      <file name="invertDeltaColors.actions.ts" path="/home/travis/build/MaibornWolff/codecharta/visualization/app/codeCharta/state/store/appSettings/invertDeltaColors/invertDeltaColors.actions.ts">
        <metrics statements="4" coveredstatements="4" conditionals="3" coveredconditionals="3" methods="2" coveredmethods="2"/>
        <line num="3" count="151" type="cond" truecount="2" falsecount="0"/>
        <line num="4" count="151" type="stmt"/>
        <line num="15" count="1520" type="stmt"/>
        <line num="21" count="151" type="stmt"/>
      </file>
      <file name="invertDeltaColors.reducer.ts" path="/home/travis/build/MaibornWolff/codecharta/visualization/app/codeCharta/state/store/appSettings/invertDeltaColors/invertDeltaColors.reducer.ts">
        <metrics statements="4" coveredstatements="4" conditionals="3" coveredconditionals="3" methods="1" coveredmethods="1"/>
        <line num="1" count="150" type="stmt"/>
        <line num="4" count="4517" type="stmt"/>
        <line num="6" count="43" type="stmt"/>
        <line num="8" count="4474" type="stmt"/>
      </file>
      <file name="invertDeltaColors.service.ts" path="/home/travis/build/MaibornWolff/codecharta/visualization/app/codeCharta/state/store/appSettings/invertDeltaColors/invertDeltaColors.service.ts">
        <metrics statements="12" coveredstatements="11" conditionals="2" coveredconditionals="2" methods="6" coveredmethods="5"/>
        <line num="1" count="114" type="stmt"/>
        <line num="3" count="114" type="stmt"/>
        <line num="4" count="114" type="stmt"/>
        <line num="11" count="114" type="stmt"/>
        <line num="13" count="12" type="stmt"/>
        <line num="14" count="12" type="stmt"/>
        <line num="18" count="304" type="cond" truecount="2" falsecount="0"/>
        <line num="19" count="11" type="stmt"/>
        <line num="24" count="11" type="stmt"/>
        <line num="28" count="11" type="stmt"/>
        <line num="34" count="19" type="stmt"/>
        <line num="35" count="0" type="stmt"/>
      </file>
      <file name="invertDeltaColors.splitter.ts" path="/home/travis/build/MaibornWolff/codecharta/visualization/app/codeCharta/state/store/appSettings/invertDeltaColors/invertDeltaColors.splitter.ts">
        <metrics statements="2" coveredstatements="2" conditionals="0" coveredconditionals="0" methods="1" coveredmethods="1"/>
        <line num="1" count="150" type="stmt"/>
        <line num="4" count="31" type="stmt"/>
      </file>
    </package>
    <package name="app.codeCharta.state.store.appSettings.invertHeight">
      <metrics statements="22" coveredstatements="21" conditionals="8" coveredconditionals="8" methods="10" coveredmethods="9"/>
      <file name="invertHeight.actions.ts" path="/home/travis/build/MaibornWolff/codecharta/visualization/app/codeCharta/state/store/appSettings/invertHeight/invertHeight.actions.ts">
        <metrics statements="4" coveredstatements="4" conditionals="3" coveredconditionals="3" methods="2" coveredmethods="2"/>
        <line num="3" count="151" type="cond" truecount="2" falsecount="0"/>
        <line num="4" count="151" type="stmt"/>
        <line num="15" count="1512" type="stmt"/>
        <line num="21" count="151" type="stmt"/>
      </file>
      <file name="invertHeight.reducer.ts" path="/home/travis/build/MaibornWolff/codecharta/visualization/app/codeCharta/state/store/appSettings/invertHeight/invertHeight.reducer.ts">
        <metrics statements="4" coveredstatements="4" conditionals="3" coveredconditionals="3" methods="1" coveredmethods="1"/>
        <line num="1" count="150" type="stmt"/>
        <line num="4" count="4517" type="stmt"/>
        <line num="6" count="35" type="stmt"/>
        <line num="8" count="4482" type="stmt"/>
      </file>
      <file name="invertHeight.service.ts" path="/home/travis/build/MaibornWolff/codecharta/visualization/app/codeCharta/state/store/appSettings/invertHeight/invertHeight.service.ts">
        <metrics statements="12" coveredstatements="11" conditionals="2" coveredconditionals="2" methods="6" coveredmethods="5"/>
        <line num="1" count="114" type="stmt"/>
        <line num="3" count="114" type="stmt"/>
        <line num="4" count="114" type="stmt"/>
        <line num="11" count="114" type="stmt"/>
        <line num="13" count="12" type="stmt"/>
        <line num="14" count="12" type="stmt"/>
        <line num="18" count="304" type="cond" truecount="2" falsecount="0"/>
        <line num="19" count="11" type="stmt"/>
        <line num="24" count="11" type="stmt"/>
        <line num="28" count="11" type="stmt"/>
        <line num="32" count="5" type="stmt"/>
        <line num="33" count="0" type="stmt"/>
      </file>
      <file name="invertHeight.splitter.ts" path="/home/travis/build/MaibornWolff/codecharta/visualization/app/codeCharta/state/store/appSettings/invertHeight/invertHeight.splitter.ts">
        <metrics statements="2" coveredstatements="2" conditionals="0" coveredconditionals="0" methods="1" coveredmethods="1"/>
        <line num="1" count="150" type="stmt"/>
        <line num="4" count="31" type="stmt"/>
      </file>
    </package>
    <package name="app.codeCharta.state.store.appSettings.isAttributeSideBarVisible">
      <metrics statements="33" coveredstatements="32" conditionals="10" coveredconditionals="10" methods="14" coveredmethods="13"/>
      <file name="isAttributeSideBarVisible.actions.ts" path="/home/travis/build/MaibornWolff/codecharta/visualization/app/codeCharta/state/store/appSettings/isAttributeSideBarVisible/isAttributeSideBarVisible.actions.ts">
        <metrics statements="8" coveredstatements="8" conditionals="3" coveredconditionals="3" methods="4" coveredmethods="4"/>
        <line num="3" count="151" type="cond" truecount="2" falsecount="0"/>
        <line num="4" count="151" type="stmt"/>
        <line num="5" count="151" type="stmt"/>
        <line num="6" count="151" type="stmt"/>
        <line num="27" count="1511" type="stmt"/>
        <line num="34" count="4" type="stmt"/>
        <line num="40" count="4" type="stmt"/>
        <line num="45" count="151" type="stmt"/>
      </file>
      <file name="isAttributeSideBarVisible.reducer.ts" path="/home/travis/build/MaibornWolff/codecharta/visualization/app/codeCharta/state/store/appSettings/isAttributeSideBarVisible/isAttributeSideBarVisible.reducer.ts">
        <metrics statements="6" coveredstatements="6" conditionals="5" coveredconditionals="5" methods="1" coveredmethods="1"/>
        <line num="1" count="150" type="stmt"/>
        <line num="8" count="4519" type="stmt"/>
        <line num="10" count="4" type="stmt"/>
        <line num="12" count="4" type="stmt"/>
        <line num="14" count="34" type="stmt"/>
        <line num="16" count="4477" type="stmt"/>
      </file>
      <file name="isAttributeSideBarVisible.service.ts" path="/home/travis/build/MaibornWolff/codecharta/visualization/app/codeCharta/state/store/appSettings/isAttributeSideBarVisible/isAttributeSideBarVisible.service.ts">
        <metrics statements="17" coveredstatements="16" conditionals="2" coveredconditionals="2" methods="8" coveredmethods="7"/>
        <line num="1" count="114" type="stmt"/>
        <line num="3" count="114" type="stmt"/>
        <line num="4" count="114" type="stmt"/>
        <line num="5" count="114" type="stmt"/>
        <line num="17" count="114" type="stmt"/>
        <line num="19" count="18" type="stmt"/>
        <line num="20" count="18" type="stmt"/>
        <line num="21" count="18" type="stmt"/>
        <line num="22" count="18" type="stmt"/>
        <line num="26" count="1" type="stmt"/>
        <line num="30" count="1" type="stmt"/>
        <line num="34" count="304" type="cond" truecount="2" falsecount="0"/>
        <line num="35" count="11" type="stmt"/>
        <line num="40" count="11" type="stmt"/>
        <line num="44" count="11" type="stmt"/>
        <line num="50" count="25" type="stmt"/>
        <line num="51" count="0" type="stmt"/>
      </file>
      <file name="isAttributeSideBarVisible.splitter.ts" path="/home/travis/build/MaibornWolff/codecharta/visualization/app/codeCharta/state/store/appSettings/isAttributeSideBarVisible/isAttributeSideBarVisible.splitter.ts">
        <metrics statements="2" coveredstatements="2" conditionals="0" coveredconditionals="0" methods="1" coveredmethods="1"/>
        <line num="1" count="150" type="stmt"/>
        <line num="4" count="31" type="stmt"/>
      </file>
    </package>
    <package name="app.codeCharta.state.store.appSettings.isLoadingFile">
      <metrics statements="22" coveredstatements="21" conditionals="8" coveredconditionals="8" methods="10" coveredmethods="9"/>
      <file name="isLoadingFile.actions.ts" path="/home/travis/build/MaibornWolff/codecharta/visualization/app/codeCharta/state/store/appSettings/isLoadingFile/isLoadingFile.actions.ts">
        <metrics statements="4" coveredstatements="4" conditionals="3" coveredconditionals="3" methods="2" coveredmethods="2"/>
        <line num="3" count="152" type="cond" truecount="2" falsecount="0"/>
        <line num="4" count="152" type="stmt"/>
        <line num="15" count="1531" type="stmt"/>
        <line num="21" count="152" type="stmt"/>
      </file>
      <file name="isLoadingFile.reducer.ts" path="/home/travis/build/MaibornWolff/codecharta/visualization/app/codeCharta/state/store/appSettings/isLoadingFile/isLoadingFile.reducer.ts">
        <metrics statements="4" coveredstatements="4" conditionals="3" coveredconditionals="3" methods="1" coveredmethods="1"/>
        <line num="1" count="150" type="stmt"/>
        <line num="4" count="4517" type="stmt"/>
        <line num="6" count="54" type="stmt"/>
        <line num="8" count="4463" type="stmt"/>
      </file>
      <file name="isLoadingFile.service.ts" path="/home/travis/build/MaibornWolff/codecharta/visualization/app/codeCharta/state/store/appSettings/isLoadingFile/isLoadingFile.service.ts">
        <metrics statements="12" coveredstatements="11" conditionals="2" coveredconditionals="2" methods="6" coveredmethods="5"/>
        <line num="1" count="114" type="stmt"/>
        <line num="3" count="114" type="stmt"/>
        <line num="4" count="114" type="stmt"/>
        <line num="11" count="114" type="stmt"/>
        <line num="13" count="12" type="stmt"/>
        <line num="14" count="12" type="stmt"/>
        <line num="18" count="304" type="cond" truecount="2" falsecount="0"/>
        <line num="19" count="21" type="stmt"/>
        <line num="24" count="21" type="stmt"/>
        <line num="28" count="21" type="stmt"/>
        <line num="32" count="2" type="stmt"/>
        <line num="33" count="0" type="stmt"/>
      </file>
      <file name="isLoadingFile.splitter.ts" path="/home/travis/build/MaibornWolff/codecharta/visualization/app/codeCharta/state/store/appSettings/isLoadingFile/isLoadingFile.splitter.ts">
        <metrics statements="2" coveredstatements="2" conditionals="0" coveredconditionals="0" methods="1" coveredmethods="1"/>
        <line num="1" count="150" type="stmt"/>
        <line num="4" count="31" type="stmt"/>
      </file>
    </package>
    <package name="app.codeCharta.state.store.appSettings.isLoadingMap">
      <metrics statements="22" coveredstatements="21" conditionals="8" coveredconditionals="8" methods="10" coveredmethods="9"/>
      <file name="isLoadingMap.actions.ts" path="/home/travis/build/MaibornWolff/codecharta/visualization/app/codeCharta/state/store/appSettings/isLoadingMap/isLoadingMap.actions.ts">
        <metrics statements="4" coveredstatements="4" conditionals="3" coveredconditionals="3" methods="2" coveredmethods="2"/>
        <line num="3" count="151" type="cond" truecount="2" falsecount="0"/>
        <line num="4" count="151" type="stmt"/>
        <line num="15" count="2286" type="stmt"/>
        <line num="21" count="151" type="stmt"/>
      </file>
      <file name="isLoadingMap.reducer.ts" path="/home/travis/build/MaibornWolff/codecharta/visualization/app/codeCharta/state/store/appSettings/isLoadingMap/isLoadingMap.reducer.ts">
        <metrics statements="4" coveredstatements="4" conditionals="3" coveredconditionals="3" methods="1" coveredmethods="1"/>
        <line num="1" count="150" type="stmt"/>
        <line num="4" count="4517" type="stmt"/>
        <line num="6" count="809" type="stmt"/>
        <line num="8" count="3708" type="stmt"/>
      </file>
      <file name="isLoadingMap.service.ts" path="/home/travis/build/MaibornWolff/codecharta/visualization/app/codeCharta/state/store/appSettings/isLoadingMap/isLoadingMap.service.ts">
        <metrics statements="12" coveredstatements="11" conditionals="2" coveredconditionals="2" methods="6" coveredmethods="5"/>
        <line num="1" count="114" type="stmt"/>
        <line num="3" count="114" type="stmt"/>
        <line num="4" count="114" type="stmt"/>
        <line num="11" count="114" type="stmt"/>
        <line num="13" count="12" type="stmt"/>
        <line num="14" count="12" type="stmt"/>
        <line num="18" count="304" type="cond" truecount="2" falsecount="0"/>
        <line num="19" count="23" type="stmt"/>
        <line num="24" count="23" type="stmt"/>
        <line num="28" count="23" type="stmt"/>
        <line num="32" count="1" type="stmt"/>
        <line num="33" count="0" type="stmt"/>
      </file>
      <file name="isLoadingMap.splitter.ts" path="/home/travis/build/MaibornWolff/codecharta/visualization/app/codeCharta/state/store/appSettings/isLoadingMap/isLoadingMap.splitter.ts">
        <metrics statements="2" coveredstatements="2" conditionals="0" coveredconditionals="0" methods="1" coveredmethods="1"/>
        <line num="1" count="150" type="stmt"/>
        <line num="4" count="31" type="stmt"/>
      </file>
    </package>
    <package name="app.codeCharta.state.store.appSettings.isPresentationMode">
      <metrics statements="22" coveredstatements="21" conditionals="8" coveredconditionals="8" methods="10" coveredmethods="9"/>
      <file name="isPresentationMode.actions.ts" path="/home/travis/build/MaibornWolff/codecharta/visualization/app/codeCharta/state/store/appSettings/isPresentationMode/isPresentationMode.actions.ts">
        <metrics statements="4" coveredstatements="4" conditionals="3" coveredconditionals="3" methods="2" coveredmethods="2"/>
        <line num="3" count="151" type="cond" truecount="2" falsecount="0"/>
        <line num="4" count="151" type="stmt"/>
        <line num="15" count="1515" type="stmt"/>
        <line num="21" count="151" type="stmt"/>
      </file>
      <file name="isPresentationMode.reducer.ts" path="/home/travis/build/MaibornWolff/codecharta/visualization/app/codeCharta/state/store/appSettings/isPresentationMode/isPresentationMode.reducer.ts">
        <metrics statements="4" coveredstatements="4" conditionals="3" coveredconditionals="3" methods="1" coveredmethods="1"/>
        <line num="1" count="150" type="stmt"/>
        <line num="4" count="4517" type="stmt"/>
        <line num="6" count="38" type="stmt"/>
        <line num="8" count="4479" type="stmt"/>
      </file>
      <file name="isPresentationMode.service.ts" path="/home/travis/build/MaibornWolff/codecharta/visualization/app/codeCharta/state/store/appSettings/isPresentationMode/isPresentationMode.service.ts">
        <metrics statements="12" coveredstatements="11" conditionals="2" coveredconditionals="2" methods="6" coveredmethods="5"/>
        <line num="1" count="114" type="stmt"/>
        <line num="3" count="114" type="stmt"/>
        <line num="4" count="114" type="stmt"/>
        <line num="11" count="114" type="stmt"/>
        <line num="13" count="12" type="stmt"/>
        <line num="14" count="12" type="stmt"/>
        <line num="18" count="304" type="cond" truecount="2" falsecount="0"/>
        <line num="19" count="11" type="stmt"/>
        <line num="24" count="11" type="stmt"/>
        <line num="28" count="11" type="stmt"/>
        <line num="34" count="1" type="stmt"/>
        <line num="35" count="0" type="stmt"/>
      </file>
      <file name="isPresentationMode.splitter.ts" path="/home/travis/build/MaibornWolff/codecharta/visualization/app/codeCharta/state/store/appSettings/isPresentationMode/isPresentationMode.splitter.ts">
        <metrics statements="2" coveredstatements="2" conditionals="0" coveredconditionals="0" methods="1" coveredmethods="1"/>
        <line num="1" count="150" type="stmt"/>
        <line num="4" count="31" type="stmt"/>
      </file>
    </package>
    <package name="app.codeCharta.state.store.appSettings.isWhiteBackground">
      <metrics statements="22" coveredstatements="21" conditionals="8" coveredconditionals="8" methods="10" coveredmethods="9"/>
      <file name="isWhiteBackground.actions.ts" path="/home/travis/build/MaibornWolff/codecharta/visualization/app/codeCharta/state/store/appSettings/isWhiteBackground/isWhiteBackground.actions.ts">
        <metrics statements="4" coveredstatements="4" conditionals="3" coveredconditionals="3" methods="2" coveredmethods="2"/>
        <line num="3" count="151" type="cond" truecount="2" falsecount="0"/>
        <line num="4" count="151" type="stmt"/>
        <line num="15" count="1513" type="stmt"/>
        <line num="21" count="151" type="stmt"/>
      </file>
      <file name="isWhiteBackground.reducer.ts" path="/home/travis/build/MaibornWolff/codecharta/visualization/app/codeCharta/state/store/appSettings/isWhiteBackground/isWhiteBackground.reducer.ts">
        <metrics statements="4" coveredstatements="4" conditionals="3" coveredconditionals="3" methods="1" coveredmethods="1"/>
        <line num="1" count="150" type="stmt"/>
        <line num="4" count="4517" type="stmt"/>
        <line num="6" count="36" type="stmt"/>
        <line num="8" count="4481" type="stmt"/>
      </file>
      <file name="isWhiteBackground.service.ts" path="/home/travis/build/MaibornWolff/codecharta/visualization/app/codeCharta/state/store/appSettings/isWhiteBackground/isWhiteBackground.service.ts">
        <metrics statements="12" coveredstatements="11" conditionals="2" coveredconditionals="2" methods="6" coveredmethods="5"/>
        <line num="1" count="114" type="stmt"/>
        <line num="3" count="114" type="stmt"/>
[...]
        <line num="154" count="0" type="cond" truecount="0" falsecount="2"/>
        <line num="155" count="0" type="stmt"/>
        <line num="157" count="0" type="stmt"/>
        <line num="161" count="0" type="stmt"/>
        <line num="162" count="0" type="stmt"/>
        <line num="164" count="0" type="cond" truecount="0" falsecount="2"/>
        <line num="168" count="0" type="cond" truecount="0" falsecount="2"/>
        <line num="172" count="0" type="cond" truecount="0" falsecount="4"/>
        <line num="176" count="0" type="stmt"/>
        <line num="177" count="0" type="stmt"/>
        <line num="178" count="0" type="stmt"/>
        <line num="180" count="0" type="cond" truecount="0" falsecount="2"/>
        <line num="184" count="0" type="cond" truecount="0" falsecount="2"/>
        <line num="188" count="0" type="cond" truecount="0" falsecount="4"/>
      </file>
    </package>
    <package name="app.codeCharta.util.algorithm.streetLayout.strip">
      <metrics statements="80" coveredstatements="15" conditionals="20" coveredconditionals="4" methods="20" coveredmethods="2"/>
      <file name="horizontalStrip.ts" path="/home/travis/build/MaibornWolff/codecharta/visualization/app/codeCharta/util/algorithm/streetLayout/strip/horizontalStrip.ts">
        <metrics statements="29" coveredstatements="6" conditionals="9" coveredconditionals="2" methods="4" coveredmethods="1"/>
        <line num="1" count="114" type="stmt"/>
        <line num="2" count="114" type="stmt"/>
        <line num="3" count="114" type="stmt"/>
        <line num="6" count="114" type="cond" truecount="2" falsecount="0"/>
        <line num="7" count="114" type="stmt"/>
        <line num="8" count="114" type="stmt"/>
        <line num="13" count="0" type="stmt"/>
        <line num="24" count="0" type="stmt"/>
        <line num="26" count="0" type="cond" truecount="0" falsecount="2"/>
        <line num="27" count="0" type="stmt"/>
        <line num="29" count="0" type="stmt"/>
        <line num="30" count="0" type="stmt"/>
        <line num="31" count="0" type="stmt"/>
        <line num="32" count="0" type="stmt"/>
        <line num="34" count="0" type="stmt"/>
        <line num="35" count="0" type="stmt"/>
        <line num="36" count="0" type="cond" truecount="0" falsecount="2"/>
        <line num="37" count="0" type="stmt"/>
        <line num="38" count="0" type="stmt"/>
        <line num="44" count="0" type="stmt"/>
        <line num="46" count="0" type="stmt"/>
        <line num="50" count="0" type="stmt"/>
        <line num="51" count="0" type="stmt"/>
        <line num="52" count="0" type="stmt"/>
        <line num="53" count="0" type="stmt"/>
        <line num="54" count="0" type="stmt"/>
        <line num="55" count="0" type="stmt"/>
        <line num="56" count="0" type="stmt"/>
        <line num="58" count="0" type="stmt"/>
      </file>
      <file name="strip.ts" path="/home/travis/build/MaibornWolff/codecharta/visualization/app/codeCharta/util/algorithm/streetLayout/strip/strip.ts">
        <metrics statements="22" coveredstatements="3" conditionals="2" coveredconditionals="0" methods="12" coveredmethods="0"/>
        <line num="1" count="114" type="stmt"/>
        <line num="2" count="114" type="stmt"/>
        <line num="4" count="114" type="stmt"/>
        <line num="7" count="0" type="stmt"/>
        <line num="10" count="0" type="stmt"/>
        <line num="25" count="0" type="stmt"/>
        <line num="29" count="0" type="stmt"/>
        <line num="33" count="0" type="stmt"/>
        <line num="37" count="0" type="stmt"/>
        <line num="41" count="0" type="stmt"/>
        <line num="42" count="0" type="stmt"/>
        <line num="43" count="0" type="stmt"/>
        <line num="45" count="0" type="cond" truecount="0" falsecount="2"/>
        <line num="46" count="0" type="stmt"/>
        <line num="49" count="0" type="stmt"/>
        <line num="55" count="0" type="stmt"/>
        <line num="56" count="0" type="stmt"/>
        <line num="57" count="0" type="stmt"/>
        <line num="61" count="0" type="stmt"/>
        <line num="62" count="0" type="stmt"/>
        <line num="63" count="0" type="stmt"/>
        <line num="64" count="0" type="stmt"/>
      </file>
      <file name="verticalStrip.ts" path="/home/travis/build/MaibornWolff/codecharta/visualization/app/codeCharta/util/algorithm/streetLayout/strip/verticalStrip.ts">
        <metrics statements="29" coveredstatements="6" conditionals="9" coveredconditionals="2" methods="4" coveredmethods="1"/>
        <line num="1" count="114" type="stmt"/>
        <line num="2" count="114" type="stmt"/>
        <line num="3" count="114" type="stmt"/>
        <line num="6" count="114" type="cond" truecount="2" falsecount="0"/>
        <line num="7" count="114" type="stmt"/>
        <line num="8" count="114" type="stmt"/>
        <line num="13" count="0" type="stmt"/>
        <line num="24" count="0" type="stmt"/>
        <line num="26" count="0" type="cond" truecount="0" falsecount="2"/>
        <line num="27" count="0" type="stmt"/>
        <line num="28" count="0" type="stmt"/>
        <line num="29" count="0" type="stmt"/>
        <line num="30" count="0" type="stmt"/>
        <line num="31" count="0" type="stmt"/>
        <line num="33" count="0" type="stmt"/>
        <line num="34" count="0" type="stmt"/>
        <line num="35" count="0" type="cond" truecount="0" falsecount="2"/>
        <line num="36" count="0" type="stmt"/>
        <line num="37" count="0" type="stmt"/>
        <line num="43" count="0" type="stmt"/>
        <line num="45" count="0" type="stmt"/>
        <line num="49" count="0" type="stmt"/>
        <line num="50" count="0" type="stmt"/>
        <line num="51" count="0" type="stmt"/>
        <line num="52" count="0" type="stmt"/>
        <line num="53" count="0" type="stmt"/>
        <line num="55" count="0" type="stmt"/>
        <line num="56" count="0" type="stmt"/>
        <line num="58" count="0" type="stmt"/>
      </file>
    </package>
    <package name="app.codeCharta.util.algorithm.treeMapLayout">
      <metrics statements="168" coveredstatements="159" conditionals="125" coveredconditionals="110" methods="28" coveredmethods="27"/>
      <file name="treeMapGenerator.ts" path="/home/travis/build/MaibornWolff/codecharta/visualization/app/codeCharta/util/algorithm/treeMapLayout/treeMapGenerator.ts">
        <metrics statements="89" coveredstatements="86" conditionals="44" coveredconditionals="40" methods="13" coveredmethods="13"/>
        <line num="1" count="115" type="stmt"/>
        <line num="2" count="115" type="stmt"/>
        <line num="4" count="115" type="stmt"/>
        <line num="8" count="115" type="stmt"/>
        <line num="9" count="115" type="stmt"/>
        <line num="10" count="115" type="stmt"/>
        <line num="14" count="12" type="stmt"/>
        <line num="15" count="14" type="stmt"/>
        <line num="16" count="12" type="stmt"/>
        <line num="18" count="12" type="cond" truecount="2" falsecount="0"/>
        <line num="19" count="3" type="stmt"/>
        <line num="22" count="3" type="stmt"/>
        <line num="26" count="3" type="stmt"/>
        <line num="29" count="3" type="stmt"/>
        <line num="30" count="3" type="stmt"/>
        <line num="33" count="3" type="stmt"/>
        <line num="35" count="3" type="stmt"/>
        <line num="51" count="9" type="stmt"/>
        <line num="53" count="9" type="stmt"/>
        <line num="54" count="9" type="stmt"/>
        <line num="55" count="36" type="stmt"/>
        <line num="57" count="9" type="stmt"/>
        <line num="72" count="5" type="stmt"/>
        <line num="74" count="5" type="stmt"/>
        <line num="75" count="14" type="stmt"/>
        <line num="76" count="14" type="stmt"/>
        <line num="78" count="14" type="stmt"/>
        <line num="83" count="46" type="stmt"/>
        <line num="84" count="46" type="stmt"/>
        <line num="88" count="46" type="stmt"/>
        <line num="89" count="46" type="stmt"/>
        <line num="90" count="46" type="stmt"/>
        <line num="91" count="46" type="stmt"/>
        <line num="94" count="46" type="stmt"/>
        <line num="95" count="46" type="stmt"/>
        <line num="96" count="46" type="stmt"/>
        <line num="97" count="46" type="stmt"/>
        <line num="99" count="46" type="stmt"/>
        <line num="100" count="46" type="stmt"/>
        <line num="102" count="46" type="cond" truecount="2" falsecount="0"/>
        <line num="108" count="2" type="stmt"/>
        <line num="109" count="2" type="stmt"/>
        <line num="111" count="2" type="stmt"/>
        <line num="132" count="2" type="stmt"/>
        <line num="137" count="5" type="stmt"/>
        <line num="143" count="58" type="cond" truecount="4" falsecount="0"/>
        <line num="147" count="3" type="stmt"/>
        <line num="148" count="3" type="stmt"/>
        <line num="149" count="3" type="stmt"/>
        <line num="150" count="3" type="stmt"/>
        <line num="154" count="23" type="stmt"/>
        <line num="155" count="23" type="stmt"/>
        <line num="156" count="23" type="stmt"/>
        <line num="160" count="23" type="cond" truecount="2" falsecount="0"/>
        <line num="161" count="14" type="stmt"/>
        <line num="162" count="14" type="stmt"/>
        <line num="164" count="9" type="stmt"/>
        <line num="165" count="9" type="stmt"/>
        <line num="168" count="23" type="stmt"/>
        <line num="169" count="23" type="stmt"/>
        <line num="171" count="99" type="cond" truecount="2" falsecount="0"/>
        <line num="172" count="31" type="cond" truecount="2" falsecount="0"/>
        <line num="173" count="20" type="stmt"/>
        <line num="175" count="31" type="cond" truecount="4" falsecount="0"/>
        <line num="176" count="11" type="stmt"/>
        <line num="186" count="23" type="stmt"/>
        <line num="187" count="23" type="stmt"/>
        <line num="189" count="23" type="stmt"/>
        <line num="195" count="31" type="cond" truecount="2" falsecount="0"/>
        <line num="197" count="20" type="stmt"/>
        <line num="199" count="11" type="cond" truecount="3" falsecount="1"/>
        <line num="200" count="11" type="stmt"/>
        <line num="203" count="0" type="stmt"/>
        <line num="206" count="99" type="stmt"/>
        <line num="210" count="26" type="stmt"/>
        <line num="211" count="26" type="stmt"/>
        <line num="212" count="26" type="stmt"/>
        <line num="213" count="148" type="cond" truecount="3" falsecount="1"/>
        <line num="214" count="0" type="stmt"/>
        <line num="216" count="148" type="stmt"/>
        <line num="223" count="26" type="stmt"/>
        <line num="227" count="3" type="cond" truecount="2" falsecount="0"/>
        <line num="232" count="100" type="cond" truecount="1" falsecount="1"/>
        <line num="233" count="0" type="stmt"/>
        <line num="236" count="100" type="cond" truecount="4" falsecount="0"/>
        <line num="237" count="1" type="stmt"/>
        <line num="240" count="99" type="cond" truecount="7" falsecount="1"/>
        <line num="241" count="38" type="stmt"/>
        <line num="243" count="61" type="stmt"/>
      </file>
      <file name="treeMapHelper.ts" path="/home/travis/build/MaibornWolff/codecharta/visualization/app/codeCharta/util/algorithm/treeMapLayout/treeMapHelper.ts">
        <metrics statements="79" coveredstatements="73" conditionals="81" coveredconditionals="70" methods="15" coveredmethods="14"/>
        <line num="1" count="118" type="stmt"/>
        <line num="3" count="118" type="stmt"/>
        <line num="7" count="118" type="stmt"/>
        <line num="8" count="118" type="stmt"/>
        <line num="9" count="118" type="stmt"/>
        <line num="12" count="9" type="stmt"/>
        <line num="13" count="9" type="cond" truecount="2" falsecount="0"/>
        <line num="14" count="4" type="stmt"/>
        <line num="15" count="5" type="stmt"/>
        <line num="18" count="9" type="stmt"/>
        <line num="23" count="0" type="cond" truecount="0" falsecount="2"/>
        <line num="25" count="0" type="cond" truecount="0" falsecount="5"/>
        <line num="26" count="0" type="stmt"/>
        <line num="27" count="0" type="stmt"/>
        <line num="30" count="0" type="stmt"/>
        <line num="34" count="6" type="stmt"/>
        <line num="36" count="6" type="stmt"/>
        <line num="37" count="4" type="stmt"/>
        <line num="40" count="6" type="stmt"/>
        <line num="44" count="3" type="stmt"/>
        <line num="45" count="3" type="stmt"/>
        <line num="46" count="3" type="stmt"/>
        <line num="47" count="3" type="stmt"/>
        <line num="49" count="3" type="stmt"/>
        <line num="82" count="109" type="stmt"/>
        <line num="83" count="109" type="stmt"/>
        <line num="84" count="109" type="stmt"/>
        <line num="85" count="109" type="stmt"/>
        <line num="86" count="109" type="stmt"/>
        <line num="87" count="109" type="stmt"/>
        <line num="88" count="109" type="stmt"/>
        <line num="91" count="109" type="stmt"/>
        <line num="92" count="109" type="stmt"/>
        <line num="93" count="109" type="stmt"/>
        <line num="95" count="109" type="stmt"/>
        <line num="123" count="109" type="stmt"/>
        <line num="125" count="109" type="cond" truecount="2" falsecount="0"/>
        <line num="126" count="4" type="stmt"/>
        <line num="129" count="105" type="cond" truecount="2" falsecount="0"/>
        <line num="130" count="105" type="stmt"/>
        <line num="132" count="105" type="cond" truecount="2" falsecount="0"/>
        <line num="133" count="83" type="stmt"/>
        <line num="135" count="22" type="stmt"/>
        <line num="139" count="112" type="cond" truecount="6" falsecount="0"/>
        <line num="140" count="5" type="stmt"/>
        <line num="143" count="107" type="cond" truecount="2" falsecount="0"/>
        <line num="144" count="1" type="stmt"/>
        <line num="147" count="106" type="stmt"/>
        <line num="151" count="112" type="cond" truecount="2" falsecount="0"/>
        <line num="152" count="19" type="stmt"/>
        <line num="154" count="93" type="stmt"/>
        <line num="158" count="112" type="cond" truecount="2" falsecount="0"/>
        <line num="159" count="19" type="stmt"/>
        <line num="161" count="93" type="stmt"/>
        <line num="165" count="112" type="cond" truecount="2" falsecount="0"/>
        <line num="166" count="2" type="stmt"/>
        <line num="169" count="110" type="cond" truecount="7" falsecount="1"/>
        <line num="170" count="2" type="cond" truecount="2" falsecount="0"/>
        <line num="173" count="108" type="cond" truecount="4" falsecount="0"/>
        <line num="174" count="1" type="stmt"/>
        <line num="177" count="107" type="stmt"/>
        <line num="181" count="1" type="stmt"/>
        <line num="183" count="1" type="cond" truecount="2" falsecount="0"/>
        <line num="188" count="2" type="stmt"/>
        <line num="192" count="112" type="stmt"/>
        <line num="194" count="112" type="cond" truecount="1" falsecount="1"/>
        <line num="195" count="0" type="stmt"/>
        <line num="197" count="112" type="stmt"/>
        <line num="199" count="112" type="cond" truecount="2" falsecount="0"/>
        <line num="200" count="86" type="stmt"/>
        <line num="202" count="26" type="cond" truecount="2" falsecount="0"/>
        <line num="203" count="1" type="stmt"/>
        <line num="205" count="25" type="cond" truecount="2" falsecount="0"/>
        <line num="206" count="25" type="cond" truecount="2" falsecount="0"/>
        <line num="207" count="14" type="cond" truecount="2" falsecount="0"/>
        <line num="209" count="11" type="cond" truecount="2" falsecount="0"/>
        <line num="210" count="10" type="cond" truecount="2" falsecount="0"/>
        <line num="212" count="1" type="stmt"/>
        <line num="215" count="118" type="stmt"/>
      </file>
    </package>
    <package name="app.codeCharta.util.color">
      <metrics statements="63" coveredstatements="63" conditionals="7" coveredconditionals="7" methods="22" coveredmethods="22"/>
      <file name="colorConverter.ts" path="/home/travis/build/MaibornWolff/codecharta/visualization/app/codeCharta/util/color/colorConverter.ts">
        <metrics statements="56" coveredstatements="56" conditionals="7" coveredconditionals="7" methods="16" coveredmethods="16"/>
        <line num="1" count="146" type="stmt"/>
        <line num="2" count="146" type="stmt"/>
        <line num="3" count="146" type="stmt"/>
        <line num="6" count="146" type="stmt"/>
        <line num="7" count="146" type="stmt"/>
        <line num="10" count="1512" type="stmt"/>
        <line num="11" count="1512" type="cond" truecount="2" falsecount="0"/>
        <line num="12" count="20" type="stmt"/>
        <line num="13" count="20" type="stmt"/>
        <line num="16" count="1512" type="stmt"/>
        <line num="20" count="6" type="stmt"/>
        <line num="21" count="6" type="cond" truecount="2" falsecount="0"/>
        <line num="22" count="2" type="stmt"/>
        <line num="23" count="2" type="stmt"/>
        <line num="26" count="6" type="stmt"/>
        <line num="30" count="1101" type="stmt"/>
        <line num="34" count="2" type="stmt"/>
        <line num="35" count="2" type="stmt"/>
        <line num="36" count="2" type="stmt"/>
        <line num="40" count="229" type="stmt"/>
        <line num="41" count="229" type="stmt"/>
        <line num="45" count="60" type="stmt"/>
        <line num="46" count="60" type="stmt"/>
        <line num="50" count="150" type="stmt"/>
        <line num="57" count="26" type="stmt"/>
        <line num="58" count="26" type="stmt"/>
        <line num="62" count="21" type="stmt"/>
        <line num="63" count="21" type="stmt"/>
        <line num="67" count="1" type="stmt"/>
        <line num="68" count="1" type="stmt"/>
        <line num="69" count="1" type="stmt"/>
        <line num="71" count="1" type="stmt"/>
        <line num="75" count="30" type="stmt"/>
        <line num="76" count="30" type="stmt"/>
        <line num="77" count="30" type="stmt"/>
        <line num="78" count="30" type="stmt"/>
        <line num="80" count="30" type="stmt"/>
        <line num="81" count="150" type="stmt"/>
        <line num="82" count="150" type="stmt"/>
        <line num="83" count="150" type="stmt"/>
        <line num="85" count="30" type="stmt"/>
        <line num="89" count="35" type="stmt"/>
        <line num="90" count="35" type="stmt"/>
        <line num="91" count="35" type="stmt"/>
        <line num="96" count="324" type="stmt"/>
        <line num="97" count="324" type="cond" truecount="2" falsecount="0"/>
        <line num="100" count="2" type="stmt"/>
        <line num="102" count="324" type="stmt"/>
        <line num="110" count="35" type="stmt"/>
        <line num="114" count="70" type="stmt"/>
        <line num="115" count="70" type="stmt"/>
        <line num="116" count="70" type="stmt"/>
        <line num="117" count="70" type="stmt"/>
        <line num="118" count="70" type="stmt"/>
        <line num="119" count="70" type="stmt"/>
        <line num="123" count="35" type="stmt"/>
      </file>
      <file name="hsl.ts" path="/home/travis/build/MaibornWolff/codecharta/visualization/app/codeCharta/util/color/hsl.ts">
        <metrics statements="7" coveredstatements="7" conditionals="0" coveredconditionals="0" methods="6" coveredmethods="6"/>
        <line num="1" count="147" type="stmt"/>
        <line num="4" count="32" type="stmt"/>
        <line num="7" count="27" type="stmt"/>
        <line num="11" count="27" type="stmt"/>
        <line num="15" count="42" type="stmt"/>
        <line num="19" count="26" type="stmt"/>
        <line num="23" count="2" type="stmt"/>
      </file>
    </package>
  </project>
</coverage>
