TN:
SF:app/app.ts
FN:16,(anonymous_1)
FN:24,(anonymous_2)
FN:27,(anonymous_3)
FN:32,(anonymous_4)
FNF:4
FNH:0
FNDA:0,(anonymous_1)
FNDA:0,(anonymous_2)
FNDA:0,(anonymous_3)
FNDA:0,(anonymous_4)
DA:1,0
DA:2,0
DA:3,0
DA:4,0
DA:5,0
DA:6,0
DA:7,0
DA:8,0
DA:10,0
DA:12,0
DA:17,0
DA:18,0
DA:25,0
DA:28,0
DA:33,0
DA:34,0
LF:16
LH:0
BRF:0
BRH:0
end_of_record
TN:
SF:app/codeCharta/codeCharta.api.model.ts
FN:19,(anonymous_0)
FN:24,(anonymous_1)
FNF:2
FNH:2
FNDA:151,(anonymous_0)
FNDA:151,(anonymous_1)
DA:19,151
DA:20,151
DA:21,151
DA:24,151
DA:25,151
DA:26,151
DA:27,151
DA:28,151
LF:8
LH:8
BRDA:19,0,0,151
BRDA:19,0,1,151
BRDA:24,1,0,151
BRDA:24,1,1,151
BRF:4
BRH:4
end_of_record
TN:
SF:app/codeCharta/codeCharta.component.ts
FN:43,(anonymous_9)
FN:53,(anonymous_11)
FN:70,(anonymous_12)
FN:75,(anonymous_13)
FNF:4
FNH:4
FNDA:13,(anonymous_9)
FNDA:10,(anonymous_11)
FNDA:13,(anonymous_12)
FNDA:3,(anonymous_13)
DA:1,114
DA:3,114
DA:9,114
DA:10,114
DA:11,114
DA:12,114
DA:13,114
DA:14,114
DA:15,114
DA:19,10
DA:29,10
DA:30,10
DA:31,10
DA:32,10
DA:33,10
DA:35,10
DA:37,10
DA:38,10
DA:39,10
DA:40,10
DA:44,13
DA:45,13
DA:46,3
DA:47,3
DA:49,12
DA:54,10
DA:55,8
DA:56,8
DA:57,8
DA:58,8
DA:59,0
DA:60,0
DA:62,8
DA:64,10
DA:71,13
DA:72,13
DA:76,3
DA:77,3
DA:79,3
DA:80,0
DA:81,3
DA:82,0
DA:84,3
DA:89,114
LF:44
LH:40
BRDA:54,0,0,8
BRDA:54,0,1,2
BRDA:57,1,0,8
BRDA:57,1,1,0
BRDA:59,2,0,0
BRDA:59,2,1,0
BRDA:59,3,0,0
BRDA:59,3,1,0
BRDA:79,4,0,0
BRDA:79,4,1,3
BRDA:79,5,0,3
BRDA:79,5,1,0
BRDA:81,6,0,0
BRDA:81,6,1,3
BRF:14
BRH:6
end_of_record
TN:
SF:app/codeCharta/codeCharta.model.ts
FN:15,(anonymous_0)
FN:21,(anonymous_1)
FN:68,(anonymous_2)
FN:73,(anonymous_3)
FN:177,(anonymous_4)
FN:189,(anonymous_5)
FN:206,(anonymous_6)
FN:311,stateObjectReplacer
FN:327,stateObjectReviver
FN:347,(anonymous_9)
FNF:10
FNH:10
FNDA:159,(anonymous_0)
FNDA:159,(anonymous_1)
FNDA:159,(anonymous_2)
FNDA:159,(anonymous_3)
FNDA:159,(anonymous_4)
FNDA:159,(anonymous_5)
FNDA:159,(anonymous_6)
FNDA:222,stateObjectReplacer
FNDA:133,stateObjectReviver
FNDA:159,(anonymous_9)
DA:15,159
DA:16,159
DA:17,159
DA:18,159
DA:21,159
DA:22,159
DA:23,159
DA:24,159
DA:68,159
DA:69,159
DA:70,159
DA:73,159
DA:74,159
DA:75,159
DA:177,159
DA:178,159
DA:179,159
DA:189,159
DA:190,159
DA:191,159
DA:192,159
DA:193,159
DA:206,159
DA:207,159
DA:208,159
DA:312,222
DA:313,1
DA:318,221
DA:319,1
DA:324,220
DA:328,133
DA:329,1
DA:331,132
DA:332,1
DA:335,131
DA:347,159
DA:348,159
DA:349,159
DA:350,159
DA:351,159
DA:352,159
LF:41
LH:41
BRDA:15,0,0,159
BRDA:15,0,1,159
BRDA:21,1,0,159
BRDA:21,1,1,159
BRDA:68,2,0,159
BRDA:68,2,1,159
BRDA:73,3,0,159
BRDA:73,3,1,159
BRDA:177,4,0,159
BRDA:177,4,1,159
BRDA:189,5,0,159
BRDA:189,5,1,159
BRDA:206,6,0,159
BRDA:206,6,1,159
BRDA:312,7,0,1
BRDA:312,7,1,221
BRDA:318,8,0,1
BRDA:318,8,1,220
BRDA:328,9,0,1
BRDA:328,9,1,132
BRDA:328,10,0,115
BRDA:328,10,1,18
BRDA:328,11,0,133
BRDA:328,11,1,18
BRDA:331,12,0,1
BRDA:331,12,1,131
BRDA:331,13,0,115
BRDA:331,13,1,17
BRDA:331,14,0,132
BRDA:331,14,1,17
BRDA:347,15,0,159
BRDA:347,15,1,159
BRF:32
BRH:32
end_of_record
TN:
SF:app/codeCharta/codeCharta.module.ts
FNF:0
FNH:0
DA:3,114
DA:4,114
DA:6,114
DA:7,114
DA:9,114
DA:10,114
DA:11,114
DA:13,114
DA:15,114
LF:9
LH:9
BRF:0
BRH:0
end_of_record
TN:
SF:app/codeCharta/codeCharta.mouseEvent.service.ts
FN:7,(anonymous_0)
FN:12,(anonymous_1)
FN:22,(anonymous_2)
FN:28,(anonymous_3)
FNF:4
FNH:4
FNDA:21,(anonymous_0)
FNDA:9,(anonymous_1)
FNDA:6,(anonymous_2)
FNDA:5,(anonymous_3)
DA:2,114
DA:3,114
DA:4,114
DA:7,21
DA:13,9
DA:14,6
DA:17,9
DA:18,5
DA:23,6
DA:24,4
DA:29,5
DA:30,3
LF:12
LH:12
BRDA:13,0,0,6
BRDA:13,0,1,3
BRDA:17,1,0,5
BRDA:17,1,1,4
BRDA:23,2,0,4
BRDA:23,2,1,2
BRDA:29,3,0,3
BRDA:29,3,1,2
BRF:8
BRH:8
end_of_record
TN:
SF:app/codeCharta/codeCharta.service.ts
FN:20,(anonymous_0)
FN:22,(anonymous_1)
FN:51,(anonymous_2)
FN:57,(anonymous_3)
FN:60,(anonymous_4)
FN:62,(anonymous_5)
FNF:6
FNH:6
FNDA:22,(anonymous_0)
FNDA:12,(anonymous_1)
FNDA:7,(anonymous_2)
FNDA:7,(anonymous_3)
FNDA:3,(anonymous_4)
FNDA:9,(anonymous_5)
DA:1,149
DA:3,149
DA:5,149
DA:6,149
DA:8,149
DA:9,149
DA:10,149
DA:11,149
DA:12,149
DA:15,149
DA:16,149
DA:17,149
DA:18,22
DA:20,22
DA:23,12
DA:24,12
DA:25,12
DA:26,7
DA:28,5
DA:29,5
DA:30,5
DA:31,5
DA:32,5
DA:35,0
DA:36,0
DA:37,0
DA:42,12
DA:43,7
DA:44,7
DA:45,7
DA:46,7
DA:47,7
DA:52,7
DA:53,7
DA:54,7
DA:58,7
DA:59,7
DA:60,7
DA:62,9
DA:63,1
LF:40
LH:37
BRDA:28,0,0,5
BRDA:28,0,1,0
BRDA:35,1,0,0
BRDA:35,1,1,0
BRDA:42,2,0,7
BRDA:42,2,1,5
BRDA:62,3,0,1
BRDA:62,3,1,6
BRF:8
BRH:5
end_of_record
TN:
SF:app/codeCharta/model/customConfig/customConfig.api.model.ts
FN:3,(anonymous_0)
FNF:1
FNH:1
FNDA:148,(anonymous_0)
DA:3,148
DA:4,148
DA:5,148
DA:6,148
LF:4
LH:4
BRDA:3,0,0,148
BRDA:3,0,1,148
BRF:2
BRH:2
end_of_record
TN:
SF:app/codeCharta/model/files/files.helper.ts
FN:3,getCCFiles
FN:4,(anonymous_1)
FN:7,fileStatesAvailable
FN:8,(anonymous_3)
FN:11,getFileByFileName
FN:12,(anonymous_5)
FN:16,getVisibleFiles
FN:17,(anonymous_7)
FN:20,getVisibleFileStates
FN:21,(anonymous_9)
FN:24,isSingleState
FN:25,(anonymous_11)
FN:28,isDeltaState
FN:29,(anonymous_13)
FN:32,isPartialState
FN:33,(anonymous_15)
FNF:16
FNH:16
FNDA:16,getCCFiles
FNDA:14,(anonymous_1)
FNDA:443,fileStatesAvailable
FNDA:22,(anonymous_3)
FNDA:3,getFileByFileName
FNDA:4,(anonymous_5)
FNDA:3,getVisibleFiles
FNDA:3,(anonymous_7)
FNDA:79,getVisibleFileStates
FNDA:135,(anonymous_9)
FNDA:24,isSingleState
FNDA:37,(anonymous_11)
FNDA:88,isDeltaState
FNDA:43,(anonymous_13)
FNDA:20,isPartialState
FNDA:28,(anonymous_15)
DA:1,149
DA:4,16
DA:8,443
DA:12,4
DA:13,3
DA:17,3
DA:21,135
DA:25,37
DA:29,88
DA:33,28
LF:10
LH:10
BRDA:13,0,0,2
BRDA:13,0,1,1
BRDA:29,1,0,43
BRDA:29,1,1,33
BRF:4
BRH:4
end_of_record
TN:
SF:app/codeCharta/model/files/files.ts
FN:8,(anonymous_0)
FNF:1
FNH:1
FNDA:153,(anonymous_0)
DA:8,153
DA:9,153
DA:10,153
DA:11,153
DA:12,153
DA:13,153
LF:6
LH:6
BRDA:8,0,0,153
BRDA:8,0,1,153
BRF:2
BRH:2
end_of_record
TN:
SF:app/codeCharta/ressources/fixed-folders/fixed-folders-example.ts
FNF:0
FNH:0
DA:1,2
DA:4,2
DA:141,2
LF:3
LH:3
BRF:0
BRH:0
end_of_record
TN:
SF:app/codeCharta/state/injector.service.ts
FN:57,(anonymous_0)
FNF:1
FNH:1
FNDA:8,(anonymous_0)
DA:60,8
DA:61,8
DA:62,8
DA:63,8
DA:64,8
DA:65,8
DA:66,8
DA:67,8
DA:68,8
DA:69,8
DA:70,8
DA:71,8
DA:72,8
DA:73,8
DA:74,8
DA:75,8
DA:76,8
DA:77,8
DA:78,8
DA:79,8
DA:80,8
DA:81,8
DA:82,8
DA:83,8
DA:84,8
DA:85,8
DA:86,8
DA:87,8
DA:88,8
DA:89,8
DA:90,8
DA:91,8
DA:92,8
DA:93,8
DA:94,8
DA:95,8
DA:96,8
DA:97,8
DA:98,8
DA:99,8
DA:100,8
DA:101,8
DA:102,8
DA:103,8
DA:104,8
DA:105,8
DA:106,8
DA:107,8
DA:108,8
DA:109,8
DA:110,8
LF:51
LH:51
BRF:0
BRH:0
end_of_record
TN:
SF:app/codeCharta/state/nodeSearch.service.ts
FN:19,(anonymous_0)
FN:27,(anonymous_1)
FN:30,(anonymous_2)
FN:33,(anonymous_3)
FN:37,(anonymous_4)
FN:38,(anonymous_5)
FNF:6
FNH:5
FNDA:17,(anonymous_0)
FNDA:14,(anonymous_1)
FNDA:29,(anonymous_2)
FNDA:14,(anonymous_3)
FNDA:1,(anonymous_4)
FNDA:0,(anonymous_5)
DA:3,114
DA:6,114
DA:7,114
DA:14,114
DA:16,17
DA:20,17
DA:21,17
DA:22,17
DA:24,17
DA:28,14
DA:29,14
DA:30,29
DA:34,14
DA:38,1
DA:39,0
LF:15
LH:14
BRF:0
BRH:0
end_of_record
TN:
SF:app/codeCharta/state/state.module.ts
FNF:0
FNH:0
DA:1,114
DA:3,114
DA:4,114
DA:5,114
DA:6,114
DA:7,114
DA:8,114
DA:9,114
DA:10,114
DA:11,114
DA:12,114
DA:13,114
DA:14,114
DA:15,114
DA:16,114
DA:17,114
DA:18,114
DA:19,114
DA:20,114
DA:21,114
DA:22,114
DA:23,114
DA:24,114
DA:25,114
DA:26,114
DA:27,114
DA:28,114
DA:29,114
DA:30,114
DA:31,114
DA:32,114
DA:33,114
DA:34,114
DA:35,114
DA:36,114
DA:37,114
DA:38,114
DA:39,114
DA:40,114
DA:41,114
DA:42,114
DA:43,114
DA:44,114
DA:45,114
DA:46,114
DA:47,114
DA:48,114
DA:49,114
DA:50,114
DA:51,114
DA:52,114
DA:53,114
DA:54,114
DA:55,114
DA:56,114
DA:57,114
DA:59,114
LF:57
LH:57
BRF:0
BRH:0
end_of_record
TN:
SF:app/codeCharta/state/store.service.ts
FN:30,(anonymous_1)
FN:34,(anonymous_2)
FN:60,(anonymous_3)
FN:64,(anonymous_4)
FN:68,(anonymous_5)
FN:69,(anonymous_6)
FNF:6
FNH:6
FNDA:879,(anonymous_1)
FNDA:1610,(anonymous_2)
FNDA:3155,(anonymous_3)
FNDA:2977,(anonymous_4)
FNDA:899,(anonymous_5)
FNDA:15364,(anonymous_6)
DA:1,149
DA:2,149
DA:4,149
DA:5,149
DA:6,149
DA:8,149
DA:9,149
DA:10,149
DA:11,149
DA:12,149
DA:13,149
DA:14,149
DA:15,149
DA:26,149
DA:30,879
DA:31,879
DA:35,1610
DA:49,768
DA:52,1610
DA:53,2984
DA:54,2982
DA:55,2977
DA:61,3155
DA:65,2977
DA:69,899
DA:70,15364
LF:26
LH:26
BRDA:34,0,0,1605
BRDA:35,1,0,768
BRDA:35,1,1,842
BRDA:37,2,0,1610
BRDA:37,2,1,835
BRDA:37,2,2,815
BRDA:37,2,3,814
BRDA:37,2,4,800
BRDA:37,2,5,799
BRDA:37,2,6,793
BRDA:37,2,7,779
BRDA:37,2,8,775
BRDA:37,2,9,773
BRDA:54,3,0,2977
BRDA:54,3,1,5
BRF:15
BRH:15
end_of_record
TN:
SF:app/codeCharta/state/store/state.actions.ts
FN:12,(anonymous_0)
FN:23,setState
FNF:2
FNH:2
FNDA:150,(anonymous_0)
FNDA:31,setState
DA:4,150
DA:5,150
DA:6,150
DA:7,150
DA:8,150
DA:9,150
DA:10,150
DA:12,150
DA:13,150
DA:24,31
DA:30,150
LF:11
LH:11
BRDA:12,0,0,150
BRDA:12,0,1,150
BRDA:23,1,0,1
BRF:3
BRH:3
end_of_record
TN:
SF:app/codeCharta/state/store/state.reducer.ts
FNF:0
FNH:0
DA:2,149
DA:3,149
DA:4,149
DA:5,149
DA:6,149
DA:7,149
DA:8,149
DA:9,149
DA:11,149
DA:22,149
LF:10
LH:10
BRF:0
BRH:0
end_of_record
TN:
SF:app/codeCharta/state/store/state.splitter.ts
FN:21,splitStateActions
FNF:1
FNH:1
FNDA:1616,splitStateActions
DA:2,150
DA:5,150
DA:6,150
DA:7,150
DA:8,150
DA:9,150
DA:10,150
DA:13,150
DA:14,150
DA:15,150
DA:16,150
DA:17,150
DA:18,150
DA:19,150
DA:23,1616
DA:24,0
DA:27,1616
DA:28,0
DA:31,1616
DA:32,15
DA:35,1601
DA:36,1
DA:39,1600
DA:40,13
DA:43,1587
DA:44,0
DA:47,1587
DA:48,27
DA:51,27
DA:52,19
DA:55,27
DA:56,19
DA:59,27
DA:60,24
DA:63,27
DA:64,20
DA:67,27
DA:68,24
DA:71,27
DA:72,19
DA:75,27
DA:76,19
DA:78,27
DA:81,1560
LF:44
LH:41
BRDA:23,0,0,0
BRDA:23,0,1,1616
BRDA:27,1,0,0
BRDA:27,1,1,1616
BRDA:31,2,0,15
BRDA:31,2,1,1601
BRDA:35,3,0,1
BRDA:35,3,1,1600
BRDA:39,4,0,13
BRDA:39,4,1,1587
BRDA:43,5,0,0
BRDA:43,5,1,1587
BRDA:47,6,0,27
BRDA:47,6,1,1560
BRDA:51,7,0,19
BRDA:51,7,1,8
BRDA:55,8,0,19
BRDA:55,8,1,8
BRDA:59,9,0,24
BRDA:59,9,1,3
BRDA:63,10,0,20
BRDA:63,10,1,7
BRDA:67,11,0,24
BRDA:67,11,1,3
BRDA:71,12,0,19
BRDA:71,12,1,8
BRDA:75,13,0,19
BRDA:75,13,1,8
BRF:28
BRH:25
end_of_record
TN:
SF:app/codeCharta/state/store/appSettings/appSettings.actions.ts
FN:33,(anonymous_0)
FN:44,setAppSettings
FNF:2
FNH:2
FNDA:150,(anonymous_0)
FNDA:15,setAppSettings
DA:4,150
DA:5,150
DA:6,150
DA:7,150
DA:8,150
DA:9,150
DA:10,150
DA:11,150
DA:12,150
DA:13,150
DA:14,150
DA:15,150
DA:16,150
DA:17,150
DA:18,150
DA:19,150
DA:20,150
DA:21,150
DA:22,150
DA:23,150
DA:24,150
DA:25,150
DA:26,150
DA:27,150
DA:28,150
DA:29,150
DA:30,150
DA:31,150
DA:33,150
DA:34,150
DA:45,15
DA:51,150
LF:32
LH:32
BRDA:33,0,0,150
BRDA:33,0,1,150
BRDA:44,1,0,14
BRF:3
BRH:3
end_of_record
TN:
SF:app/codeCharta/state/store/appSettings/appSettings.reducer.ts
FNF:0
FNH:0
DA:2,149
DA:3,149
DA:4,149
DA:5,149
DA:6,149
DA:7,149
DA:8,149
DA:9,149
DA:10,149
DA:11,149
DA:12,149
DA:13,149
DA:14,149
DA:15,149
DA:16,149
DA:17,149
DA:18,149
DA:19,149
DA:20,149
DA:21,149
DA:22,149
DA:23,149
DA:24,149
DA:25,149
DA:26,149
DA:27,149
DA:28,149
DA:29,149
DA:30,149
DA:32,149
DA:64,149
LF:31
LH:31
BRF:0
BRH:0
end_of_record
TN:
SF:app/codeCharta/state/store/appSettings/appSettings.splitter.ts
FN:34,splitAppSettingsActions
FNF:1
FNH:1
FNDA:37,splitAppSettingsActions
DA:5,150
DA:6,150
DA:7,150
DA:8,150
DA:9,150
DA:10,150
DA:11,150
DA:12,150
DA:13,150
DA:14,150
DA:15,150
DA:16,150
DA:17,150
DA:18,150
DA:19,150
DA:20,150
DA:21,150
DA:22,150
DA:23,150
DA:24,150
DA:25,150
DA:26,150
DA:27,150
DA:28,150
DA:29,150
DA:30,150
DA:31,150
DA:32,150
DA:35,37
DA:38,37
DA:39,31
DA:42,37
DA:43,31
DA:46,37
DA:47,31
DA:50,37
DA:51,31
DA:54,37
DA:55,31
DA:58,37
DA:59,31
DA:62,37
DA:63,31
DA:66,37
DA:67,31
DA:70,37
DA:71,31
DA:74,37
DA:75,31
DA:78,37
DA:79,31
DA:82,37
DA:83,31
DA:86,37
DA:87,31
DA:90,37
DA:91,31
DA:94,37
DA:95,31
DA:98,37
DA:99,31
DA:102,37
DA:103,31
DA:106,37
DA:107,33
DA:110,37
DA:111,33
DA:114,37
DA:115,32
DA:118,37
DA:119,33
DA:122,37
DA:123,32
DA:126,37
DA:127,31
DA:130,37
DA:131,31
DA:134,37
DA:135,31
DA:138,37
DA:139,31
DA:142,37
DA:143,31
DA:146,37
DA:147,31
DA:150,37
LF:86
LH:86
BRDA:38,0,0,31
BRDA:38,0,1,6
BRDA:42,1,0,31
BRDA:42,1,1,6
BRDA:46,2,0,31
BRDA:46,2,1,6
BRDA:50,3,0,31
BRDA:50,3,1,6
BRDA:54,4,0,31
BRDA:54,4,1,6
BRDA:58,5,0,31
BRDA:58,5,1,6
BRDA:62,6,0,31
BRDA:62,6,1,6
BRDA:66,7,0,31
BRDA:66,7,1,6
BRDA:70,8,0,31
BRDA:70,8,1,6
BRDA:74,9,0,31
BRDA:74,9,1,6
BRDA:78,10,0,31
BRDA:78,10,1,6
BRDA:82,11,0,31
BRDA:82,11,1,6
BRDA:86,12,0,31
BRDA:86,12,1,6
BRDA:90,13,0,31
BRDA:90,13,1,6
BRDA:94,14,0,31
BRDA:94,14,1,6
BRDA:98,15,0,31
BRDA:98,15,1,6
BRDA:102,16,0,31
BRDA:102,16,1,6
BRDA:106,17,0,33
BRDA:106,17,1,4
BRDA:110,18,0,33
BRDA:110,18,1,4
BRDA:114,19,0,32
BRDA:114,19,1,5
BRDA:118,20,0,33
BRDA:118,20,1,4
BRDA:122,21,0,32
BRDA:122,21,1,5
BRDA:126,22,0,31
BRDA:126,22,1,6
BRDA:130,23,0,31
BRDA:130,23,1,6
BRDA:134,24,0,31
BRDA:134,24,1,6
BRDA:138,25,0,31
BRDA:138,25,1,6
BRDA:142,26,0,31
BRDA:142,26,1,6
BRDA:146,27,0,31
BRDA:146,27,1,6
BRF:56
BRH:56
end_of_record
TN:
SF:app/codeCharta/state/store/appSettings/amountOfEdgePreviews/amountOfEdgePreviews.actions.ts
FN:3,(anonymous_0)
FN:14,setAmountOfEdgePreviews
FNF:2
FNH:2
FNDA:151,(anonymous_0)
FNDA:1516,setAmountOfEdgePreviews
DA:3,151
DA:4,151
DA:15,1516
DA:21,151
LF:4
LH:4
BRDA:3,0,0,151
BRDA:3,0,1,151
BRDA:14,1,0,1479
BRF:3
BRH:3
end_of_record
TN:
SF:app/codeCharta/state/store/appSettings/amountOfEdgePreviews/amountOfEdgePreviews.reducer.ts
FN:3,amountOfEdgePreviews
FNF:1
FNH:1
FNDA:4517,amountOfEdgePreviews
DA:1,150
DA:4,4517
DA:6,39
DA:8,4478
LF:4
LH:4
BRDA:3,0,0,1478
BRDA:5,1,0,39
BRDA:5,1,1,4478
BRF:3
BRH:3
end_of_record
TN:
SF:app/codeCharta/state/store/appSettings/amountOfEdgePreviews/amountOfEdgePreviews.service.ts
FN:13,(anonymous_0)
FN:17,(anonymous_1)
FN:23,(anonymous_2)
FN:27,(anonymous_3)
FN:33,(anonymous_4)
FN:34,(anonymous_5)
FNF:6
FNH:5
FNDA:12,(anonymous_0)
FNDA:304,(anonymous_1)
FNDA:11,(anonymous_2)
FNDA:11,(anonymous_3)
FNDA:1,(anonymous_4)
FNDA:0,(anonymous_5)
DA:1,114
DA:3,114
DA:4,114
DA:11,114
DA:13,12
DA:14,12
DA:18,304
DA:19,11
DA:24,11
DA:28,11
DA:34,1
DA:35,0
LF:12
LH:11
BRDA:18,0,0,11
BRDA:18,0,1,293
BRF:2
BRH:2
end_of_record
TN:
SF:app/codeCharta/state/store/appSettings/amountOfEdgePreviews/amountOfEdgePreviews.splitter.ts
FN:3,splitAmountOfEdgePreviewsAction
FNF:1
FNH:1
FNDA:31,splitAmountOfEdgePreviewsAction
DA:1,150
DA:4,31
LF:2
LH:2
BRF:0
BRH:0
end_of_record
TN:
SF:app/codeCharta/state/store/appSettings/amountOfTopLabels/amountOfTopLabels.actions.ts
FN:3,(anonymous_0)
FN:14,setAmountOfTopLabels
FNF:2
FNH:2
FNDA:151,(anonymous_0)
FNDA:1525,setAmountOfTopLabels
DA:3,151
DA:4,151
DA:15,1525
DA:21,151
LF:4
LH:4
BRDA:3,0,0,151
BRDA:3,0,1,151
BRDA:14,1,0,1479
BRF:3
BRH:3
end_of_record
TN:
SF:app/codeCharta/state/store/appSettings/amountOfTopLabels/amountOfTopLabels.reducer.ts
FN:3,amountOfTopLabels
FNF:1
FNH:1
FNDA:4517,amountOfTopLabels
DA:1,150
DA:4,4517
DA:6,48
DA:8,4469
LF:4
LH:4
BRDA:3,0,0,1478
BRDA:5,1,0,48
BRDA:5,1,1,4469
BRF:3
BRH:3
end_of_record
TN:
SF:app/codeCharta/state/store/appSettings/amountOfTopLabels/amountOfTopLabels.service.ts
FN:13,(anonymous_0)
FN:17,(anonymous_1)
FN:23,(anonymous_2)
FN:27,(anonymous_3)
FN:33,(anonymous_4)
FN:34,(anonymous_5)
FNF:6
FNH:5
FNDA:12,(anonymous_0)
FNDA:304,(anonymous_1)
FNDA:11,(anonymous_2)
FNDA:11,(anonymous_3)
FNDA:1,(anonymous_4)
FNDA:0,(anonymous_5)
DA:1,114
DA:3,114
DA:4,114
DA:11,114
DA:13,12
DA:14,12
DA:18,304
DA:19,11
DA:24,11
DA:28,11
DA:34,1
DA:35,0
LF:12
LH:11
BRDA:18,0,0,11
BRDA:18,0,1,293
BRF:2
BRH:2
end_of_record
TN:
SF:app/codeCharta/state/store/appSettings/amountOfTopLabels/amountOfTopLabels.splitter.ts
FN:3,splitAmountOfTopLabelsAction
FNF:1
FNH:1
FNDA:31,splitAmountOfTopLabelsAction
DA:1,150
DA:4,31
LF:2
LH:2
BRF:0
BRH:0
end_of_record
TN:
SF:app/codeCharta/state/store/appSettings/camera/camera.actions.ts
FN:4,(anonymous_0)
FN:15,setCamera
FNF:2
FNH:2
FNDA:151,(anonymous_0)
FNDA:1519,setCamera
DA:1,151
DA:4,151
DA:5,151
DA:16,1519
DA:22,151
LF:5
LH:5
BRDA:4,0,0,151
BRDA:4,0,1,151
BRDA:15,1,0,1481
BRF:3
BRH:3
end_of_record
TN:
SF:app/codeCharta/state/store/appSettings/camera/camera.reducer.ts
FN:4,camera
FNF:1
FNH:1
FNDA:4517,camera
DA:1,150
DA:2,150
DA:5,4517
DA:7,40
DA:9,4477
LF:5
LH:5
BRDA:4,0,0,1478
BRDA:6,1,0,40
BRDA:6,1,1,4477
BRF:3
BRH:3
end_of_record
TN:
SF:app/codeCharta/state/store/appSettings/camera/camera.service.ts
FN:14,(anonymous_0)
FN:18,(anonymous_1)
FN:24,(anonymous_2)
FN:28,(anonymous_3)
FN:33,(anonymous_4)
FN:34,(anonymous_5)
FNF:6
FNH:6
FNDA:10,(anonymous_0)
FNDA:302,(anonymous_1)
FNDA:10,(anonymous_2)
FNDA:10,(anonymous_3)
FNDA:283,(anonymous_4)
FNDA:10,(anonymous_5)
DA:1,114
DA:3,114
DA:5,114
DA:12,114
DA:14,10
DA:15,10
DA:19,302
DA:20,10
DA:25,10
DA:30,10
DA:34,283
DA:35,10
LF:12
LH:12
BRDA:19,0,0,10
BRDA:19,0,1,292
BRF:2
BRH:2
end_of_record
TN:
SF:app/codeCharta/state/store/appSettings/camera/camera.splitter.ts
FN:4,splitCameraAction
FNF:1
FNH:1
FNDA:32,splitCameraAction
DA:1,150
DA:5,32
LF:2
LH:2
BRF:0
BRH:0
end_of_record
TN:
SF:app/codeCharta/state/store/appSettings/cameraTarget/cameraTarget.actions.ts
FN:4,(anonymous_0)
FN:15,setCameraTarget
FNF:2
FNH:2
FNDA:151,(anonymous_0)
FNDA:1512,setCameraTarget
DA:1,151
DA:4,151
DA:5,151
DA:16,1512
DA:22,151
LF:5
LH:5
BRDA:4,0,0,151
BRDA:4,0,1,151
BRDA:15,1,0,1479
BRF:3
BRH:3
end_of_record
TN:
SF:app/codeCharta/state/store/appSettings/cameraTarget/cameraTarget.reducer.ts
FN:4,cameraTarget
FNF:1
FNH:1
FNDA:4517,cameraTarget
DA:1,150
DA:2,150
DA:5,4517
DA:7,35
DA:9,4482
LF:5
LH:5
BRDA:4,0,0,1478
BRDA:6,1,0,35
BRDA:6,1,1,4482
BRF:3
BRH:3
end_of_record
TN:
SF:app/codeCharta/state/store/appSettings/cameraTarget/cameraTarget.service.ts
FN:14,(anonymous_0)
FN:18,(anonymous_1)
FN:24,(anonymous_2)
FN:28,(anonymous_3)
FN:32,(anonymous_4)
FN:33,(anonymous_5)
FNF:6
FNH:4
FNDA:12,(anonymous_0)
FNDA:304,(anonymous_1)
FNDA:11,(anonymous_2)
FNDA:11,(anonymous_3)
FNDA:0,(anonymous_4)
FNDA:0,(anonymous_5)
DA:2,114
DA:4,114
DA:5,114
DA:12,114
DA:14,12
DA:15,12
DA:19,304
DA:20,11
DA:25,11
DA:29,11
DA:33,0
DA:34,0
LF:12
LH:10
BRDA:19,0,0,11
BRDA:19,0,1,293
BRF:2
BRH:2
end_of_record
TN:
SF:app/codeCharta/state/store/appSettings/cameraTarget/cameraTarget.splitter.ts
FN:4,splitCameraTargetAction
FNF:1
FNH:1
FNDA:31,splitCameraTargetAction
DA:2,150
DA:5,31
LF:2
LH:2
BRF:0
BRH:0
end_of_record
TN:
SF:app/codeCharta/state/store/appSettings/dynamicMargin/dynamicMargin.actions.ts
FN:3,(anonymous_0)
FN:14,setDynamicMargin
FNF:2
FNH:2
FNDA:151,(anonymous_0)
FNDA:1520,setDynamicMargin
DA:3,151
DA:4,151
DA:15,1520
DA:21,151
LF:4
LH:4
BRDA:3,0,0,151
BRDA:3,0,1,151
BRDA:14,1,0,1479
BRF:3
BRH:3
end_of_record
TN:
SF:app/codeCharta/state/store/appSettings/dynamicMargin/dynamicMargin.reducer.ts
FN:3,dynamicMargin
FNF:1
FNH:1
FNDA:4517,dynamicMargin
DA:1,150
DA:4,4517
DA:6,43
DA:8,4474
LF:4
LH:4
BRDA:3,0,0,1478
BRDA:5,1,0,43
BRDA:5,1,1,4474
BRF:3
BRH:3
end_of_record
TN:
SF:app/codeCharta/state/store/appSettings/dynamicMargin/dynamicMargin.service.ts
FN:13,(anonymous_0)
FN:17,(anonymous_1)
FN:23,(anonymous_2)
FN:27,(anonymous_3)
FN:31,(anonymous_4)
FN:32,(anonymous_5)
FNF:6
FNH:6
FNDA:12,(anonymous_0)
FNDA:304,(anonymous_1)
FNDA:11,(anonymous_2)
FNDA:11,(anonymous_3)
FNDA:14,(anonymous_4)
FNDA:10,(anonymous_5)
DA:1,114
DA:3,114
DA:4,114
DA:11,114
DA:13,12
DA:14,12
DA:18,304
DA:19,11
DA:24,11
DA:28,11
DA:32,14
DA:33,10
LF:12
LH:12
BRDA:18,0,0,11
BRDA:18,0,1,293
BRF:2
BRH:2
end_of_record
TN:
SF:app/codeCharta/state/store/appSettings/dynamicMargin/dynamicMargin.splitter.ts
FN:3,splitDynamicMarginAction
FNF:1
FNH:1
FNDA:31,splitDynamicMarginAction
DA:1,150
DA:4,31
LF:2
LH:2
BRF:0
BRH:0
end_of_record
TN:
SF:app/codeCharta/state/store/appSettings/edgeHeight/edgeHeight.actions.ts
FN:3,(anonymous_0)
FN:14,setEdgeHeight
FNF:2
FNH:2
FNDA:151,(anonymous_0)
FNDA:1513,setEdgeHeight
DA:3,151
DA:4,151
DA:15,1513
DA:21,151
LF:4
LH:4
BRDA:3,0,0,151
BRDA:3,0,1,151
BRDA:14,1,0,1479
BRF:3
BRH:3
end_of_record
TN:
SF:app/codeCharta/state/store/appSettings/edgeHeight/edgeHeight.reducer.ts
FN:3,edgeHeight
FNF:1
FNH:1
FNDA:4517,edgeHeight
DA:1,150
DA:4,4517
DA:6,35
DA:8,4482
LF:4
LH:4
BRDA:3,0,0,1478
BRDA:5,1,0,35
BRDA:5,1,1,4482
BRF:3
BRH:3
end_of_record
TN:
SF:app/codeCharta/state/store/appSettings/edgeHeight/edgeHeight.service.ts
FN:13,(anonymous_0)
FN:17,(anonymous_1)
FN:23,(anonymous_2)
FN:27,(anonymous_3)
FN:31,(anonymous_4)
FN:32,(anonymous_5)
FNF:6
FNH:5
FNDA:12,(anonymous_0)
FNDA:304,(anonymous_1)
FNDA:11,(anonymous_2)
FNDA:11,(anonymous_3)
FNDA:3,(anonymous_4)
FNDA:0,(anonymous_5)
DA:1,114
DA:3,114
DA:4,114
DA:11,114
DA:13,12
DA:14,12
DA:18,304
DA:19,11
DA:24,11
DA:28,11
DA:32,3
DA:33,0
LF:12
LH:11
BRDA:18,0,0,11
BRDA:18,0,1,293
BRF:2
BRH:2
end_of_record
TN:
SF:app/codeCharta/state/store/appSettings/edgeHeight/edgeHeight.splitter.ts
FN:3,splitEdgeHeightAction
FNF:1
FNH:1
FNDA:32,splitEdgeHeightAction
DA:1,150
DA:4,32
LF:2
LH:2
BRF:0
BRH:0
end_of_record
TN:
SF:app/codeCharta/state/store/appSettings/enableExperimentalFeatures/experimentalFeaturesEnabled.actions.ts
FN:3,(anonymous_0)
FN:14,setExperimentalFeaturesEnabled
FNF:2
FNH:2
FNDA:151,(anonymous_0)
FNDA:1513,setExperimentalFeaturesEnabled
DA:3,151
DA:4,151
DA:17,1513
DA:23,151
LF:4
LH:4
BRDA:3,0,0,151
BRDA:3,0,1,151
BRDA:15,1,0,1479
BRF:3
BRH:3
end_of_record
TN:
SF:app/codeCharta/state/store/appSettings/enableExperimentalFeatures/experimentalFeaturesEnabled.reducer.ts
FN:7,experimentalFeaturesEnabled
FNF:1
FNH:1
FNDA:4517,experimentalFeaturesEnabled
DA:1,150
DA:8,4517
DA:10,36
DA:12,4481
LF:4
LH:4
BRDA:7,0,0,1478
BRDA:9,1,0,36
BRDA:9,1,1,4481
BRF:3
BRH:3
end_of_record
TN:
SF:app/codeCharta/state/store/appSettings/enableExperimentalFeatures/experimentalFeaturesEnabled.service.ts
FN:13,(anonymous_0)
FN:17,(anonymous_1)
FN:23,(anonymous_2)
FN:27,(anonymous_3)
FN:33,(anonymous_4)
FN:34,(anonymous_5)
FNF:6
FNH:5
FNDA:12,(anonymous_0)
FNDA:304,(anonymous_1)
FNDA:11,(anonymous_2)
FNDA:11,(anonymous_3)
FNDA:12,(anonymous_4)
FNDA:0,(anonymous_5)
DA:1,114
DA:3,114
DA:4,114
DA:11,114
DA:13,12
DA:14,12
DA:18,304
DA:19,11
DA:24,11
DA:28,11
DA:34,12
DA:35,0
LF:12
LH:11
BRDA:18,0,0,11
BRDA:18,0,1,293
BRF:2
BRH:2
end_of_record
TN:
SF:app/codeCharta/state/store/appSettings/enableExperimentalFeatures/experimentalFeaturesEnabled.splitter.ts
FN:3,splitExperimentalFeaturesEnabledAction
FNF:1
FNH:1
FNDA:31,splitExperimentalFeaturesEnabledAction
DA:1,150
DA:4,31
LF:2
LH:2
BRF:0
BRH:0
end_of_record
TN:
SF:app/codeCharta/state/store/appSettings/hideFlatBuildings/hideFlatBuildings.actions.ts
FN:3,(anonymous_0)
FN:14,setHideFlatBuildings
FNF:2
FNH:2
FNDA:151,(anonymous_0)
FNDA:1515,setHideFlatBuildings
DA:3,151
DA:4,151
DA:15,1515
DA:21,151
LF:4
LH:4
BRDA:3,0,0,151
BRDA:3,0,1,151
BRDA:14,1,0,1479
BRF:3
BRH:3
end_of_record
TN:
SF:app/codeCharta/state/store/appSettings/hideFlatBuildings/hideFlatBuildings.reducer.ts
FN:3,hideFlatBuildings
FNF:1
FNH:1
FNDA:4517,hideFlatBuildings
DA:1,150
DA:4,4517
DA:6,38
DA:8,4479
LF:4
LH:4
BRDA:3,0,0,1478
BRDA:5,1,0,38
BRDA:5,1,1,4479
BRF:3
BRH:3
end_of_record
TN:
SF:app/codeCharta/state/store/appSettings/hideFlatBuildings/hideFlatBuildings.service.ts
FN:13,(anonymous_0)
FN:17,(anonymous_1)
FN:23,(anonymous_2)
FN:27,(anonymous_3)
FN:33,(anonymous_4)
FN:34,(anonymous_5)
FNF:6
FNH:5
FNDA:12,(anonymous_0)
FNDA:304,(anonymous_1)
FNDA:11,(anonymous_2)
FNDA:11,(anonymous_3)
FNDA:1,(anonymous_4)
FNDA:0,(anonymous_5)
DA:1,114
DA:3,114
DA:4,114
DA:11,114
DA:13,12
DA:14,12
DA:18,304
DA:19,11
DA:24,11
DA:28,11
DA:34,1
DA:35,0
LF:12
LH:11
BRDA:18,0,0,11
BRDA:18,0,1,293
BRF:2
BRH:2
end_of_record
TN:
SF:app/codeCharta/state/store/appSettings/hideFlatBuildings/hideFlatBuildings.splitter.ts
FN:3,splitHideFlatBuildingsAction
FNF:1
FNH:1
FNDA:33,splitHideFlatBuildingsAction
DA:1,150
DA:4,33
LF:2
LH:2
BRF:0
BRH:0
end_of_record
TN:
SF:app/codeCharta/state/store/appSettings/invertColorRange/invertColorRange.actions.ts
FN:3,(anonymous_0)
FN:14,setInvertColorRange
FNF:2
FNH:2
FNDA:151,(anonymous_0)
FNDA:1516,setInvertColorRange
DA:3,151
DA:4,151
DA:15,1516
DA:21,151
LF:4
LH:4
BRDA:3,0,0,151
BRDA:3,0,1,151
BRDA:14,1,0,1479
BRF:3
BRH:3
end_of_record
TN:
SF:app/codeCharta/state/store/appSettings/invertColorRange/invertColorRange.reducer.ts
FN:3,invertColorRange
FNF:1
FNH:1
FNDA:4517,invertColorRange
DA:1,150
DA:4,4517
DA:6,39
DA:8,4478
LF:4
LH:4
BRDA:3,0,0,1478
BRDA:5,1,0,39
BRDA:5,1,1,4478
BRF:3
BRH:3
end_of_record
TN:
SF:app/codeCharta/state/store/appSettings/invertColorRange/invertColorRange.service.ts
FN:13,(anonymous_0)
FN:17,(anonymous_1)
FN:23,(anonymous_2)
FN:27,(anonymous_3)
FN:33,(anonymous_4)
FN:34,(anonymous_5)
FNF:6
FNH:5
FNDA:12,(anonymous_0)
FNDA:304,(anonymous_1)
FNDA:11,(anonymous_2)
FNDA:11,(anonymous_3)
FNDA:15,(anonymous_4)
FNDA:0,(anonymous_5)
DA:1,114
DA:3,114
DA:4,114
DA:11,114
DA:13,12
DA:14,12
DA:18,304
DA:19,11
DA:24,11
DA:28,11
DA:34,15
DA:35,0
LF:12
LH:11
BRDA:18,0,0,11
BRDA:18,0,1,293
BRF:2
BRH:2
end_of_record
TN:
SF:app/codeCharta/state/store/appSettings/invertColorRange/invertColorRange.splitter.ts
FN:3,splitInvertColorRangeAction
FNF:1
FNH:1
FNDA:33,splitInvertColorRangeAction
DA:1,150
DA:4,33
LF:2
LH:2
BRF:0
BRH:0
end_of_record
TN:
SF:app/codeCharta/state/store/appSettings/invertDeltaColors/invertDeltaColors.actions.ts
FN:3,(anonymous_0)
FN:14,setInvertDeltaColors
FNF:2
FNH:2
FNDA:151,(anonymous_0)
FNDA:1520,setInvertDeltaColors
DA:3,151
DA:4,151
DA:15,1520
DA:21,151
LF:4
LH:4
BRDA:3,0,0,151
BRDA:3,0,1,151
BRDA:14,1,0,1479
BRF:3
BRH:3
end_of_record
TN:
SF:app/codeCharta/state/store/appSettings/invertDeltaColors/invertDeltaColors.reducer.ts
FN:3,invertDeltaColors
FNF:1
FNH:1
FNDA:4517,invertDeltaColors
DA:1,150
DA:4,4517
DA:6,43
DA:8,4474
LF:4
LH:4
BRDA:3,0,0,1478
BRDA:5,1,0,43
BRDA:5,1,1,4474
BRF:3
BRH:3
end_of_record
TN:
SF:app/codeCharta/state/store/appSettings/invertDeltaColors/invertDeltaColors.service.ts
FN:13,(anonymous_0)
FN:17,(anonymous_1)
FN:23,(anonymous_2)
FN:27,(anonymous_3)
FN:33,(anonymous_4)
FN:34,(anonymous_5)
FNF:6
FNH:5
FNDA:12,(anonymous_0)
FNDA:304,(anonymous_1)
FNDA:11,(anonymous_2)
FNDA:11,(anonymous_3)
FNDA:19,(anonymous_4)
FNDA:0,(anonymous_5)
DA:1,114
DA:3,114
DA:4,114
DA:11,114
DA:13,12
DA:14,12
DA:18,304
DA:19,11
DA:24,11
DA:28,11
DA:34,19
DA:35,0
LF:12
LH:11
BRDA:18,0,0,11
BRDA:18,0,1,293
BRF:2
BRH:2
end_of_record
TN:
SF:app/codeCharta/state/store/appSettings/invertDeltaColors/invertDeltaColors.splitter.ts
FN:3,splitInvertDeltaColorsAction
FNF:1
FNH:1
FNDA:31,splitInvertDeltaColorsAction
DA:1,150
DA:4,31
LF:2
LH:2
BRF:0
BRH:0
end_of_record
TN:
SF:app/codeCharta/state/store/appSettings/invertHeight/invertHeight.actions.ts
FN:3,(anonymous_0)
FN:14,setInvertHeight
FNF:2
FNH:2
FNDA:151,(anonymous_0)
FNDA:1512,setInvertHeight
DA:3,151
DA:4,151
DA:15,1512
DA:21,151
LF:4
LH:4
BRDA:3,0,0,151
BRDA:3,0,1,151
BRDA:14,1,0,1479
BRF:3
BRH:3
end_of_record
TN:
SF:app/codeCharta/state/store/appSettings/invertHeight/invertHeight.reducer.ts
FN:3,invertHeight
FNF:1
FNH:1
FNDA:4517,invertHeight
DA:1,150
DA:4,4517
DA:6,35
DA:8,4482
LF:4
LH:4
BRDA:3,0,0,1478
BRDA:5,1,0,35
BRDA:5,1,1,4482
BRF:3
BRH:3
end_of_record
TN:
SF:app/codeCharta/state/store/appSettings/invertHeight/invertHeight.service.ts
FN:13,(anonymous_0)
FN:17,(anonymous_1)
FN:23,(anonymous_2)
FN:27,(anonymous_3)
FN:31,(anonymous_4)
FN:32,(anonymous_5)
FNF:6
FNH:5
FNDA:12,(anonymous_0)
FNDA:304,(anonymous_1)
FNDA:11,(anonymous_2)
FNDA:11,(anonymous_3)
FNDA:5,(anonymous_4)
FNDA:0,(anonymous_5)
DA:1,114
DA:3,114
DA:4,114
DA:11,114
DA:13,12
DA:14,12
DA:18,304
DA:19,11
DA:24,11
DA:28,11
DA:32,5
DA:33,0
LF:12
LH:11
BRDA:18,0,0,11
BRDA:18,0,1,293
BRF:2
BRH:2
end_of_record
TN:
SF:app/codeCharta/state/store/appSettings/invertHeight/invertHeight.splitter.ts
FN:3,splitInvertHeightAction
FNF:1
FNH:1
FNDA:31,splitInvertHeightAction
DA:1,150
DA:4,31
LF:2
LH:2
BRF:0
BRH:0
end_of_record
TN:
SF:app/codeCharta/state/store/appSettings/isAttributeSideBarVisible/isAttributeSideBarVisible.actions.ts
FN:3,(anonymous_0)
FN:24,setIsAttributeSideBarVisible
FN:33,openAttributeSideBar
FN:39,closeAttributeSideBar
FNF:4
FNH:4
FNDA:151,(anonymous_0)
FNDA:1511,setIsAttributeSideBarVisible
FNDA:4,openAttributeSideBar
FNDA:4,closeAttributeSideBar
DA:3,151
DA:4,151
DA:5,151
DA:6,151
DA:27,1511
DA:34,4
DA:40,4
DA:45,151
LF:8
LH:8
BRDA:3,0,0,151
BRDA:3,0,1,151
BRDA:25,1,0,1479
BRF:3
BRH:3
end_of_record
TN:
SF:app/codeCharta/state/store/appSettings/isAttributeSideBarVisible/isAttributeSideBarVisible.reducer.ts
FN:7,isAttributeSideBarVisible
FNF:1
FNH:1
FNDA:4519,isAttributeSideBarVisible
DA:1,150
DA:8,4519
DA:10,4
DA:12,4
DA:14,34
DA:16,4477
LF:6
LH:6
BRDA:7,0,0,1478
BRDA:9,1,0,4
BRDA:9,1,1,4
BRDA:9,1,2,34
BRDA:9,1,3,4477
BRF:5
BRH:5
end_of_record
TN:
SF:app/codeCharta/state/store/appSettings/isAttributeSideBarVisible/isAttributeSideBarVisible.service.ts
FN:19,(anonymous_0)
FN:25,(anonymous_1)
FN:29,(anonymous_2)
FN:33,(anonymous_3)
FN:39,(anonymous_4)
FN:43,(anonymous_5)
FN:49,(anonymous_6)
FN:50,(anonymous_7)
FNF:8
FNH:7
FNDA:18,(anonymous_0)
FNDA:1,(anonymous_1)
FNDA:1,(anonymous_2)
FNDA:304,(anonymous_3)
FNDA:11,(anonymous_4)
FNDA:11,(anonymous_5)
FNDA:25,(anonymous_6)
FNDA:0,(anonymous_7)
DA:1,114
DA:3,114
DA:4,114
DA:5,114
DA:17,114
DA:19,18
DA:20,18
DA:21,18
DA:22,18
DA:26,1
DA:30,1
DA:34,304
DA:35,11
DA:40,11
DA:44,11
DA:50,25
DA:51,0
LF:17
LH:16
BRDA:34,0,0,11
BRDA:34,0,1,293
BRF:2
BRH:2
end_of_record
TN:
SF:app/codeCharta/state/store/appSettings/isAttributeSideBarVisible/isAttributeSideBarVisible.splitter.ts
FN:3,splitIsAttributeSideBarVisibleAction
FNF:1
FNH:1
FNDA:31,splitIsAttributeSideBarVisibleAction
DA:1,150
DA:4,31
LF:2
LH:2
BRF:0
BRH:0
end_of_record
TN:
SF:app/codeCharta/state/store/appSettings/isLoadingFile/isLoadingFile.actions.ts
FN:3,(anonymous_0)
FN:14,setIsLoadingFile
FNF:2
FNH:2
FNDA:152,(anonymous_0)
FNDA:1531,setIsLoadingFile
DA:3,152
DA:4,152
DA:15,1531
DA:21,152
LF:4
LH:4
BRDA:3,0,0,152
BRDA:3,0,1,152
BRDA:14,1,0,1479
BRF:3
BRH:3
end_of_record
TN:
SF:app/codeCharta/state/store/appSettings/isLoadingFile/isLoadingFile.reducer.ts
FN:3,isLoadingFile
FNF:1
FNH:1
FNDA:4517,isLoadingFile
DA:1,150
DA:4,4517
DA:6,54
DA:8,4463
LF:4
LH:4
BRDA:3,0,0,1478
BRDA:5,1,0,54
BRDA:5,1,1,4463
BRF:3
BRH:3
end_of_record
TN:
SF:app/codeCharta/state/store/appSettings/isLoadingFile/isLoadingFile.service.ts
FN:13,(anonymous_0)
FN:17,(anonymous_1)
FN:23,(anonymous_2)
FN:27,(anonymous_3)
FN:31,(anonymous_4)
FN:32,(anonymous_5)
FNF:6
FNH:5
FNDA:12,(anonymous_0)
FNDA:304,(anonymous_1)
FNDA:21,(anonymous_2)
FNDA:21,(anonymous_3)
FNDA:2,(anonymous_4)
FNDA:0,(anonymous_5)
DA:1,114
DA:3,114
DA:4,114
DA:11,114
DA:13,12
DA:14,12
DA:18,304
DA:19,21
DA:24,21
DA:28,21
DA:32,2
DA:33,0
LF:12
LH:11
BRDA:18,0,0,21
BRDA:18,0,1,283
BRF:2
BRH:2
end_of_record
TN:
SF:app/codeCharta/state/store/appSettings/isLoadingFile/isLoadingFile.splitter.ts
FN:3,splitIsLoadingFileAction
FNF:1
FNH:1
FNDA:31,splitIsLoadingFileAction
DA:1,150
DA:4,31
LF:2
LH:2
BRF:0
BRH:0
end_of_record
TN:
SF:app/codeCharta/state/store/appSettings/isLoadingMap/isLoadingMap.actions.ts
FN:3,(anonymous_0)
FN:14,setIsLoadingMap
FNF:2
FNH:2
FNDA:151,(anonymous_0)
FNDA:2286,setIsLoadingMap
DA:3,151
DA:4,151
DA:15,2286
DA:21,151
LF:4
LH:4
BRDA:3,0,0,151
BRDA:3,0,1,151
BRDA:14,1,0,1479
BRF:3
BRH:3
end_of_record
TN:
SF:app/codeCharta/state/store/appSettings/isLoadingMap/isLoadingMap.reducer.ts
FN:3,isLoadingMap
FNF:1
FNH:1
FNDA:4517,isLoadingMap
DA:1,150
DA:4,4517
DA:6,809
DA:8,3708
LF:4
LH:4
BRDA:3,0,0,1478
BRDA:5,1,0,809
BRDA:5,1,1,3708
BRF:3
BRH:3
end_of_record
TN:
SF:app/codeCharta/state/store/appSettings/isLoadingMap/isLoadingMap.service.ts
FN:13,(anonymous_0)
FN:17,(anonymous_1)
FN:23,(anonymous_2)
FN:27,(anonymous_3)
FN:31,(anonymous_4)
FN:32,(anonymous_5)
FNF:6
FNH:5
FNDA:12,(anonymous_0)
FNDA:304,(anonymous_1)
FNDA:23,(anonymous_2)
FNDA:23,(anonymous_3)
FNDA:1,(anonymous_4)
FNDA:0,(anonymous_5)
DA:1,114
DA:3,114
DA:4,114
DA:11,114
DA:13,12
DA:14,12
DA:18,304
DA:19,23
DA:24,23
DA:28,23
DA:32,1
DA:33,0
LF:12
LH:11
BRDA:18,0,0,23
BRDA:18,0,1,281
BRF:2
BRH:2
end_of_record
TN:
SF:app/codeCharta/state/store/appSettings/isLoadingMap/isLoadingMap.splitter.ts
FN:3,splitIsLoadingMapAction
FNF:1
FNH:1
FNDA:31,splitIsLoadingMapAction
DA:1,150
DA:4,31
LF:2
LH:2
BRF:0
BRH:0
end_of_record
TN:
SF:app/codeCharta/state/store/appSettings/isPresentationMode/isPresentationMode.actions.ts
FN:3,(anonymous_0)
FN:14,setPresentationMode
FNF:2
FNH:2
FNDA:151,(anonymous_0)
FNDA:1515,setPresentationMode
DA:3,151
DA:4,151
DA:15,1515
DA:21,151
LF:4
LH:4
BRDA:3,0,0,151
BRDA:3,0,1,151
BRDA:14,1,0,1479
BRF:3
BRH:3
end_of_record
TN:
SF:app/codeCharta/state/store/appSettings/isPresentationMode/isPresentationMode.reducer.ts
FN:3,isPresentationMode
FNF:1
FNH:1
FNDA:4517,isPresentationMode
DA:1,150
DA:4,4517
DA:6,38
DA:8,4479
LF:4
LH:4
BRDA:3,0,0,1478
BRDA:5,1,0,38
BRDA:5,1,1,4479
BRF:3
BRH:3
end_of_record
TN:
SF:app/codeCharta/state/store/appSettings/isPresentationMode/isPresentationMode.service.ts
FN:13,(anonymous_0)
FN:17,(anonymous_1)
FN:23,(anonymous_2)
FN:27,(anonymous_3)
FN:33,(anonymous_4)
FN:34,(anonymous_5)
FNF:6
FNH:5
FNDA:12,(anonymous_0)
FNDA:304,(anonymous_1)
FNDA:11,(anonymous_2)
FNDA:11,(anonymous_3)
FNDA:1,(anonymous_4)
FNDA:0,(anonymous_5)
DA:1,114
DA:3,114
DA:4,114
DA:11,114
DA:13,12
DA:14,12
DA:18,304
DA:19,11
DA:24,11
DA:28,11
DA:34,1
DA:35,0
LF:12
LH:11
BRDA:18,0,0,11
BRDA:18,0,1,293
BRF:2
BRH:2
end_of_record
TN:
SF:app/codeCharta/state/store/appSettings/isPresentationMode/isPresentationMode.splitter.ts
FN:3,splitIsPresentationModeAction
FNF:1
FNH:1
FNDA:31,splitIsPresentationModeAction
DA:1,150
DA:4,31
LF:2
LH:2
BRF:0
BRH:0
end_of_record
TN:
SF:app/codeCharta/state/store/appSettings/isWhiteBackground/isWhiteBackground.actions.ts
FN:3,(anonymous_0)
FN:14,setIsWhiteBackground
FNF:2
FNH:2
FNDA:151,(anonymous_0)
FNDA:1513,setIsWhiteBackground
DA:3,151
DA:4,151
DA:15,1513
DA:21,151
LF:4
LH:4
BRDA:3,0,0,151
BRDA:3,0,1,151
BRDA:14,1,0,1479
BRF:3
BRH:3
end_of_record
TN:
SF:app/codeCharta/state/store/appSettings/isWhiteBackground/isWhiteBackground.reducer.ts
FN:3,isWhiteBackground
FNF:1
FNH:1
FNDA:4517,isWhiteBackground
DA:1,150
DA:4,4517
DA:6,36
DA:8,4481
LF:4
LH:4
BRDA:3,0,0,1478
BRDA:5,1,0,36
BRDA:5,1,1,4481
BRF:3
BRH:3
end_of_record
TN:
SF:app/codeCharta/state/store/appSettings/isWhiteBackground/isWhiteBackground.service.ts
FN:13,(anonymous_0)
FN:17,(anonymous_1)
FN:23,(anonymous_2)
FN:27,(anonymous_3)
FN:33,(anonymous_4)
FN:34,(anonymous_5)
FNF:6
FNH:5
FNDA:12,(anonymous_0)
FNDA:304,(anonymous_1)
FNDA:11,(anonymous_2)
FNDA:11,(anonymous_3)
FNDA:3,(anonymous_4)
FNDA:0,(anonymous_5)
DA:1,114
DA:3,114
DA:4,114
DA:11,114
DA:13,12
DA:14,12
DA:18,304
DA:19,11
DA:24,11
DA:28,11
DA:34,3
DA:35,0
LF:12
LH:11
BRDA:18,0,0,11
BRDA:18,0,1,293
BRF:2
BRH:2
end_of_record
TN:
SF:app/codeCharta/state/store/appSettings/isWhiteBackground/isWhiteBackground.splitter.ts
FN:3,splitIsWhiteBackgroundAction
FNF:1
FNH:1
FNDA:31,splitIsWhiteBackgroundAction
DA:1,150
DA:4,31
LF:2
LH:2
BRF:0
BRH:0
end_of_record
TN:
SF:app/codeCharta/state/store/appSettings/layoutAlgorithm/layoutAlgorithm.actions.ts
FN:3,(anonymous_0)
FN:14,setLayoutAlgorithm
FNF:2
FNH:2
FNDA:151,(anonymous_0)
FNDA:1512,setLayoutAlgorithm
DA:1,151
DA:3,151
DA:4,151
DA:15,1512
DA:21,151
LF:5
LH:5
BRDA:3,0,0,151
BRDA:3,0,1,151
BRDA:14,1,0,1479
BRF:3
BRH:3
end_of_record
TN:
SF:app/codeCharta/state/store/appSettings/layoutAlgorithm/layoutAlgorithm.reducer.ts
FN:4,layoutAlgorithm
FNF:1
FNH:1
FNDA:4517,layoutAlgorithm
DA:1,150
DA:5,4517
DA:7,35
DA:9,4482
LF:4
LH:4
BRDA:4,0,0,1478
BRDA:6,1,0,35
BRDA:6,1,1,4482
BRF:3
BRH:3
end_of_record
TN:
SF:app/codeCharta/state/store/appSettings/layoutAlgorithm/layoutAlgorithm.service.ts
FN:14,(anonymous_0)
FN:18,(anonymous_1)
FN:24,(anonymous_2)
FN:28,(anonymous_3)
FN:32,(anonymous_4)
FN:33,(anonymous_5)
FNF:6
FNH:6
FNDA:12,(anonymous_0)
FNDA:304,(anonymous_1)
FNDA:11,(anonymous_2)
FNDA:11,(anonymous_3)
FNDA:230,(anonymous_4)
FNDA:10,(anonymous_5)
DA:1,114
DA:3,114
DA:5,114
DA:12,114
DA:14,12
DA:15,12
DA:19,304
DA:20,11
DA:25,11
DA:29,11
DA:33,230
DA:34,10
LF:12
LH:12
BRDA:19,0,0,11
BRDA:19,0,1,293
BRF:2
BRH:2
end_of_record
TN:
SF:app/codeCharta/state/store/appSettings/layoutAlgorithm/layoutAlgorithm.splitter.ts
FN:4,splitLayoutAlgorithmAction
FNF:1
FNH:1
FNDA:31,splitLayoutAlgorithmAction
DA:1,150
DA:5,31
LF:2
LH:2
BRF:0
BRH:0
end_of_record
TN:
SF:app/codeCharta/state/store/appSettings/mapColors/mapColors.actions.ts
FN:3,(anonymous_0)
FN:14,setMapColors
FNF:2
FNH:2
FNDA:151,(anonymous_0)
FNDA:1517,setMapColors
DA:3,151
DA:4,151
DA:15,1517
DA:21,151
LF:4
LH:4
BRDA:3,0,0,151
BRDA:3,0,1,151
BRDA:14,1,0,1479
BRF:3
BRH:3
end_of_record
TN:
SF:app/codeCharta/state/store/appSettings/mapColors/mapColors.reducer.ts
FN:3,mapColors
FNF:1
FNH:1
FNDA:4518,mapColors
DA:1,150
DA:4,4518
DA:6,40
DA:8,4478
LF:4
LH:4
BRDA:3,0,0,1478
BRDA:5,1,0,40
BRDA:5,1,1,4478
BRF:3
BRH:3
end_of_record
TN:
SF:app/codeCharta/state/store/appSettings/mapColors/mapColors.service.ts
FN:14,(anonymous_0)
FN:18,(anonymous_1)
FN:24,(anonymous_2)
FN:28,(anonymous_3)
FN:32,(anonymous_4)
FN:33,(anonymous_5)
FNF:6
FNH:6
FNDA:12,(anonymous_0)
FNDA:304,(anonymous_1)
FNDA:11,(anonymous_2)
FNDA:11,(anonymous_3)
FNDA:443,(anonymous_4)
FNDA:10,(anonymous_5)
DA:1,114
DA:3,114
DA:5,114
DA:12,114
DA:14,12
DA:15,12
DA:19,304
DA:20,11
DA:25,11
DA:29,11
DA:33,443
DA:34,10
LF:12
LH:12
BRDA:19,0,0,11
BRDA:19,0,1,293
BRF:2
BRH:2
end_of_record
TN:
SF:app/codeCharta/state/store/appSettings/mapColors/mapColors.splitter.ts
FN:4,splitMapColorsAction
FNF:1
FNH:1
FNDA:31,splitMapColorsAction
DA:1,150
DA:5,31
LF:2
LH:2
BRF:0
BRH:0
end_of_record
TN:
SF:app/codeCharta/state/store/appSettings/maxTreeMapFiles/maxTreeMapFiles.actions.ts
FN:3,(anonymous_0)
FN:14,setMaxTreeMapFiles
FNF:2
FNH:2
FNDA:151,(anonymous_0)
FNDA:1511,setMaxTreeMapFiles
DA:3,151
DA:4,151
DA:15,1511
DA:21,151
LF:4
LH:4
BRDA:3,0,0,151
BRDA:3,0,1,151
BRDA:14,1,0,1479
BRF:3
BRH:3
end_of_record
TN:
SF:app/codeCharta/state/store/appSettings/maxTreeMapFiles/maxTreeMapFiles.reducer.ts
FN:3,maxTreeMapFiles
FNF:1
FNH:1
FNDA:4517,maxTreeMapFiles
DA:1,150
DA:4,4517
DA:6,34
DA:8,4483
LF:4
LH:4
BRDA:3,0,0,1478
BRDA:5,1,0,34
BRDA:5,1,1,4483
BRF:3
BRH:3
end_of_record
TN:
SF:app/codeCharta/state/store/appSettings/maxTreeMapFiles/maxTreeMapFiles.service.ts
FN:13,(anonymous_0)
FN:17,(anonymous_1)
FN:23,(anonymous_2)
FN:27,(anonymous_3)
FN:31,(anonymous_4)
FN:32,(anonymous_5)
FNF:6
FNH:5
FNDA:12,(anonymous_0)
FNDA:304,(anonymous_1)
FNDA:11,(anonymous_2)
FNDA:11,(anonymous_3)
FNDA:24,(anonymous_4)
FNDA:0,(anonymous_5)
DA:1,114
DA:3,114
DA:4,114
DA:11,114
DA:13,12
DA:14,12
DA:18,304
DA:19,11
DA:24,11
DA:28,11
DA:32,24
DA:33,0
LF:12
LH:11
BRDA:18,0,0,11
BRDA:18,0,1,293
BRF:2
BRH:2
end_of_record
TN:
SF:app/codeCharta/state/store/appSettings/maxTreeMapFiles/maxTreeMapFiles.splitter.ts
FN:3,splitMaxTreeMapFilesAction
FNF:1
FNH:1
FNDA:31,splitMaxTreeMapFilesAction
DA:1,150
DA:4,31
LF:2
LH:2
BRF:0
BRH:0
end_of_record
TN:
SF:app/codeCharta/state/store/appSettings/panelSelection/panelSelection.actions.ts
FN:4,(anonymous_0)
FN:15,setPanelSelection
FNF:2
FNH:2
FNDA:151,(anonymous_0)
FNDA:1525,setPanelSelection
DA:2,151
DA:4,151
DA:5,151
DA:16,1525
DA:22,151
LF:5
LH:5
BRDA:4,0,0,151
BRDA:4,0,1,151
BRDA:15,1,0,1479
BRF:3
BRH:3
end_of_record
TN:
SF:app/codeCharta/state/store/appSettings/panelSelection/panelSelection.reducer.ts
FN:3,panelSelection
FNF:1
FNH:1
FNDA:4517,panelSelection
DA:1,150
DA:4,4517
DA:6,48
DA:8,4469
LF:4
LH:4
BRDA:3,0,0,1478
BRDA:5,1,0,48
BRDA:5,1,1,4469
BRF:3
BRH:3
end_of_record
TN:
SF:app/codeCharta/state/store/appSettings/panelSelection/panelSelection.service.ts
FN:14,(anonymous_0)
FN:18,(anonymous_1)
FN:24,(anonymous_2)
FN:28,(anonymous_3)
FN:32,(anonymous_4)
FN:33,(anonymous_5)
FNF:6
FNH:5
FNDA:12,(anonymous_0)
FNDA:304,(anonymous_1)
FNDA:11,(anonymous_2)
FNDA:11,(anonymous_3)
FNDA:1,(anonymous_4)
FNDA:0,(anonymous_5)
DA:1,114
DA:3,114
DA:4,114
DA:12,114
DA:14,12
DA:15,12
DA:19,304
DA:20,11
DA:25,11
DA:29,11
DA:33,1
DA:34,0
LF:12
LH:11
BRDA:19,0,0,11
BRDA:19,0,1,293
BRF:2
BRH:2
end_of_record
TN:
SF:app/codeCharta/state/store/appSettings/panelSelection/panelSelection.splitter.ts
FN:4,splitPanelSelectionAction
FNF:1
FNH:1
FNDA:31,splitPanelSelectionAction
DA:1,150
DA:5,31
LF:2
LH:2
BRF:0
BRH:0
end_of_record
TN:
SF:app/codeCharta/state/store/appSettings/resetCameraIfNewFileIsLoaded/resetCameraIfNewFileIsLoaded.actions.ts
FN:3,(anonymous_0)
FN:14,setResetCameraIfNewFileIsLoaded
FNF:2
FNH:2
FNDA:151,(anonymous_0)
FNDA:1515,setResetCameraIfNewFileIsLoaded
DA:3,151
DA:4,151
DA:17,1515
DA:23,151
LF:4
LH:4
BRDA:3,0,0,151
BRDA:3,0,1,151
BRDA:15,1,0,1479
BRF:3
BRH:3
end_of_record
TN:
SF:app/codeCharta/state/store/appSettings/resetCameraIfNewFileIsLoaded/resetCameraIfNewFileIsLoaded.reducer.ts
FN:7,resetCameraIfNewFileIsLoaded
FNF:1
FNH:1
FNDA:4517,resetCameraIfNewFileIsLoaded
DA:1,150
DA:11,4517
DA:13,38
DA:15,4479
LF:4
LH:4
BRDA:8,0,0,1478
BRDA:12,1,0,38
BRDA:12,1,1,4479
BRF:3
BRH:3
end_of_record
TN:
SF:app/codeCharta/state/store/appSettings/resetCameraIfNewFileIsLoaded/resetCameraIfNewFileIsLoaded.service.ts
FN:13,(anonymous_0)
FN:17,(anonymous_1)
FN:23,(anonymous_2)
FN:27,(anonymous_3)
FN:33,(anonymous_4)
FN:34,(anonymous_5)
FNF:6
FNH:5
FNDA:12,(anonymous_0)
FNDA:304,(anonymous_1)
FNDA:11,(anonymous_2)
FNDA:11,(anonymous_3)
FNDA:5,(anonymous_4)
FNDA:0,(anonymous_5)
DA:1,114
DA:3,114
DA:4,114
DA:11,114
DA:13,12
DA:14,12
DA:18,304
DA:19,11
DA:24,11
DA:28,11
DA:34,5
DA:35,0
LF:12
LH:11
BRDA:18,0,0,11
BRDA:18,0,1,293
BRF:2
BRH:2
end_of_record
TN:
SF:app/codeCharta/state/store/appSettings/resetCameraIfNewFileIsLoaded/resetCameraIfNewFileIsLoaded.splitter.ts
FN:3,splitResetCameraIfNewFileIsLoadedAction
FNF:1
FNH:1
FNDA:31,splitResetCameraIfNewFileIsLoadedAction
DA:1,150
DA:4,31
LF:2
LH:2
BRF:0
BRH:0
end_of_record
TN:
SF:app/codeCharta/state/store/appSettings/scaling/scaling.actions.ts
FN:4,(anonymous_0)
FN:15,setScaling
FNF:2
FNH:2
FNDA:152,(anonymous_0)
FNDA:1523,setScaling
DA:1,152
DA:4,152
DA:5,152
DA:16,1523
DA:22,152
LF:5
LH:5
BRDA:4,0,0,152
BRDA:4,0,1,152
BRDA:15,1,0,1479
BRF:3
BRH:3
end_of_record
TN:
SF:app/codeCharta/state/store/appSettings/scaling/scaling.reducer.ts
FN:4,scaling
FNF:1
FNH:1
FNDA:4517,scaling
DA:1,150
DA:2,150
DA:5,4517
DA:7,45
DA:9,4472
LF:5
LH:5
BRDA:4,0,0,1478
BRDA:6,1,0,45
BRDA:6,1,1,4472
BRF:3
BRH:3
end_of_record
TN:
SF:app/codeCharta/state/store/appSettings/scaling/scaling.service.ts
FN:14,(anonymous_0)
FN:18,(anonymous_1)
FN:24,(anonymous_2)
FN:28,(anonymous_3)
FN:32,(anonymous_4)
FN:33,(anonymous_5)
FNF:6
FNH:6
FNDA:12,(anonymous_0)
FNDA:304,(anonymous_1)
FNDA:11,(anonymous_2)
FNDA:11,(anonymous_3)
FNDA:134,(anonymous_4)
FNDA:10,(anonymous_5)
DA:1,114
DA:3,114
DA:5,114
DA:12,114
DA:14,12
DA:15,12
DA:19,304
DA:20,11
DA:25,11
DA:29,11
DA:33,134
DA:34,10
LF:12
LH:12
BRDA:19,0,0,11
BRDA:19,0,1,293
BRF:2
BRH:2
end_of_record
TN:
SF:app/codeCharta/state/store/appSettings/scaling/scaling.splitter.ts
FN:4,splitScalingAction
FNF:1
FNH:1
FNDA:33,splitScalingAction
DA:1,150
DA:5,33
LF:2
LH:2
BRF:0
BRH:0
end_of_record
TN:
SF:app/codeCharta/state/store/appSettings/searchPanelMode/searchPanelMode.actions.ts
FN:4,(anonymous_0)
FN:15,setSearchPanelMode
FNF:2
FNH:2
FNDA:151,(anonymous_0)
FNDA:1525,setSearchPanelMode
DA:2,151
DA:4,151
DA:5,151
DA:16,1525
DA:22,151
LF:5
LH:5
BRDA:4,0,0,151
BRDA:4,0,1,151
BRDA:15,1,0,1479
BRF:3
BRH:3
end_of_record
TN:
SF:app/codeCharta/state/store/appSettings/searchPanelMode/searchPanelMode.reducer.ts
FN:3,searchPanelMode
FNF:1
FNH:1
FNDA:4517,searchPanelMode
DA:1,150
DA:4,4517
DA:6,48
DA:8,4469
LF:4
LH:4
BRDA:3,0,0,1478
BRDA:5,1,0,48
BRDA:5,1,1,4469
BRF:3
BRH:3
end_of_record
TN:
SF:app/codeCharta/state/store/appSettings/searchPanelMode/searchPanelMode.service.ts
FN:14,(anonymous_0)
FN:18,(anonymous_1)
FN:24,(anonymous_2)
FN:28,(anonymous_3)
FN:34,(anonymous_4)
FN:35,(anonymous_5)
FNF:6
FNH:5
FNDA:12,(anonymous_0)
FNDA:304,(anonymous_1)
FNDA:11,(anonymous_2)
FNDA:11,(anonymous_3)
FNDA:13,(anonymous_4)
FNDA:0,(anonymous_5)
DA:1,114
DA:3,114
DA:5,114
DA:12,114
DA:14,12
DA:15,12
DA:19,304
DA:20,11
DA:25,11
DA:29,11
DA:35,13
DA:36,0
LF:12
LH:11
BRDA:19,0,0,11
BRDA:19,0,1,293
BRF:2
BRH:2
end_of_record
TN:
SF:app/codeCharta/state/store/appSettings/searchPanelMode/searchPanelMode.splitter.ts
FN:4,splitSearchPanelModeAction
FNF:1
FNH:1
FNDA:31,splitSearchPanelModeAction
DA:1,150
DA:5,31
LF:2
LH:2
BRF:0
BRH:0
end_of_record
TN:
SF:app/codeCharta/state/store/appSettings/showMetricLabelNameValue/labelShowNodeNameService.ts
FN:13,(anonymous_0)
FN:17,(anonymous_1)
FN:23,(anonymous_2)
FN:27,(anonymous_3)
FN:33,(anonymous_4)
FN:34,(anonymous_5)
FNF:6
FNH:5
FNDA:12,(anonymous_0)
FNDA:304,(anonymous_1)
FNDA:11,(anonymous_2)
FNDA:11,(anonymous_3)
FNDA:9,(anonymous_4)
FNDA:0,(anonymous_5)
DA:1,114
DA:3,114
DA:4,114
DA:11,114
DA:13,12
DA:14,12
DA:18,304
DA:19,11
DA:24,11
DA:28,11
DA:34,9
DA:35,0
LF:12
LH:11
BRDA:18,0,0,11
BRDA:18,0,1,293
BRF:2
BRH:2
end_of_record
TN:
SF:app/codeCharta/state/store/appSettings/showMetricLabelNameValue/showMetricLabelNameValue.actions.ts
FN:3,(anonymous_0)
FN:14,setShowMetricLabelNameValue
FNF:2
FNH:2
FNDA:151,(anonymous_0)
FNDA:1513,setShowMetricLabelNameValue
DA:3,151
DA:4,151
DA:17,1513
DA:23,151
LF:4
LH:4
BRDA:3,0,0,151
BRDA:3,0,1,151
BRDA:15,1,0,1479
BRF:3
BRH:3
end_of_record
TN:
SF:app/codeCharta/state/store/appSettings/showMetricLabelNameValue/showMetricLabelNameValue.reducer.ts
FN:7,showMetricLabelNameValue
FNF:1
FNH:1
FNDA:4517,showMetricLabelNameValue
DA:1,150
DA:8,4517
DA:10,36
DA:12,4481
LF:4
LH:4
BRDA:7,0,0,1478
BRDA:9,1,0,36
BRDA:9,1,1,4481
BRF:3
BRH:3
end_of_record
TN:
SF:app/codeCharta/state/store/appSettings/showMetricLabelNameValue/showMetricLabelNameValue.splitter.ts
FN:3,splitShowMetricLabelNameValueAction
FNF:1
FNH:1
FNDA:31,splitShowMetricLabelNameValueAction
DA:1,150
DA:4,31
LF:2
LH:2
BRF:0
BRH:0
end_of_record
TN:
SF:app/codeCharta/state/store/appSettings/showMetricLabelNodeName/labelShowMetricValueService.ts
FN:13,(anonymous_0)
FN:17,(anonymous_1)
FN:23,(anonymous_2)
FN:27,(anonymous_3)
FN:33,(anonymous_4)
FN:34,(anonymous_5)
FNF:6
FNH:5
FNDA:12,(anonymous_0)
FNDA:304,(anonymous_1)
FNDA:11,(anonymous_2)
FNDA:11,(anonymous_3)
FNDA:11,(anonymous_4)
FNDA:0,(anonymous_5)
DA:1,114
DA:3,114
DA:4,114
DA:11,114
DA:13,12
DA:14,12
DA:18,304
DA:19,11
DA:24,11
DA:28,11
DA:34,11
DA:35,0
LF:12
LH:11
BRDA:18,0,0,11
BRDA:18,0,1,293
BRF:2
BRH:2
end_of_record
TN:
SF:app/codeCharta/state/store/appSettings/showMetricLabelNodeName/showMetricLabelNodeName.actions.ts
FN:3,(anonymous_0)
FN:14,setShowMetricLabelNodeName
FNF:2
FNH:2
FNDA:151,(anonymous_0)
FNDA:1513,setShowMetricLabelNodeName
DA:3,151
DA:4,151
DA:17,1513
DA:23,151
LF:4
LH:4
BRDA:3,0,0,151
BRDA:3,0,1,151
BRDA:15,1,0,1479
BRF:3
BRH:3
end_of_record
TN:
SF:app/codeCharta/state/store/appSettings/showMetricLabelNodeName/showMetricLabelNodeName.reducer.ts
FN:7,showMetricLabelNodeName
FNF:1
FNH:1
FNDA:4517,showMetricLabelNodeName
DA:1,150
DA:8,4517
DA:10,36
DA:12,4481
LF:4
LH:4
BRDA:7,0,0,1478
BRDA:9,1,0,36
BRDA:9,1,1,4481
BRF:3
BRH:3
end_of_record
TN:
SF:app/codeCharta/state/store/appSettings/showMetricLabelNodeName/showMetricLabelNodeName.splitter.ts
FN:3,splitShowMetricLabelNodeNameAction
FNF:1
FNH:1
FNDA:31,splitShowMetricLabelNodeNameAction
DA:1,150
DA:4,31
LF:2
LH:2
BRF:0
BRH:0
end_of_record
TN:
SF:app/codeCharta/state/store/appSettings/showOnlyBuildingsWithEdges/showOnlyBuildingsWithEdges.actions.ts
FN:3,(anonymous_0)
FN:14,setShowOnlyBuildingsWithEdges
FNF:2
FNH:2
FNDA:151,(anonymous_0)
FNDA:1516,setShowOnlyBuildingsWithEdges
DA:3,151
DA:4,151
DA:17,1516
DA:23,151
LF:4
LH:4
BRDA:3,0,0,151
BRDA:3,0,1,151
BRDA:15,1,0,1479
BRF:3
BRH:3
end_of_record
TN:
SF:app/codeCharta/state/store/appSettings/showOnlyBuildingsWithEdges/showOnlyBuildingsWithEdges.reducer.ts
FN:7,showOnlyBuildingsWithEdges
FNF:1
FNH:1
FNDA:4517,showOnlyBuildingsWithEdges
DA:1,150
DA:8,4517
DA:10,39
DA:12,4478
LF:4
LH:4
BRDA:7,0,0,1478
BRDA:9,1,0,39
BRDA:9,1,1,4478
BRF:3
BRH:3
end_of_record
TN:
SF:app/codeCharta/state/store/appSettings/showOnlyBuildingsWithEdges/showOnlyBuildingsWithEdges.service.ts
FN:13,(anonymous_0)
FN:17,(anonymous_1)
FN:23,(anonymous_2)
FN:27,(anonymous_3)
FN:33,(anonymous_4)
FN:34,(anonymous_5)
FNF:6
FNH:5
FNDA:12,(anonymous_0)
FNDA:304,(anonymous_1)
FNDA:11,(anonymous_2)
FNDA:11,(anonymous_3)
FNDA:5,(anonymous_4)
FNDA:0,(anonymous_5)
DA:1,114
DA:3,114
DA:4,114
DA:11,114
DA:13,12
DA:14,12
DA:18,304
DA:19,11
DA:24,11
DA:28,11
DA:34,5
DA:35,0
LF:12
LH:11
BRDA:18,0,0,11
BRDA:18,0,1,293
BRF:2
BRH:2
end_of_record
TN:
SF:app/codeCharta/state/store/appSettings/showOnlyBuildingsWithEdges/showOnlyBuildingsWithEdges.splitter.ts
FN:3,splitShowOnlyBuildingsWithEdgesAction
FNF:1
FNH:1
FNDA:31,splitShowOnlyBuildingsWithEdgesAction
DA:1,150
DA:4,31
LF:2
LH:2
BRF:0
BRH:0
end_of_record
TN:
SF:app/codeCharta/state/store/appSettings/sortingOrderAscending/sortingOrderAscending.actions.ts
FN:3,(anonymous_0)
FN:14,setSortingOrderAscending
FNF:2
FNH:2
FNDA:151,(anonymous_0)
FNDA:1512,setSortingOrderAscending
DA:3,151
DA:4,151
DA:15,1512
DA:21,151
LF:4
LH:4
BRDA:3,0,0,151
BRDA:3,0,1,151
BRDA:14,1,0,1479
BRF:3
BRH:3
end_of_record
TN:
SF:app/codeCharta/state/store/appSettings/sortingOrderAscending/sortingOrderAscending.reducer.ts
FN:3,sortingOrderAscending
FNF:1
FNH:1
FNDA:4517,sortingOrderAscending
DA:1,150
DA:4,4517
DA:6,35
DA:8,4482
LF:4
LH:4
BRDA:3,0,0,1478
BRDA:5,1,0,35
BRDA:5,1,1,4482
BRF:3
BRH:3
end_of_record
TN:
SF:app/codeCharta/state/store/appSettings/sortingOrderAscending/sortingOrderAscending.service.ts
FN:13,(anonymous_0)
FN:17,(anonymous_1)
FN:23,(anonymous_2)
FN:27,(anonymous_3)
FN:33,(anonymous_4)
FN:34,(anonymous_5)
FNF:6
FNH:5
FNDA:12,(anonymous_0)
FNDA:304,(anonymous_1)
FNDA:11,(anonymous_2)
FNDA:11,(anonymous_3)
FNDA:6,(anonymous_4)
FNDA:0,(anonymous_5)
DA:1,114
DA:3,114
DA:4,114
DA:11,114
DA:13,12
DA:14,12
DA:18,304
DA:19,11
DA:24,11
DA:28,11
DA:34,6
DA:35,0
LF:12
LH:11
BRDA:18,0,0,11
BRDA:18,0,1,293
BRF:2
BRH:2
end_of_record
TN:
SF:app/codeCharta/state/store/appSettings/sortingOrderAscending/sortingOrderAscending.splitter.ts
FN:3,splitSortingOrderAscendingAction
FNF:1
FNH:1
FNDA:31,splitSortingOrderAscendingAction
DA:1,150
DA:4,31
LF:2
LH:2
BRF:0
BRH:0
end_of_record
TN:
SF:app/codeCharta/state/store/appSettings/whiteColorBuildings/whiteColorBuildings.actions.ts
FN:3,(anonymous_0)
FN:14,setWhiteColorBuildings
FNF:2
FNH:2
FNDA:151,(anonymous_0)
FNDA:1512,setWhiteColorBuildings
DA:3,151
DA:4,151
DA:15,1512
DA:21,151
LF:4
LH:4
BRDA:3,0,0,151
BRDA:3,0,1,151
BRDA:14,1,0,1479
BRF:3
BRH:3
end_of_record
TN:
SF:app/codeCharta/state/store/appSettings/whiteColorBuildings/whiteColorBuildings.reducer.ts
FN:3,whiteColorBuildings
FNF:1
FNH:1
FNDA:4517,whiteColorBuildings
DA:1,150
DA:4,4517
DA:6,35
DA:8,4482
LF:4
LH:4
BRDA:3,0,0,1478
BRDA:5,1,0,35
BRDA:5,1,1,4482
BRF:3
BRH:3
end_of_record
TN:
SF:app/codeCharta/state/store/appSettings/whiteColorBuildings/whiteColorBuildings.service.ts
FN:13,(anonymous_0)
FN:17,(anonymous_1)
FN:23,(anonymous_2)
FN:27,(anonymous_3)
FN:33,(anonymous_4)
FN:34,(anonymous_5)
FNF:6
FNH:5
FNDA:12,(anonymous_0)
FNDA:304,(anonymous_1)
FNDA:11,(anonymous_2)
FNDA:11,(anonymous_3)
FNDA:18,(anonymous_4)
FNDA:0,(anonymous_5)
DA:1,114
DA:3,114
DA:4,114
DA:11,114
DA:13,12
DA:14,12
DA:18,304
DA:19,11
DA:24,11
DA:28,11
DA:34,18
DA:35,0
LF:12
LH:11
BRDA:18,0,0,11
BRDA:18,0,1,293
BRF:2
BRH:2
end_of_record
TN:
SF:app/codeCharta/state/store/appSettings/whiteColorBuildings/whiteColorBuildings.splitter.ts
FN:3,splitWhiteColorBuildingsAction
FNF:1
FNH:1
FNDA:31,splitWhiteColorBuildingsAction
DA:1,150
DA:4,31
LF:2
LH:2
BRF:0
BRH:0
end_of_record
TN:
SF:app/codeCharta/state/store/dynamicSettings/dynamicSettings.actions.ts
FN:16,(anonymous_0)
FN:27,setDynamicSettings
FNF:2
FNH:2
FNDA:150,(anonymous_0)
FNDA:15,setDynamicSettings
DA:4,150
DA:5,150
DA:6,150
DA:7,150
DA:8,150
DA:9,150
DA:10,150
DA:11,150
DA:12,150
DA:13,150
DA:14,150
DA:16,150
DA:17,150
DA:28,15
DA:34,150
LF:15
LH:15
BRDA:16,0,0,150
BRDA:16,0,1,150
BRDA:27,1,0,0
BRF:3
BRH:2
end_of_record
TN:
SF:app/codeCharta/state/store/dynamicSettings/dynamicSettings.reducer.ts
FNF:0
FNH:0
DA:2,149
DA:3,149
DA:4,149
DA:5,149
DA:6,149
DA:7,149
DA:8,149
DA:9,149
DA:10,149
DA:11,149
DA:12,149
DA:13,149
DA:15,149
DA:30,149
LF:14
LH:14
BRF:0
BRH:0
end_of_record
TN:
SF:app/codeCharta/state/store/dynamicSettings/dynamicSettings.splitter.ts
FN:16,splitDynamicSettingsActions
FNF:1
FNH:1
FNDA:39,splitDynamicSettingsActions
DA:4,150
DA:5,150
DA:6,150
DA:7,150
DA:8,150
DA:9,150
DA:10,150
DA:11,150
DA:12,150
DA:13,150
DA:14,150
DA:17,39
DA:20,39
DA:21,32
DA:24,39
DA:25,32
DA:28,39
DA:29,32
DA:32,39
DA:33,32
DA:36,39
DA:37,32
DA:40,39
DA:41,32
DA:44,39
DA:45,34
DA:48,39
DA:49,37
DA:52,39
DA:53,32
DA:56,39
DA:57,36
DA:60,39
DA:61,37
DA:64,39
LF:35
LH:35
BRDA:20,0,0,32
BRDA:20,0,1,7
BRDA:24,1,0,32
BRDA:24,1,1,7
BRDA:28,2,0,32
BRDA:28,2,1,7
BRDA:32,3,0,32
BRDA:32,3,1,7
BRDA:36,4,0,32
BRDA:36,4,1,7
BRDA:40,5,0,32
BRDA:40,5,1,7
BRDA:44,6,0,34
BRDA:44,6,1,5
BRDA:48,7,0,37
BRDA:48,7,1,2
BRDA:52,8,0,32
BRDA:52,8,1,7
BRDA:56,9,0,36
BRDA:56,9,1,3
BRDA:60,10,0,37
BRDA:60,10,1,2
BRF:22
BRH:22
end_of_record
TN:
SF:app/codeCharta/state/store/dynamicSettings/areaMetric/areaMetric.actions.ts
FN:3,(anonymous_0)
FN:14,setAreaMetric
FNF:2
FNH:2
FNDA:151,(anonymous_0)
FNDA:1523,setAreaMetric
DA:3,151
DA:4,151
DA:15,1523
DA:21,151
LF:4
LH:4
BRDA:3,0,0,151
BRDA:3,0,1,151
BRDA:14,1,0,1479
BRF:3
BRH:3
end_of_record
TN:
SF:app/codeCharta/state/store/dynamicSettings/areaMetric/areaMetric.reducer.ts
FN:3,areaMetric
FNF:1
FNH:1
FNDA:4517,areaMetric
DA:1,150
DA:4,4517
DA:6,44
DA:8,4473
LF:4
LH:4
BRDA:3,0,0,1478
BRDA:5,1,0,44
BRDA:5,1,1,4473
BRF:3
BRH:3
end_of_record
TN:
SF:app/codeCharta/state/store/dynamicSettings/areaMetric/areaMetric.service.ts
FN:16,(anonymous_0)
FN:21,(anonymous_1)
FN:27,(anonymous_2)
FN:33,(anonymous_3)
FN:42,(anonymous_4)
FN:46,(anonymous_5)
FN:50,(anonymous_6)
FN:51,(anonymous_7)
FNF:8
FNH:7
FNDA:17,(anonymous_0)
FNDA:304,(anonymous_1)
FNDA:3,(anonymous_2)
FNDA:2,(anonymous_3)
FNDA:1,(anonymous_4)
FNDA:1,(anonymous_5)
FNDA:17,(anonymous_6)
FNDA:0,(anonymous_7)
DA:1,114
DA:3,114
DA:5,114
DA:6,114
DA:7,114
DA:14,114
DA:16,17
DA:17,17
DA:18,17
DA:22,304
DA:23,1
DA:28,3
DA:29,2
DA:34,2
DA:36,2
DA:37,1
DA:38,1
DA:43,1
DA:47,1
DA:51,17
DA:52,0
LF:21
LH:20
BRDA:22,0,0,1
BRDA:22,0,1,303
BRDA:28,1,0,2
BRDA:28,1,1,1
BRDA:36,2,0,1
BRDA:36,2,1,1
BRF:6
BRH:6
end_of_record
TN:
SF:app/codeCharta/state/store/dynamicSettings/areaMetric/areaMetric.splitter.ts
FN:3,splitAreaMetricAction
FNF:1
FNH:1
FNDA:37,splitAreaMetricAction
DA:1,150
DA:4,37
LF:2
LH:2
BRF:0
BRH:0
end_of_record
TN:
SF:app/codeCharta/state/store/dynamicSettings/colorMetric/colorMetric.actions.ts
FN:3,(anonymous_0)
FN:14,setColorMetric
FNF:2
FNH:2
FNDA:151,(anonymous_0)
FNDA:1520,setColorMetric
DA:3,151
DA:4,151
DA:15,1520
DA:21,151
LF:4
LH:4
BRDA:3,0,0,151
BRDA:3,0,1,151
BRDA:14,1,0,1479
BRF:3
BRH:3
end_of_record
TN:
SF:app/codeCharta/state/store/dynamicSettings/colorMetric/colorMetric.reducer.ts
FN:3,colorMetric
FNF:1
FNH:1
FNDA:4517,colorMetric
DA:1,150
DA:4,4517
DA:6,42
DA:8,4475
LF:4
LH:4
BRDA:3,0,0,1478
BRDA:5,1,0,42
BRDA:5,1,1,4475
BRF:3
BRH:3
end_of_record
TN:
SF:app/codeCharta/state/store/dynamicSettings/colorMetric/colorMetric.service.ts
FN:16,(anonymous_0)
FN:21,(anonymous_1)
FN:27,(anonymous_2)
FN:33,(anonymous_3)
FN:42,(anonymous_4)
FN:46,(anonymous_5)
FN:50,(anonymous_6)
FN:51,(anonymous_7)
FNF:8
FNH:7
FNDA:18,(anonymous_0)
FNDA:304,(anonymous_1)
FNDA:4,(anonymous_2)
FNDA:3,(anonymous_3)
FNDA:1,(anonymous_4)
FNDA:1,(anonymous_5)
FNDA:32,(anonymous_6)
FNDA:0,(anonymous_7)
DA:1,114
DA:3,114
DA:5,114
DA:6,114
DA:7,114
DA:14,114
DA:16,18
DA:17,18
DA:18,18
DA:22,304
DA:23,1
DA:28,4
DA:29,3
DA:34,3
DA:36,3
DA:37,2
DA:38,2
DA:43,1
DA:47,1
DA:51,32
DA:52,0
LF:21
LH:20
BRDA:22,0,0,1
BRDA:22,0,1,303
BRDA:28,1,0,3
BRDA:28,1,1,1
BRDA:36,2,0,2
BRDA:36,2,1,1
BRF:6
BRH:6
end_of_record
TN:
SF:app/codeCharta/state/store/dynamicSettings/colorMetric/colorMetric.splitter.ts
FN:3,splitColorMetricAction
FNF:1
FNH:1
FNDA:36,splitColorMetricAction
DA:1,150
DA:4,36
LF:2
LH:2
BRF:0
BRH:0
end_of_record
TN:
SF:app/codeCharta/state/store/dynamicSettings/colorRange/colorRange.actions.ts
FN:3,(anonymous_0)
FN:14,setColorRange
FNF:2
FNH:2
FNDA:151,(anonymous_0)
FNDA:1516,setColorRange
DA:3,151
DA:4,151
DA:15,1516
DA:21,151
LF:4
LH:4
BRDA:3,0,0,151
BRDA:3,0,1,151
BRDA:14,1,0,1479
BRF:3
BRH:3
end_of_record
TN:
SF:app/codeCharta/state/store/dynamicSettings/colorRange/colorRange.reducer.ts
FN:3,colorRange
FNF:1
FNH:1
FNDA:4517,colorRange
DA:1,150
DA:4,4517
DA:6,36
DA:8,4481
LF:4
LH:4
BRDA:3,0,0,1478
BRDA:5,1,0,36
BRDA:5,1,1,4481
BRF:3
BRH:3
end_of_record
TN:
SF:app/codeCharta/state/store/dynamicSettings/colorRange/colorRange.reset.ts
FN:3,getResetColorRange
FNF:1
FNH:1
FNDA:1,getResetColorRange
DA:4,1
DA:5,1
DA:6,1
LF:3
LH:3
BRF:0
BRH:0
end_of_record
TN:
SF:app/codeCharta/state/store/dynamicSettings/colorRange/colorRange.service.ts
FN:18,(anonymous_0)
FN:28,(anonymous_1)
FN:35,(anonymous_2)
FN:39,(anonymous_3)
FN:43,(anonymous_4)
FN:51,(anonymous_5)
FN:59,(anonymous_6)
FN:63,(anonymous_7)
FN:67,(anonymous_8)
FN:68,(anonymous_9)
FNF:10
FNH:8
FNDA:37,(anonymous_0)
FNDA:490,(anonymous_1)
FNDA:0,(anonymous_2)
FNDA:1,(anonymous_3)
FNDA:1,(anonymous_4)
FNDA:1,(anonymous_5)
FNDA:1,(anonymous_6)
FNDA:1,(anonymous_7)
FNDA:20,(anonymous_8)
FNDA:0,(anonymous_9)
DA:1,114
DA:3,114
DA:5,114
DA:6,114
DA:7,114
DA:8,114
DA:16,114
DA:19,37
DA:20,37
DA:21,37
DA:23,37
DA:24,37
DA:25,37
DA:29,490
DA:30,1
DA:31,1
DA:36,0
DA:40,1
DA:44,1
DA:45,1
DA:46,1
DA:47,0
DA:52,1
DA:53,1
DA:55,1
DA:56,1
DA:60,1
DA:64,1
DA:68,20
DA:69,0
LF:30
LH:27
BRDA:29,0,0,1
BRDA:29,0,1,489
BRDA:46,1,0,0
BRDA:46,1,1,1
BRDA:46,2,0,1
BRDA:46,2,1,0
BRDA:46,2,2,0
BRF:7
BRH:4
end_of_record
TN:
SF:app/codeCharta/state/store/dynamicSettings/colorRange/colorRange.splitter.ts
FN:4,splitColorRangeAction
FNF:1
FNH:1
FNDA:32,splitColorRangeAction
DA:1,150
DA:5,32
LF:2
LH:2
BRF:0
BRH:0
end_of_record
TN:
SF:app/codeCharta/state/store/dynamicSettings/distributionMetric/distributionMetric.actions.ts
FN:3,(anonymous_0)
FN:14,setDistributionMetric
FNF:2
FNH:2
FNDA:151,(anonymous_0)
FNDA:1520,setDistributionMetric
DA:3,151
DA:4,151
DA:15,1520
DA:21,151
LF:4
LH:4
BRDA:3,0,0,151
BRDA:3,0,1,151
BRDA:14,1,0,1479
BRF:3
BRH:3
end_of_record
TN:
SF:app/codeCharta/state/store/dynamicSettings/distributionMetric/distributionMetric.reducer.ts
FN:3,distributionMetric
FNF:1
FNH:1
FNDA:4517,distributionMetric
DA:1,150
DA:4,4517
DA:6,42
DA:8,4475
LF:4
LH:4
BRDA:3,0,0,1478
BRDA:5,1,0,42
BRDA:5,1,1,4475
BRF:3
BRH:3
end_of_record
TN:
SF:app/codeCharta/state/store/dynamicSettings/distributionMetric/distributionMetric.service.ts
FN:16,(anonymous_0)
FN:21,(anonymous_1)
FN:27,(anonymous_2)
FN:33,(anonymous_3)
FN:38,(anonymous_4)
FN:42,(anonymous_5)
FN:48,(anonymous_6)
FN:49,(anonymous_7)
FNF:8
FNH:7
FNDA:19,(anonymous_0)
FNDA:304,(anonymous_1)
FNDA:3,(anonymous_2)
FNDA:4,(anonymous_3)
FNDA:1,(anonymous_4)
FNDA:1,(anonymous_5)
FNDA:7,(anonymous_6)
FNDA:0,(anonymous_7)
DA:1,114
DA:3,114
DA:5,114
DA:6,114
DA:7,114
DA:14,114
DA:16,19
DA:17,19
DA:18,19
DA:22,304
DA:23,1
DA:28,3
DA:29,2
DA:34,4
DA:35,4
DA:39,1
DA:43,1
DA:49,7
DA:50,0
LF:19
LH:18
BRDA:22,0,0,1
BRDA:22,0,1,303
BRDA:28,1,0,2
BRDA:28,1,1,1
BRF:4
BRH:4
end_of_record
TN:
SF:app/codeCharta/state/store/dynamicSettings/distributionMetric/distributionMetric.splitter.ts
FN:3,splitDistributionMetricAction
FNF:1
FNH:1
FNDA:32,splitDistributionMetricAction
DA:1,150
DA:4,32
LF:2
LH:2
BRF:0
BRH:0
end_of_record
TN:
SF:app/codeCharta/state/store/dynamicSettings/edgeMetric/edgeMetric.actions.ts
FN:3,(anonymous_0)
FN:14,setEdgeMetric
FNF:2
FNH:2
FNDA:151,(anonymous_0)
FNDA:1517,setEdgeMetric
DA:3,151
DA:4,151
DA:15,1517
DA:21,151
LF:4
LH:4
BRDA:3,0,0,151
BRDA:3,0,1,151
BRDA:14,1,0,1479
BRF:3
BRH:3
end_of_record
TN:
SF:app/codeCharta/state/store/dynamicSettings/edgeMetric/edgeMetric.reducer.ts
FN:3,edgeMetric
FNF:1
FNH:1
FNDA:4517,edgeMetric
DA:1,150
DA:4,4517
DA:6,40
DA:8,4477
LF:4
LH:4
BRDA:3,0,0,1478
BRDA:5,1,0,40
BRDA:5,1,1,4477
BRF:3
BRH:3
end_of_record
TN:
SF:app/codeCharta/state/store/dynamicSettings/edgeMetric/edgeMetric.service.ts
FN:15,(anonymous_0)
FN:20,(anonymous_1)
FN:26,(anonymous_2)
FN:28,(anonymous_3)
FN:33,(anonymous_4)
FN:37,(anonymous_5)
FN:41,(anonymous_6)
FN:45,(anonymous_7)
FN:46,(anonymous_8)
FNF:9
FNH:8
FNDA:16,(anonymous_0)
FNDA:304,(anonymous_1)
FNDA:2,(anonymous_2)
FNDA:3,(anonymous_3)
FNDA:1,(anonymous_4)
FNDA:1,(anonymous_5)
FNDA:1,(anonymous_6)
FNDA:24,(anonymous_7)
FNDA:0,(anonymous_8)
DA:1,114
DA:3,114
DA:5,114
DA:6,114
DA:13,114
DA:15,16
DA:16,16
DA:17,16
DA:21,304
DA:22,1
DA:27,2
DA:28,3
DA:29,1
DA:34,1
DA:38,1
DA:42,1
DA:46,24
DA:47,0
LF:18
LH:17
BRDA:21,0,0,1
BRDA:21,0,1,303
BRDA:28,1,0,1
BRDA:28,1,1,1
BRF:4
BRH:4
end_of_record
TN:
SF:app/codeCharta/state/store/dynamicSettings/edgeMetric/edgeMetric.splitter.ts
FN:3,splitEdgeMetricAction
FNF:1
FNH:1
FNDA:32,splitEdgeMetricAction
DA:1,150
DA:4,32
LF:2
LH:2
BRF:0
BRH:0
end_of_record
TN:
SF:app/codeCharta/state/store/dynamicSettings/focusedNodePath/focusedNodePath.actions.ts
FN:3,(anonymous_0)
FN:20,focusNode
FN:27,unfocusNode
FNF:3
FNH:3
FNDA:150,(anonymous_0)
FNDA:1522,focusNode
FNDA:18,unfocusNode
DA:3,150
DA:4,150
DA:5,150
DA:21,1522
DA:28,18
DA:34,150
LF:6
LH:6
BRDA:3,0,0,150
BRDA:3,0,1,150
BRDA:20,1,0,1480
BRF:3
BRH:3
end_of_record
TN:
SF:app/codeCharta/state/store/dynamicSettings/focusedNodePath/focusedNodePath.reducer.ts
FN:4,focusedNodePath
FNF:1
FNH:1
FNDA:4519,focusedNodePath
DA:1,149
DA:2,149
DA:5,4519
DA:7,43
DA:9,19
DA:11,4457
LF:6
LH:6
BRDA:4,0,0,1478
BRDA:6,1,0,43
BRDA:6,1,1,19
BRDA:6,1,2,4457
BRDA:7,2,0,1
BRDA:7,2,1,42
BRF:6
BRH:6
end_of_record
TN:
SF:app/codeCharta/state/store/dynamicSettings/focusedNodePath/focusedNodePath.service.ts
FN:18,(anonymous_0)
FN:23,(anonymous_1)
FN:31,(anonymous_2)
FN:37,(anonymous_3)
FN:41,(anonymous_4)
FN:45,(anonymous_5)
FN:49,(anonymous_6)
FN:53,(anonymous_7)
FN:54,(anonymous_8)
FN:59,(anonymous_9)
FN:60,(anonymous_10)
FNF:11
FNH:9
FNDA:16,(anonymous_0)
FNDA:305,(anonymous_1)
FNDA:1,(anonymous_2)
FNDA:1,(anonymous_3)
FNDA:1,(anonymous_4)
FNDA:1,(anonymous_5)
FNDA:1,(anonymous_6)
FNDA:45,(anonymous_7)
FNDA:0,(anonymous_8)
FNDA:47,(anonymous_9)
FNDA:0,(anonymous_10)
DA:1,114
DA:3,114
DA:4,114
DA:15,114
DA:16,114
DA:18,16
DA:19,16
DA:20,16
DA:24,305
DA:25,1
DA:26,304
DA:27,1
DA:32,1
DA:33,1
DA:38,1
DA:42,1
DA:46,1
DA:50,1
DA:54,45
DA:55,0
DA:60,47
DA:61,0
LF:22
LH:20
BRDA:24,0,0,1
BRDA:24,0,1,304
BRDA:26,1,0,1
BRDA:26,1,1,303
BRDA:32,2,0,1
BRDA:32,2,1,0
BRF:6
BRH:5
end_of_record
TN:
SF:app/codeCharta/state/store/dynamicSettings/focusedNodePath/focusedNodePath.splitter.ts
FN:3,splitFocusedNodePathAction
FNF:1
FNH:1
FNDA:34,splitFocusedNodePathAction
DA:1,150
DA:4,34
DA:5,1
DA:7,33
LF:4
LH:4
BRDA:4,0,0,1
BRDA:4,0,1,33
BRF:2
BRH:2
end_of_record
TN:
SF:app/codeCharta/state/store/dynamicSettings/heightMetric/heightMetric.actions.ts
FN:3,(anonymous_0)
FN:14,setHeightMetric
FNF:2
FNH:2
FNDA:151,(anonymous_0)
FNDA:1536,setHeightMetric
DA:3,151
DA:4,151
DA:15,1536
DA:21,151
LF:4
LH:4
BRDA:3,0,0,151
BRDA:3,0,1,151
BRDA:14,1,0,1479
BRF:3
BRH:3
end_of_record
TN:
SF:app/codeCharta/state/store/dynamicSettings/heightMetric/heightMetric.reducer.ts
FN:3,heightMetric
FNF:1
FNH:1
FNDA:4517,heightMetric
DA:1,150
DA:4,4517
DA:6,57
DA:8,4460
LF:4
LH:4
BRDA:3,0,0,1478
BRDA:5,1,0,57
BRDA:5,1,1,4460
BRF:3
BRH:3
end_of_record
TN:
SF:app/codeCharta/state/store/dynamicSettings/heightMetric/heightMetric.service.ts
FN:16,(anonymous_0)
FN:21,(anonymous_1)
FN:27,(anonymous_2)
FN:33,(anonymous_3)
FN:42,(anonymous_4)
FN:46,(anonymous_5)
FN:50,(anonymous_6)
FN:51,(anonymous_7)
FNF:8
FNH:7
FNDA:18,(anonymous_0)
FNDA:304,(anonymous_1)
FNDA:4,(anonymous_2)
FNDA:3,(anonymous_3)
FNDA:1,(anonymous_4)
FNDA:1,(anonymous_5)
FNDA:10,(anonymous_6)
FNDA:0,(anonymous_7)
DA:1,114
DA:3,114
DA:5,114
DA:6,114
DA:7,114
DA:14,114
DA:16,18
DA:17,18
DA:18,18
DA:22,304
DA:23,1
DA:28,4
DA:29,3
DA:34,3
DA:36,3
DA:37,2
DA:38,2
DA:43,1
DA:47,1
DA:51,10
DA:52,0
LF:21
LH:20
BRDA:22,0,0,1
BRDA:22,0,1,303
BRDA:28,1,0,3
BRDA:28,1,1,1
BRDA:36,2,0,2
BRDA:36,2,1,1
BRF:6
BRH:6
end_of_record
TN:
SF:app/codeCharta/state/store/dynamicSettings/heightMetric/heightMetric.splitter.ts
FN:3,splitHeightMetricAction
FNF:1
FNH:1
FNDA:37,splitHeightMetricAction
DA:1,150
DA:4,37
LF:2
LH:2
BRF:0
BRH:0
end_of_record
TN:
SF:app/codeCharta/state/store/dynamicSettings/margin/margin.actions.ts
FN:3,(anonymous_0)
FN:14,setMargin
FNF:2
FNH:2
FNDA:151,(anonymous_0)
FNDA:1519,setMargin
DA:3,151
DA:4,151
DA:15,1519
DA:21,151
LF:4
LH:4
BRDA:3,0,0,151
BRDA:3,0,1,151
BRDA:14,1,0,1479
BRF:3
BRH:3
end_of_record
TN:
SF:app/codeCharta/state/store/dynamicSettings/margin/margin.reducer.ts
FN:3,margin
FNF:1
FNH:1
FNDA:4517,margin
DA:1,150
DA:4,4517
DA:6,40
DA:8,4477
LF:4
LH:4
BRDA:3,0,0,1478
BRDA:5,1,0,40
BRDA:5,1,1,4477
BRF:3
BRH:3
end_of_record
TN:
SF:app/codeCharta/state/store/dynamicSettings/margin/margin.reset.ts
FN:5,getResetMargin
FNF:1
FNH:1
FNDA:14,getResetMargin
DA:3,114
DA:6,14
DA:7,3
DA:9,11
LF:4
LH:4
BRDA:6,0,0,3
BRDA:6,0,1,11
BRDA:6,1,0,14
BRDA:6,1,1,13
BRF:4
BRH:4
end_of_record
TN:
SF:app/codeCharta/state/store/dynamicSettings/margin/margin.service.ts
FN:17,(anonymous_0)
FN:27,(anonymous_1)
FN:33,(anonymous_2)
FN:37,(anonymous_3)
FN:41,(anonymous_4)
FN:53,(anonymous_5)
FN:57,(anonymous_6)
FN:61,(anonymous_7)
FN:62,(anonymous_8)
FNF:9
FNH:7
FNDA:20,(anonymous_0)
FNDA:304,(anonymous_1)
FNDA:0,(anonymous_2)
FNDA:10,(anonymous_3)
FNDA:14,(anonymous_4)
FNDA:1,(anonymous_5)
FNDA:1,(anonymous_6)
FNDA:3,(anonymous_7)
FNDA:0,(anonymous_8)
DA:1,114
DA:3,114
DA:4,114
DA:6,114
DA:7,114
DA:8,114
DA:15,114
DA:18,20
DA:19,20
DA:20,20
DA:22,20
DA:23,20
DA:24,20
DA:28,304
DA:29,1
DA:34,0
DA:38,10
DA:42,14
DA:43,14
DA:44,14
DA:46,14
DA:48,14
DA:49,2
DA:54,1
DA:58,1
DA:62,3
DA:63,0
LF:27
LH:25
BRDA:28,0,0,1
BRDA:28,0,1,303
BRDA:48,1,0,2
BRDA:48,1,1,12
BRDA:48,2,0,14
BRDA:48,2,1,3
BRF:6
BRH:6
end_of_record
TN:
SF:app/codeCharta/state/store/dynamicSettings/margin/margin.splitter.ts
FN:3,splitMarginAction
FNF:1
FNH:1
FNDA:32,splitMarginAction
DA:1,150
DA:4,32
LF:2
LH:2
BRF:0
BRH:0
end_of_record
TN:
SF:app/codeCharta/state/store/dynamicSettings/searchPattern/searchPattern.actions.ts
FN:3,(anonymous_0)
FN:14,setSearchPattern
FNF:2
FNH:2
FNDA:151,(anonymous_0)
FNDA:1519,setSearchPattern
DA:3,151
DA:4,151
DA:15,1519
DA:21,151
LF:4
LH:4
BRDA:3,0,0,151
BRDA:3,0,1,151
BRDA:14,1,0,1481
BRF:3
BRH:3
end_of_record
TN:
SF:app/codeCharta/state/store/dynamicSettings/searchPattern/searchPattern.reducer.ts
FN:3,searchPattern
FNF:1
FNH:1
FNDA:4517,searchPattern
DA:1,150
DA:4,4517
DA:6,42
DA:8,4475
LF:4
LH:4
BRDA:3,0,0,1478
BRDA:5,1,0,42
BRDA:5,1,1,4475
BRF:3
BRH:3
end_of_record
TN:
SF:app/codeCharta/state/store/dynamicSettings/searchPattern/searchPattern.service.ts
FN:14,(anonymous_0)
FN:19,(anonymous_1)
FN:25,(anonymous_2)
FN:29,(anonymous_3)
FN:33,(anonymous_4)
FN:37,(anonymous_5)
FN:38,(anonymous_6)
FNF:7
FNH:6
FNDA:15,(anonymous_0)
FNDA:304,(anonymous_1)
FNDA:1,(anonymous_2)
FNDA:1,(anonymous_3)
FNDA:1,(anonymous_4)
FNDA:13,(anonymous_5)
FNDA:0,(anonymous_6)
DA:1,114
DA:3,114
DA:4,114
DA:5,114
DA:12,114
DA:14,15
DA:15,15
DA:16,15
DA:20,304
DA:21,1
DA:26,1
DA:30,1
DA:34,1
DA:38,13
DA:39,0
LF:15
LH:14
BRDA:20,0,0,1
BRDA:20,0,1,303
BRF:2
BRH:2
end_of_record
TN:
SF:app/codeCharta/state/store/dynamicSettings/searchPattern/searchPattern.splitter.ts
FN:3,splitSearchPatternAction
FNF:1
FNH:1
FNDA:32,splitSearchPatternAction
DA:1,150
DA:4,32
LF:2
LH:2
BRF:0
BRH:0
end_of_record
TN:
SF:app/codeCharta/state/store/dynamicSettings/searchedNodePaths/searchedNodePaths.actions.ts
FN:3,(anonymous_0)
FN:14,setSearchedNodePaths
FNF:2
FNH:2
FNDA:151,(anonymous_0)
FNDA:1528,setSearchedNodePaths
DA:3,151
DA:4,151
DA:15,1528
DA:21,151
LF:4
LH:4
BRDA:3,0,0,151
BRDA:3,0,1,151
BRDA:14,1,0,1479
BRF:3
BRH:3
end_of_record
TN:
SF:app/codeCharta/state/store/dynamicSettings/searchedNodePaths/searchedNodePaths.reducer.ts
FN:3,searchedNodePaths
FNF:1
FNH:1
FNDA:4517,searchedNodePaths
DA:1,150
DA:4,4517
DA:6,51
DA:8,4466
LF:4
LH:4
BRDA:3,0,0,1478
BRDA:5,1,0,51
BRDA:5,1,1,4466
BRF:3
BRH:3
end_of_record
TN:
SF:app/codeCharta/state/store/dynamicSettings/searchedNodePaths/searchedNodePaths.service.ts
FN:13,(anonymous_0)
FN:17,(anonymous_1)
FN:23,(anonymous_2)
FN:27,(anonymous_3)
FN:33,(anonymous_4)
FN:34,(anonymous_5)
FNF:6
FNH:4
FNDA:12,(anonymous_0)
FNDA:304,(anonymous_1)
FNDA:1,(anonymous_2)
FNDA:1,(anonymous_3)
FNDA:0,(anonymous_4)
FNDA:0,(anonymous_5)
DA:1,114
DA:3,114
DA:4,114
DA:11,114
DA:13,12
DA:14,12
DA:18,304
DA:19,1
DA:24,1
DA:28,1
DA:34,0
DA:35,0
LF:12
LH:10
BRDA:18,0,0,1
BRDA:18,0,1,303
BRF:2
BRH:2
end_of_record
TN:
SF:app/codeCharta/state/store/dynamicSettings/searchedNodePaths/searchedNodePaths.splitter.ts
FN:3,splitSearchedNodePathsAction
FNF:1
FNH:1
FNDA:32,splitSearchedNodePathsAction
DA:1,150
DA:4,32
LF:2
LH:2
BRF:0
BRH:0
end_of_record
TN:
SF:app/codeCharta/state/store/dynamicSettings/sortingOption/sortingOption.actions.ts
FN:4,(anonymous_0)
FN:15,setSortingOption
FNF:2
FNH:2
FNDA:151,(anonymous_0)
FNDA:1513,setSortingOption
DA:2,151
DA:4,151
DA:5,151
DA:16,1513
DA:22,151
LF:5
LH:5
BRDA:4,0,0,151
BRDA:4,0,1,151
BRDA:15,1,0,1479
BRF:3
BRH:3
end_of_record
TN:
SF:app/codeCharta/state/store/dynamicSettings/sortingOption/sortingOption.reducer.ts
FN:3,sortingOption
FNF:1
FNH:1
FNDA:4517,sortingOption
DA:1,150
DA:4,4517
DA:6,36
DA:8,4481
LF:4
LH:4
BRDA:3,0,0,1478
BRDA:5,1,0,36
BRDA:5,1,1,4481
BRF:3
BRH:3
end_of_record
TN:
SF:app/codeCharta/state/store/dynamicSettings/sortingOption/sortingOption.service.ts
FN:14,(anonymous_0)
FN:18,(anonymous_1)
FN:24,(anonymous_2)
FN:28,(anonymous_3)
FN:32,(anonymous_4)
FN:33,(anonymous_5)
FNF:6
FNH:5
FNDA:12,(anonymous_0)
FNDA:304,(anonymous_1)
FNDA:1,(anonymous_2)
FNDA:1,(anonymous_3)
FNDA:4,(anonymous_4)
FNDA:0,(anonymous_5)
DA:1,114
DA:3,114
DA:4,114
DA:12,114
DA:14,12
DA:15,12
DA:19,304
DA:20,1
DA:25,1
DA:29,1
DA:33,4
DA:34,0
LF:12
LH:11
BRDA:19,0,0,1
BRDA:19,0,1,303
BRF:2
BRH:2
end_of_record
TN:
SF:app/codeCharta/state/store/dynamicSettings/sortingOption/sortingOption.splitter.ts
FN:4,splitSortingOptionAction
FNF:1
FNH:1
FNDA:32,splitSortingOptionAction
DA:1,150
DA:5,32
LF:2
LH:2
BRF:0
BRH:0
end_of_record
TN:
SF:app/codeCharta/state/store/fileSettings/fileSettings.actions.ts
FN:9,(anonymous_0)
FN:20,setFileSettings
FNF:2
FNH:2
FNDA:150,(anonymous_0)
FNDA:1,setFileSettings
DA:4,150
DA:5,150
DA:6,150
DA:7,150
DA:9,150
DA:10,150
DA:21,1
DA:27,150
LF:8
LH:8
BRDA:9,0,0,150
BRDA:9,0,1,150
BRDA:20,1,0,0
BRF:3
BRH:2
end_of_record
TN:
SF:app/codeCharta/state/store/fileSettings/fileSettings.reducer.ts
FNF:0
FNH:0
DA:2,149
DA:3,149
DA:4,149
DA:5,149
DA:6,149
DA:8,149
DA:16,149
LF:7
LH:7
BRF:0
BRH:0
end_of_record
TN:
SF:app/codeCharta/state/store/fileSettings/fileSettings.splitter.ts
FN:9,splitFileSettingsActions
FNF:1
FNH:1
FNDA:21,splitFileSettingsActions
DA:4,150
DA:5,150
DA:6,150
DA:7,150
DA:10,21
DA:13,21
DA:14,19
DA:17,21
DA:18,19
DA:21,21
DA:22,19
DA:25,21
DA:26,21
DA:29,21
LF:14
LH:14
BRDA:13,0,0,19
BRDA:13,0,1,2
BRDA:17,1,0,19
BRDA:17,1,1,2
BRDA:21,2,0,19
BRDA:21,2,1,2
BRDA:25,3,0,21
BRDA:25,3,1,0
BRF:8
BRH:7
end_of_record
TN:
SF:app/codeCharta/state/store/fileSettings/attributeTypes/attributeTypes.actions.ts
FN:3,(anonymous_0)
FN:20,setAttributeTypes
FN:27,updateAttributeType
FNF:3
FNH:3
FNDA:150,(anonymous_0)
FNDA:1510,setAttributeTypes
FNDA:4,updateAttributeType
DA:3,150
DA:4,150
DA:5,150
DA:21,1510
DA:28,4
DA:34,150
LF:6
LH:6
BRDA:3,0,0,150
BRDA:3,0,1,150
BRDA:20,1,0,1480
BRF:3
BRH:3
end_of_record
TN:
SF:app/codeCharta/state/store/fileSettings/attributeTypes/attributeTypes.merger.ts
FN:3,getMergedAttributeTypes
FNF:1
FNH:1
FNDA:2,getMergedAttributeTypes
DA:4,2
DA:5,2
DA:7,2
DA:8,4
DA:9,11
DA:10,7
DA:14,4
DA:15,7
DA:16,6
DA:21,2
LF:10
LH:10
BRDA:9,0,0,7
BRDA:9,0,1,4
BRDA:15,1,0,6
BRDA:15,1,1,1
BRF:4
BRH:4
end_of_record
TN:
SF:app/codeCharta/state/store/fileSettings/attributeTypes/attributeTypes.reducer.ts
FN:4,attributeTypes
FN:15,updateAttributeType
FNF:2
FNH:2
FNDA:4519,attributeTypes
FNDA:4,updateAttributeType
DA:1,149
DA:5,4519
DA:7,33
DA:9,4
DA:11,4482
DA:16,4
LF:6
LH:6
BRDA:4,0,0,1478
BRDA:6,1,0,33
BRDA:6,1,1,4
BRDA:6,1,2,4482
BRF:4
BRH:4
end_of_record
TN:
SF:app/codeCharta/state/store/fileSettings/attributeTypes/attributeTypes.service.ts
FN:18,(anonymous_0)
FN:23,(anonymous_1)
FN:29,(anonymous_2)
FN:33,(anonymous_3)
FN:34,(anonymous_4)
FN:40,(anonymous_5)
FN:44,(anonymous_6)
FN:48,(anonymous_7)
FN:49,(anonymous_8)
FNF:9
FNH:5
FNDA:14,(anonymous_0)
FNDA:304,(anonymous_1)
FNDA:0,(anonymous_2)
FNDA:0,(anonymous_3)
FNDA:0,(anonymous_4)
FNDA:1,(anonymous_5)
FNDA:1,(anonymous_6)
FNDA:405,(anonymous_7)
FNDA:0,(anonymous_8)
DA:1,149
DA:3,149
DA:4,149
DA:5,149
DA:7,149
DA:8,149
DA:16,149
DA:18,14
DA:19,14
DA:20,14
DA:24,304
DA:25,1
DA:30,0
DA:34,0
DA:36,0
DA:37,0
DA:41,1
DA:45,1
DA:49,405
DA:50,0
LF:20
LH:15
BRDA:24,0,0,1
BRDA:24,0,1,303
BRF:2
BRH:2
end_of_record
TN:
SF:app/codeCharta/state/store/fileSettings/attributeTypes/attributeTypes.splitter.ts
FN:4,splitAttributeTypesAction
FNF:1
FNH:1
FNDA:19,splitAttributeTypesAction
DA:1,150
DA:5,19
LF:2
LH:2
BRF:0
BRH:0
end_of_record
TN:
SF:app/codeCharta/state/store/fileSettings/blacklist/blacklist.actions.ts
FN:3,(anonymous_0)
FN:26,addBlacklistItem
FN:33,removeBlacklistItem
FN:40,setBlacklist
FNF:4
FNH:4
FNDA:151,(anonymous_0)
FNDA:9,addBlacklistItem
FNDA:3,removeBlacklistItem
FNDA:1530,setBlacklist
DA:3,151
DA:4,151
DA:5,151
DA:6,151
DA:27,9
DA:34,3
DA:41,1530
DA:47,151
LF:8
LH:8
BRDA:3,0,0,151
BRDA:3,0,1,151
BRDA:40,1,0,1499
BRF:3
BRH:3
end_of_record
TN:
SF:app/codeCharta/state/store/fileSettings/blacklist/blacklist.merger.ts
FN:4,getMergedBlacklist
FNF:1
FNH:1
FNDA:2,getMergedBlacklist
DA:1,149
DA:5,2
DA:7,2
DA:8,0
DA:11,2
DA:12,4
DA:13,4
DA:14,8
DA:20,8
DA:24,2
LF:10
LH:9
BRDA:7,0,0,0
BRDA:7,0,1,2
BRDA:12,1,0,4
BRDA:12,1,1,0
BRDA:16,2,0,0
BRDA:16,2,1,8
BRF:6
BRH:3
end_of_record
TN:
SF:app/codeCharta/state/store/fileSettings/blacklist/blacklist.reducer.ts
FN:4,blacklist
FNF:1
FNH:1
FNDA:4519,blacklist
DA:1,150
DA:2,150
DA:5,4519
DA:7,11
DA:9,3
DA:11,50
DA:13,4455
LF:7
LH:7
BRDA:4,0,0,1478
BRDA:6,1,0,11
BRDA:6,1,1,3
BRDA:6,1,2,50
BRDA:6,1,3,4455
BRF:5
BRH:5
end_of_record
TN:
SF:app/codeCharta/state/store/fileSettings/blacklist/blacklist.service.ts
FN:18,(anonymous_0)
FN:23,(anonymous_1)
FN:29,(anonymous_2)
FN:33,(anonymous_3)
FN:40,(anonymous_4)
FN:44,(anonymous_5)
FN:48,(anonymous_6)
FN:49,(anonymous_7)
FNF:8
FNH:5
FNDA:14,(anonymous_0)
FNDA:304,(anonymous_1)
FNDA:0,(anonymous_2)
FNDA:0,(anonymous_3)
FNDA:1,(anonymous_4)
FNDA:1,(anonymous_5)
FNDA:449,(anonymous_6)
FNDA:0,(anonymous_7)
DA:1,149
DA:4,149
DA:5,149
DA:6,149
DA:7,149
DA:8,149
DA:16,149
DA:18,14
DA:19,14
DA:20,14
DA:24,304
DA:25,1
DA:30,0
DA:34,0
DA:35,0
DA:36,0
DA:37,0
DA:41,1
DA:45,1
DA:49,449
DA:50,0
LF:21
LH:15
BRDA:24,0,0,1
BRDA:24,0,1,303
BRF:2
BRH:2
end_of_record
TN:
SF:app/codeCharta/state/store/fileSettings/blacklist/blacklist.splitter.ts
FN:4,splitBlacklistAction
FNF:1
FNH:1
FNDA:21,splitBlacklistAction
DA:2,150
DA:5,21
LF:2
LH:2
BRF:0
BRH:0
end_of_record
TN:
SF:app/codeCharta/state/store/fileSettings/edges/edges.actions.ts
FN:3,(anonymous_0)
FN:26,setEdges
FN:33,addEdge
FN:40,removeEdge
FNF:4
FNH:4
FNDA:150,(anonymous_0)
FNDA:1510,setEdges
FNDA:1,addEdge
FNDA:1,removeEdge
DA:3,150
DA:4,150
DA:5,150
DA:6,150
DA:27,1510
DA:34,1
DA:41,1
DA:47,150
LF:8
LH:8
BRDA:3,0,0,150
BRDA:3,0,1,150
BRDA:26,1,0,1482
BRF:3
BRH:3
end_of_record
TN:
SF:app/codeCharta/state/store/fileSettings/edges/edges.merger.ts
FN:4,getMergedEdges
FNF:1
FNH:1
FNDA:5,getMergedEdges
DA:1,115
DA:5,5
DA:7,5
DA:8,0
DA:11,5
DA:12,10
DA:13,9
DA:14,8
DA:22,8
DA:24,8
DA:25,2
DA:26,4
DA:29,6
DA:34,5
LF:14
LH:13
BRDA:7,0,0,0
BRDA:7,0,1,5
BRDA:12,1,0,9
BRDA:12,1,1,1
BRDA:16,2,0,0
BRDA:16,2,1,8
BRDA:18,3,0,0
BRDA:18,3,1,8
BRDA:24,4,0,2
BRDA:24,4,1,6
BRF:10
BRH:7
end_of_record
TN:
SF:app/codeCharta/state/store/fileSettings/edges/edges.reducer.ts
FN:4,edges
FNF:1
FNH:1
FNDA:4519,edges
DA:1,149
DA:2,149
DA:5,4519
DA:7,33
DA:9,1
DA:11,1
DA:13,4484
LF:7
LH:7
BRDA:4,0,0,1478
BRDA:6,1,0,33
BRDA:6,1,1,1
BRDA:6,1,2,1
BRDA:6,1,3,4484
BRF:5
BRH:5
end_of_record
TN:
SF:app/codeCharta/state/store/fileSettings/edges/edges.service.ts
FN:18,(anonymous_0)
FN:23,(anonymous_1)
FN:29,(anonymous_2)
FN:33,(anonymous_3)
FN:40,(anonymous_4)
FN:44,(anonymous_5)
FN:48,(anonymous_6)
FN:49,(anonymous_7)
FNF:8
FNH:4
FNDA:14,(anonymous_0)
FNDA:304,(anonymous_1)
FNDA:0,(anonymous_2)
FNDA:0,(anonymous_3)
FNDA:1,(anonymous_4)
FNDA:1,(anonymous_5)
FNDA:0,(anonymous_6)
FNDA:0,(anonymous_7)
DA:1,114
DA:3,114
DA:5,114
DA:6,114
DA:7,114
DA:8,114
DA:16,114
DA:18,14
DA:19,14
DA:20,14
DA:24,304
DA:25,1
DA:30,0
DA:34,0
DA:35,0
DA:36,0
DA:37,0
DA:41,1
DA:45,1
DA:49,0
DA:50,0
LF:21
LH:14
BRDA:24,0,0,1
BRDA:24,0,1,303
BRF:2
BRH:2
end_of_record
TN:
SF:app/codeCharta/state/store/fileSettings/edges/edges.splitter.ts
FN:4,splitEdgesAction
FNF:1
FNH:1
FNDA:19,splitEdgesAction
DA:1,150
DA:5,19
LF:2
LH:2
BRF:0
BRH:0
end_of_record
TN:
SF:app/codeCharta/state/store/fileSettings/markedPackages/markedPackages.actions.ts
FN:3,(anonymous_0)
FN:21,setMarkedPackages
FN:28,unmarkPackage
FNF:3
FNH:3
FNDA:150,(anonymous_0)
FNDA:1535,setMarkedPackages
FNDA:2,unmarkPackage
DA:3,150
DA:4,150
DA:5,150
DA:6,150
DA:22,1535
DA:29,2
DA:35,150
LF:7
LH:7
BRDA:3,0,0,150
BRDA:3,0,1,150
BRDA:21,1,0,1492
BRF:3
BRH:3
end_of_record
TN:
SF:app/codeCharta/state/store/fileSettings/markedPackages/markedPackages.merger.ts
FN:4,getMergedMarkedPackages
FNF:1
FNH:1
FNDA:5,getMergedMarkedPackages
DA:1,115
DA:5,5
DA:6,0
DA:9,5
DA:11,5
DA:12,10
DA:13,9
DA:14,8
DA:20,8
DA:24,5
LF:10
LH:9
BRDA:5,0,0,0
BRDA:5,0,1,5
BRDA:12,1,0,9
BRDA:12,1,1,1
BRDA:16,2,0,0
BRDA:16,2,1,8
BRF:6
BRH:4
end_of_record
TN:
SF:app/codeCharta/state/store/fileSettings/markedPackages/markedPackages.reducer.ts
FN:4,markedPackages
FNF:1
FNH:1
FNDA:4518,markedPackages
DA:1,149
DA:2,149
DA:5,4518
DA:7,58
DA:9,2
DA:11,4458
LF:6
LH:6
BRDA:4,0,0,1478
BRDA:6,1,0,58
BRDA:6,1,1,2
BRDA:6,1,2,4458
BRF:4
BRH:4
end_of_record
TN:
SF:app/codeCharta/state/store/fileSettings/markedPackages/markedPackages.service.ts
FN:18,(anonymous_0)
FN:23,(anonymous_1)
FN:29,(anonymous_2)
FN:33,(anonymous_3)
FN:40,(anonymous_4)
FN:44,(anonymous_5)
FN:48,(anonymous_6)
FN:49,(anonymous_7)
FNF:8
FNH:5
FNDA:14,(anonymous_0)
FNDA:304,(anonymous_1)
FNDA:0,(anonymous_2)
FNDA:0,(anonymous_3)
FNDA:1,(anonymous_4)
FNDA:1,(anonymous_5)
FNDA:9,(anonymous_6)
FNDA:0,(anonymous_7)
DA:1,114
DA:3,114
DA:5,114
DA:6,114
DA:7,114
DA:8,114
DA:16,114
DA:18,14
DA:19,14
DA:20,14
DA:24,304
DA:25,1
DA:30,0
DA:34,0
DA:35,0
DA:36,0
DA:37,0
DA:41,1
DA:45,1
DA:49,9
DA:50,0
LF:21
LH:15
BRDA:24,0,0,1
BRDA:24,0,1,303
BRF:2
BRH:2
end_of_record
TN:
SF:app/codeCharta/state/store/fileSettings/markedPackages/markedPackages.splitter.ts
FN:4,splitMarkedPackagesAction
FNF:1
FNH:1
FNDA:19,splitMarkedPackagesAction
DA:1,150
DA:5,19
LF:2
LH:2
BRF:0
BRH:0
end_of_record
TN:
SF:app/codeCharta/state/store/files/files.actions.ts
FN:4,(anonymous_0)
FN:14,(anonymous_1)
FN:80,setFiles
FN:87,resetFiles
FN:93,resetSelection
FN:99,addFile
FN:106,setSingle
FN:113,setSingleByName
FN:120,setMultiple
FN:127,setMultipleByNames
FN:134,setDelta
FN:141,setDeltaByNames
FNF:12
FNH:12
FNDA:150,(anonymous_0)
FNDA:150,(anonymous_1)
FNDA:1228,setFiles
FNDA:98,resetFiles
FNDA:2,resetSelection
FNDA:156,addFile
FNDA:56,setSingle
FNDA:15,setSingleByName
FNDA:7,setMultiple
FNDA:4,setMultipleByNames
FNDA:9,setDelta
FNDA:3,setDeltaByNames
DA:4,150
DA:5,150
DA:6,150
DA:7,150
DA:8,150
DA:9,150
DA:10,150
DA:11,150
DA:14,150
DA:15,150
DA:16,150
DA:17,150
DA:81,1228
DA:88,98
DA:94,2
DA:100,156
DA:107,56
DA:114,15
DA:121,7
DA:128,4
DA:135,9
DA:142,3
DA:148,150
LF:23
LH:23
BRDA:4,0,0,150
BRDA:4,0,1,150
BRDA:14,1,0,150
BRDA:14,1,1,150
BRDA:80,2,0,1180
BRF:5
BRH:5
end_of_record
TN:
SF:app/codeCharta/state/store/files/files.reducer.ts
FN:5,files
FN:32,reset
FN:36,resetSelection
FN:37,(anonymous_3)
FN:42,addFile
FN:46,setSingleByName
FN:47,(anonymous_6)
FN:56,setSingle
FN:60,setDeltaByNames
[...]
BRDA:208,12,1,1
BRDA:209,13,0,9
BRDA:209,13,1,1
BRDA:213,14,0,10
BRDA:213,14,1,0
BRDA:218,15,0,9
BRDA:218,15,1,1
BRDA:222,16,0,1
BRDA:222,16,1,9
BRDA:227,17,0,1
BRDA:227,17,1,9
BRF:45
BRH:36
end_of_record
TN:
SF:app/codeCharta/util/settingsHelper.ts
FN:4,convertToVectors
FNF:1
FNH:1
FNDA:1822,convertToVectors
DA:2,150
DA:5,1822
DA:7,1822
DA:8,4245
DA:9,1219
DA:10,1219
DA:11,6
DA:13,1213
LF:8
LH:8
BRDA:8,0,0,1219
BRDA:8,0,1,3026
BRDA:8,1,0,4245
BRDA:8,1,1,1219
BRDA:10,2,0,6
BRDA:10,2,1,1213
BRDA:10,3,0,1219
BRDA:10,3,1,1216
BRDA:10,3,2,1213
BRDA:11,4,0,3
BRDA:11,4,1,3
BRDA:11,5,0,6
BRDA:11,5,1,6
BRDA:11,6,0,6
BRDA:11,6,1,0
BRDA:11,7,0,6
BRDA:11,7,1,6
BRDA:11,8,0,3
BRDA:11,8,1,3
BRDA:11,9,0,6
BRDA:11,9,1,6
BRF:21
BRH:20
end_of_record
TN:
SF:app/codeCharta/util/urlExtractor.ts
FN:7,(anonymous_7)
FN:9,(anonymous_8)
FN:23,(anonymous_9)
FN:31,(anonymous_11)
FN:31,(anonymous_12)
FN:37,(anonymous_13)
FNF:6
FNH:6
FNDA:20,(anonymous_7)
FNDA:4,(anonymous_8)
FNDA:14,(anonymous_9)
FNDA:16,(anonymous_11)
FNDA:16,(anonymous_12)
FNDA:15,(anonymous_13)
DA:7,20
DA:10,4
DA:11,4
DA:12,4
DA:14,4
DA:15,2
DA:17,2
DA:18,0
DA:20,2
DA:24,14
DA:26,14
DA:27,12
DA:30,14
DA:31,16
DA:32,16
DA:38,15
DA:39,13
DA:41,2
DA:42,2
DA:43,1
DA:45,1
LF:21
LH:20
BRDA:14,0,0,2
BRDA:14,0,1,2
BRDA:17,1,0,0
BRDA:17,1,1,2
BRDA:26,2,0,12
BRDA:26,2,1,2
BRDA:38,3,0,13
BRDA:38,3,1,2
BRDA:42,4,0,1
BRDA:42,4,1,1
BRDA:42,5,0,2
BRDA:42,5,1,2
BRF:12
BRH:11
end_of_record
TN:
SF:app/codeCharta/util/algorithm/streetLayout/boundingBox.ts
FN:12,(anonymous_1)
FN:19,(anonymous_2)
FNF:2
FNH:0
FNDA:0,(anonymous_1)
FNDA:0,(anonymous_2)
DA:1,114
DA:3,114
DA:6,0
DA:7,0
DA:10,0
DA:13,0
DA:20,0
DA:21,0
DA:22,0
DA:23,0
LF:10
LH:2
BRF:0
BRH:0
end_of_record
TN:
SF:app/codeCharta/util/algorithm/streetLayout/horizontalStreet.ts
FN:9,(anonymous_4)
FN:22,(anonymous_5)
FN:34,(anonymous_6)
FN:52,(anonymous_7)
FN:61,(anonymous_8)
FN:83,(anonymous_9)
FN:105,(anonymous_10)
FN:128,(anonymous_11)
FN:137,(anonymous_12)
FN:145,(anonymous_13)
FN:154,(anonymous_14)
FN:167,(anonymous_15)
FN:187,(anonymous_16)
FN:199,(anonymous_17)
FN:200,(anonymous_18)
FN:207,(anonymous_19)
FN:218,(anonymous_20)
FN:237,(anonymous_21)
FNF:18
FNH:1
FNDA:114,(anonymous_4)
FNDA:0,(anonymous_5)
FNDA:0,(anonymous_6)
FNDA:0,(anonymous_7)
FNDA:0,(anonymous_8)
FNDA:0,(anonymous_9)
FNDA:0,(anonymous_10)
FNDA:0,(anonymous_11)
FNDA:0,(anonymous_12)
FNDA:0,(anonymous_13)
FNDA:0,(anonymous_14)
FNDA:0,(anonymous_15)
FNDA:0,(anonymous_16)
FNDA:0,(anonymous_17)
FNDA:0,(anonymous_18)
FNDA:0,(anonymous_19)
FNDA:0,(anonymous_20)
FNDA:0,(anonymous_21)
DA:1,114
DA:3,114
DA:4,114
DA:5,114
DA:7,114
DA:9,114
DA:10,114
DA:11,114
DA:15,0
DA:17,0
DA:18,0
DA:28,0
DA:29,0
DA:30,0
DA:31,0
DA:36,0
DA:37,0
DA:41,0
DA:44,0
DA:47,0
DA:48,0
DA:49,0
DA:53,0
DA:54,0
DA:55,0
DA:56,0
DA:58,0
DA:62,0
DA:63,0
DA:65,0
DA:66,0
DA:67,0
DA:69,0
DA:70,0
DA:71,0
DA:72,0
DA:73,0
DA:75,0
DA:84,0
DA:85,0
DA:86,0
DA:87,0
DA:89,0
DA:90,0
DA:92,0
DA:106,0
DA:107,0
DA:109,0
DA:110,0
DA:111,0
DA:113,0
DA:114,0
DA:115,0
DA:116,0
DA:117,0
DA:119,0
DA:129,0
DA:138,0
DA:146,0
DA:155,0
DA:157,0
DA:158,0
DA:160,0
DA:168,0
DA:169,0
DA:171,0
DA:172,0
DA:173,0
DA:174,0
DA:176,0
DA:177,0
DA:179,0
DA:188,0
DA:189,0
DA:191,0
DA:200,0
DA:208,0
DA:209,0
DA:211,0
DA:219,0
DA:220,0
DA:222,0
DA:226,0
DA:230,0
DA:238,0
DA:239,0
DA:240,0
DA:242,0
DA:246,0
DA:250,0
LF:90
LH:8
BRDA:9,0,0,114
BRDA:9,0,1,114
BRDA:26,1,0,0
BRDA:65,2,0,0
BRDA:65,2,1,0
BRDA:89,3,0,0
BRDA:89,3,1,0
BRDA:109,4,0,0
BRDA:109,4,1,0
BRDA:172,5,0,0
BRDA:172,5,1,0
BRDA:176,6,0,0
BRDA:176,6,1,0
BRDA:188,7,0,0
BRDA:188,7,1,0
BRDA:208,8,0,0
BRDA:208,8,1,0
BRDA:223,9,0,0
BRDA:223,9,1,0
BRDA:222,10,0,0
BRDA:222,10,1,0
BRDA:227,11,0,0
BRDA:227,11,1,0
BRDA:226,12,0,0
BRDA:226,12,1,0
BRDA:230,13,0,0
BRDA:230,13,1,0
BRDA:230,14,0,0
BRDA:230,14,1,0
BRDA:243,15,0,0
BRDA:243,15,1,0
BRDA:242,16,0,0
BRDA:242,16,1,0
BRDA:247,17,0,0
BRDA:247,17,1,0
BRDA:246,18,0,0
BRDA:246,18,1,0
BRDA:250,19,0,0
BRDA:250,19,1,0
BRDA:250,20,0,0
BRDA:250,20,1,0
BRF:41
BRH:2
end_of_record
TN:
SF:app/codeCharta/util/algorithm/streetLayout/house.ts
FN:7,(anonymous_1)
FN:11,(anonymous_2)
FN:17,(anonymous_3)
FNF:3
FNH:0
FNDA:0,(anonymous_1)
FNDA:0,(anonymous_2)
FNDA:0,(anonymous_3)
DA:1,114
DA:4,114
DA:8,0
DA:12,0
DA:13,0
DA:14,0
DA:18,0
DA:24,0
LF:8
LH:2
BRF:0
BRH:0
end_of_record
TN:
SF:app/codeCharta/util/algorithm/streetLayout/rectangle.ts
FN:9,(anonymous_0)
FN:17,(anonymous_1)
FN:21,(anonymous_2)
FN:25,(anonymous_3)
FN:29,(anonymous_4)
FNF:5
FNH:5
FNDA:12,(anonymous_0)
FNDA:2,(anonymous_1)
FNDA:2,(anonymous_2)
FNDA:1,(anonymous_3)
FNDA:2,(anonymous_4)
DA:1,115
DA:10,12
DA:11,12
DA:12,12
DA:13,12
DA:18,2
DA:22,2
DA:26,1
DA:30,2
LF:9
LH:9
BRDA:18,0,0,1
BRDA:18,0,1,1
BRF:2
BRH:2
end_of_record
TN:
SF:app/codeCharta/util/algorithm/streetLayout/squarifiedTreeMap.ts
FN:11,(anonymous_1)
FN:15,(anonymous_2)
FN:23,(anonymous_3)
FN:34,(anonymous_4)
FN:54,(anonymous_5)
FN:63,(anonymous_6)
FN:82,(anonymous_7)
FN:95,(anonymous_8)
FN:98,(anonymous_9)
FN:107,(anonymous_10)
FN:108,(anonymous_11)
FNF:11
FNH:0
FNDA:0,(anonymous_1)
FNDA:0,(anonymous_2)
FNDA:0,(anonymous_3)
FNDA:0,(anonymous_4)
FNDA:0,(anonymous_5)
FNDA:0,(anonymous_6)
FNDA:0,(anonymous_7)
FNDA:0,(anonymous_8)
FNDA:0,(anonymous_9)
FNDA:0,(anonymous_10)
FNDA:0,(anonymous_11)
DA:1,114
DA:3,114
DA:4,114
DA:5,114
DA:6,114
DA:8,114
DA:12,0
DA:16,0
DA:17,0
DA:23,0
DA:25,0
DA:27,0
DA:28,0
DA:31,0
DA:35,0
DA:36,0
DA:37,0
DA:38,0
DA:40,0
DA:41,0
DA:42,0
DA:44,0
DA:45,0
DA:46,0
DA:47,0
DA:48,0
DA:50,0
DA:55,0
DA:56,0
DA:58,0
DA:60,0
DA:64,0
DA:67,0
DA:68,0
DA:70,0
DA:71,0
DA:72,0
DA:73,0
DA:75,0
DA:76,0
DA:77,0
DA:79,0
DA:90,0
DA:91,0
DA:92,0
DA:96,0
DA:97,0
DA:98,0
DA:99,0
DA:100,0
DA:101,0
DA:108,0
DA:109,0
LF:53
LH:6
BRDA:15,0,0,0
BRDA:27,1,0,0
BRDA:27,1,1,0
BRDA:44,2,0,0
BRDA:44,2,1,0
BRDA:56,3,0,0
BRDA:56,3,1,0
BRDA:70,4,0,0
BRDA:70,4,1,0
BRDA:97,5,0,0
BRDA:97,5,1,0
BRDA:97,6,0,0
BRDA:97,6,1,0
BRDA:99,7,0,0
BRDA:99,7,1,0
BRF:15
BRH:0
end_of_record
TN:
SF:app/codeCharta/util/algorithm/streetLayout/street.ts
FN:6,(anonymous_1)
FN:11,(anonymous_2)
FN:22,(anonymous_3)
FNF:3
FNH:1
FNDA:114,(anonymous_1)
FNDA:0,(anonymous_2)
FNDA:0,(anonymous_3)
DA:1,114
DA:6,114
DA:7,114
DA:8,114
DA:13,0
DA:14,0
DA:23,0
LF:7
LH:4
BRDA:6,0,0,114
BRDA:6,0,1,114
BRF:2
BRH:2
end_of_record
TN:
SF:app/codeCharta/util/algorithm/streetLayout/streetLayoutGenerator.ts
FN:16,(anonymous_1)
FN:19,(anonymous_2)
FN:32,(anonymous_3)
FN:37,(anonymous_4)
FN:78,(anonymous_5)
FN:84,(anonymous_6)
FN:88,(anonymous_7)
FNF:7
FNH:0
FNDA:0,(anonymous_1)
FNDA:0,(anonymous_2)
FNDA:0,(anonymous_3)
FNDA:0,(anonymous_4)
FNDA:0,(anonymous_5)
FNDA:0,(anonymous_6)
FNDA:0,(anonymous_7)
DA:1,114
DA:3,114
DA:4,114
DA:5,114
DA:7,114
DA:8,114
DA:9,114
DA:10,114
DA:11,114
DA:13,114
DA:14,114
DA:17,0
DA:19,0
DA:21,0
DA:23,0
DA:24,0
DA:25,0
DA:26,0
DA:27,0
DA:28,0
DA:29,0
DA:30,0
DA:32,0
DA:33,0
DA:45,0
DA:46,0
DA:47,0
DA:48,0
DA:49,0
DA:51,0
DA:52,0
DA:53,0
DA:56,0
DA:57,0
DA:58,0
DA:59,0
DA:60,0
DA:62,0
DA:63,0
DA:71,0
DA:72,0
DA:75,0
DA:79,0
DA:85,0
DA:89,0
DA:90,0
DA:91,0
DA:93,0
LF:48
LH:11
BRDA:48,0,0,0
BRDA:48,0,1,0
BRDA:51,1,0,0
BRDA:51,1,1,0
BRDA:58,2,0,0
BRDA:58,2,1,0
BRDA:58,3,0,0
BRDA:58,3,1,0
BRDA:80,4,0,0
BRDA:80,4,1,0
BRDA:91,5,0,0
BRDA:91,5,1,0
BRF:12
BRH:0
end_of_record
TN:
SF:app/codeCharta/util/algorithm/streetLayout/streetViewHelper.ts
FN:6,calculateSize
FN:21,mergeDirectories
FN:38,getHeightValue
FN:50,buildNodeFrom
FNF:4
FNH:2
FNDA:3,calculateSize
FNDA:1,mergeDirectories
FNDA:0,getHeightValue
FNDA:0,buildNodeFrom
DA:1,115
DA:3,115
DA:4,115
DA:11,3
DA:13,3
DA:14,1
DA:15,1
DA:18,3
DA:22,1
DA:23,1
DA:24,1
DA:25,1
DA:26,0
DA:27,0
DA:28,0
DA:29,0
DA:30,0
DA:31,0
DA:35,1
DA:39,0
DA:41,0
DA:42,0
DA:44,0
DA:45,0
DA:47,0
DA:51,0
DA:52,0
DA:53,0
DA:54,0
DA:58,0
DA:59,0
DA:60,0
DA:61,0
DA:63,0
DA:92,115
LF:35
LH:14
BRDA:11,0,0,3
BRDA:11,0,1,1
BRDA:13,1,0,1
BRDA:13,1,1,2
BRDA:13,2,0,3
BRDA:13,2,1,1
BRDA:13,2,2,1
BRDA:25,3,0,0
BRDA:25,3,1,1
BRDA:27,4,0,0
BRDA:27,4,1,0
BRDA:39,5,0,0
BRDA:39,5,1,0
BRDA:41,6,0,0
BRDA:41,6,1,0
BRDA:44,7,0,0
BRDA:44,7,1,0
BRDA:51,8,0,0
BRDA:51,8,1,0
BRDA:55,9,0,0
BRDA:55,9,1,0
BRDA:79,10,0,0
BRDA:79,10,1,0
BRDA:78,11,0,0
BRDA:78,11,1,0
BRDA:78,12,0,0
BRDA:78,12,1,0
BRF:27
BRH:8
end_of_record
TN:
SF:app/codeCharta/util/algorithm/streetLayout/treeMap.ts
FN:10,(anonymous_1)
FN:16,(anonymous_2)
FNF:2
FNH:0
FNDA:0,(anonymous_1)
FNDA:0,(anonymous_2)
DA:1,114
DA:4,114
DA:7,0
DA:11,0
DA:17,0
DA:18,0
DA:19,0
DA:20,0
LF:8
LH:2
BRF:0
BRH:0
end_of_record
TN:
SF:app/codeCharta/util/algorithm/streetLayout/verticalStreet.ts
FN:9,(anonymous_4)
FN:21,(anonymous_5)
FN:28,(anonymous_6)
FN:42,(anonymous_7)
FN:51,(anonymous_8)
FN:68,(anonymous_9)
FN:86,(anonymous_10)
FN:103,(anonymous_11)
FN:107,(anonymous_12)
FN:111,(anonymous_13)
FN:115,(anonymous_14)
FN:124,(anonymous_15)
FN:141,(anonymous_16)
FN:149,(anonymous_17)
FN:150,(anonymous_18)
FN:153,(anonymous_19)
FN:160,(anonymous_20)
FN:175,(anonymous_21)
FNF:18
FNH:1
FNDA:114,(anonymous_4)
FNDA:0,(anonymous_5)
FNDA:0,(anonymous_6)
FNDA:0,(anonymous_7)
FNDA:0,(anonymous_8)
FNDA:0,(anonymous_9)
FNDA:0,(anonymous_10)
FNDA:0,(anonymous_11)
FNDA:0,(anonymous_12)
FNDA:0,(anonymous_13)
FNDA:0,(anonymous_14)
FNDA:0,(anonymous_15)
FNDA:0,(anonymous_16)
FNDA:0,(anonymous_17)
FNDA:0,(anonymous_18)
FNDA:0,(anonymous_19)
FNDA:0,(anonymous_20)
FNDA:0,(anonymous_21)
DA:2,114
DA:3,114
DA:4,114
DA:6,114
DA:7,114
DA:9,114
DA:10,114
DA:11,114
DA:15,0
DA:16,0
DA:17,0
DA:22,0
DA:23,0
DA:24,0
DA:25,0
DA:29,0
DA:30,0
DA:32,0
DA:33,0
DA:37,0
DA:38,0
DA:39,0
DA:43,0
DA:44,0
DA:45,0
DA:46,0
DA:48,0
DA:52,0
DA:53,0
DA:55,0
DA:56,0
DA:57,0
DA:59,0
DA:60,0
DA:61,0
DA:62,0
DA:63,0
DA:65,0
DA:69,0
DA:70,0
DA:71,0
DA:72,0
DA:73,0
DA:75,0
DA:76,0
DA:78,0
DA:87,0
DA:88,0
DA:90,0
DA:91,0
DA:92,0
DA:94,0
DA:95,0
DA:96,0
DA:97,0
DA:98,0
DA:100,0
DA:104,0
DA:108,0
DA:112,0
DA:116,0
DA:118,0
DA:119,0
DA:121,0
DA:125,0
DA:126,0
DA:128,0
DA:129,0
DA:130,0
DA:131,0
DA:133,0
DA:134,0
DA:136,0
DA:142,0
DA:143,0
DA:145,0
DA:150,0
DA:154,0
DA:155,0
DA:157,0
DA:161,0
DA:162,0
DA:164,0
DA:168,0
DA:172,0
DA:176,0
DA:177,0
DA:178,0
DA:180,0
DA:184,0
DA:188,0
LF:91
LH:8
BRDA:9,0,0,114
BRDA:9,0,1,114
BRDA:21,1,0,0
BRDA:55,2,0,0
BRDA:55,2,1,0
BRDA:75,3,0,0
BRDA:75,3,1,0
BRDA:90,4,0,0
BRDA:90,4,1,0
BRDA:129,5,0,0
BRDA:129,5,1,0
BRDA:130,6,0,0
BRDA:130,6,1,0
BRDA:142,7,0,0
BRDA:142,7,1,0
BRDA:154,8,0,0
BRDA:154,8,1,0
BRDA:165,9,0,0
BRDA:165,9,1,0
BRDA:164,10,0,0
BRDA:164,10,1,0
BRDA:169,11,0,0
BRDA:169,11,1,0
BRDA:168,12,0,0
BRDA:168,12,1,0
BRDA:172,13,0,0
BRDA:172,13,1,0
BRDA:172,14,0,0
BRDA:172,14,1,0
BRDA:181,15,0,0
BRDA:181,15,1,0
BRDA:180,16,0,0
BRDA:180,16,1,0
BRDA:185,17,0,0
BRDA:185,17,1,0
BRDA:184,18,0,0
BRDA:184,18,1,0
BRDA:188,19,0,0
BRDA:188,19,1,0
BRDA:188,20,0,0
BRDA:188,20,1,0
BRF:41
BRH:2
end_of_record
TN:
SF:app/codeCharta/util/algorithm/streetLayout/strip/horizontalStrip.ts
FN:6,(anonymous_1)
FN:12,(anonymous_2)
FN:16,(anonymous_3)
FN:49,(anonymous_4)
FNF:4
FNH:1
FNDA:114,(anonymous_1)
FNDA:0,(anonymous_2)
FNDA:0,(anonymous_3)
FNDA:0,(anonymous_4)
DA:1,114
DA:2,114
DA:3,114
DA:6,114
DA:7,114
DA:8,114
DA:13,0
DA:24,0
DA:26,0
DA:27,0
DA:29,0
DA:30,0
DA:31,0
DA:32,0
DA:34,0
DA:35,0
DA:36,0
DA:37,0
DA:38,0
DA:44,0
DA:46,0
DA:50,0
DA:51,0
DA:52,0
DA:53,0
DA:54,0
DA:55,0
DA:56,0
DA:58,0
LF:29
LH:6
BRDA:6,0,0,114
BRDA:6,0,1,114
BRDA:22,1,0,0
BRDA:26,2,0,0
BRDA:26,2,1,0
BRDA:36,3,0,0
BRDA:36,3,1,0
BRDA:40,4,0,0
BRDA:40,4,1,0
BRF:9
BRH:2
end_of_record
TN:
SF:app/codeCharta/util/algorithm/streetLayout/strip/strip.ts
FN:9,(anonymous_1)
FN:24,(anonymous_2)
FN:25,(anonymous_3)
FN:28,(anonymous_4)
FN:29,(anonymous_5)
FN:32,(anonymous_6)
FN:33,(anonymous_7)
FN:36,(anonymous_8)
FN:37,(anonymous_9)
FN:40,(anonymous_10)
FN:54,(anonymous_11)
FN:60,(anonymous_12)
FNF:12
FNH:0
FNDA:0,(anonymous_1)
FNDA:0,(anonymous_2)
FNDA:0,(anonymous_3)
FNDA:0,(anonymous_4)
FNDA:0,(anonymous_5)
FNDA:0,(anonymous_6)
FNDA:0,(anonymous_7)
FNDA:0,(anonymous_8)
FNDA:0,(anonymous_9)
FNDA:0,(anonymous_10)
FNDA:0,(anonymous_11)
FNDA:0,(anonymous_12)
DA:1,114
DA:2,114
DA:4,114
DA:7,0
DA:10,0
DA:25,0
DA:29,0
DA:33,0
DA:37,0
DA:41,0
DA:42,0
DA:43,0
DA:45,0
DA:46,0
DA:49,0
DA:55,0
DA:56,0
DA:57,0
DA:61,0
DA:62,0
DA:63,0
DA:64,0
LF:22
LH:3
BRDA:45,0,0,0
BRDA:45,0,1,0
BRF:2
BRH:0
end_of_record
TN:
SF:app/codeCharta/util/algorithm/streetLayout/strip/verticalStrip.ts
FN:6,(anonymous_1)
FN:12,(anonymous_2)
FN:16,(anonymous_3)
FN:48,(anonymous_4)
FNF:4
FNH:1
FNDA:114,(anonymous_1)
FNDA:0,(anonymous_2)
FNDA:0,(anonymous_3)
FNDA:0,(anonymous_4)
DA:1,114
DA:2,114
DA:3,114
DA:6,114
DA:7,114
DA:8,114
DA:13,0
DA:24,0
DA:26,0
DA:27,0
DA:28,0
DA:29,0
DA:30,0
DA:31,0
DA:33,0
DA:34,0
DA:35,0
DA:36,0
DA:37,0
DA:43,0
DA:45,0
DA:49,0
DA:50,0
DA:51,0
DA:52,0
DA:53,0
DA:55,0
DA:56,0
DA:58,0
LF:29
LH:6
BRDA:6,0,0,114
BRDA:6,0,1,114
BRDA:22,1,0,0
BRDA:26,2,0,0
BRDA:26,2,1,0
BRDA:35,3,0,0
BRDA:35,3,1,0
BRDA:39,4,0,0
BRDA:39,4,1,0
BRF:9
BRH:2
end_of_record
TN:
SF:app/codeCharta/util/algorithm/treeMapLayout/treeMapGenerator.ts
FN:13,createTreemapNodes
FN:15,(anonymous_1)
FN:60,buildSquarifiedTreeMapsForFixedFolders
FN:140,hasFixedFolders
FN:146,scaleRoot
FN:153,getSquarifiedTreeMap
FN:169,(anonymous_6)
FN:193,(anonymous_7)
FN:206,(anonymous_8)
FN:209,getEstimatedNodesPerSide
FN:212,(anonymous_10)
FN:226,isOnlyVisibleInComparisonMap
FN:231,calculateAreaValue
FNF:13
FNH:13
FNDA:12,createTreemapNodes
FNDA:14,(anonymous_1)
FNDA:5,buildSquarifiedTreeMapsForFixedFolders
FNDA:58,hasFixedFolders
FNDA:3,scaleRoot
FNDA:23,getSquarifiedTreeMap
FNDA:99,(anonymous_6)
FNDA:31,(anonymous_7)
FNDA:99,(anonymous_8)
FNDA:26,getEstimatedNodesPerSide
FNDA:148,(anonymous_10)
FNDA:3,isOnlyVisibleInComparisonMap
FNDA:100,calculateAreaValue
DA:1,115
DA:2,115
DA:4,115
DA:8,115
DA:9,115
DA:10,115
DA:14,12
DA:15,14
DA:16,12
DA:18,12
DA:19,3
DA:22,3
DA:26,3
DA:29,3
DA:30,3
DA:33,3
DA:35,3
DA:51,9
DA:53,9
DA:54,9
DA:55,36
DA:57,9
DA:72,5
DA:74,5
DA:75,14
DA:76,14
DA:78,14
DA:83,46
DA:84,46
DA:88,46
DA:89,46
DA:90,46
DA:91,46
DA:94,46
DA:95,46
DA:96,46
DA:97,46
DA:99,46
DA:100,46
DA:102,46
DA:108,2
DA:109,2
DA:111,2
DA:132,2
DA:137,5
DA:143,58
DA:147,3
DA:148,3
DA:149,3
DA:150,3
DA:154,23
DA:155,23
DA:156,23
DA:160,23
DA:161,14
DA:162,14
DA:164,9
DA:165,9
DA:168,23
DA:169,23
DA:171,99
DA:172,31
DA:173,20
DA:175,31
DA:176,11
DA:186,23
DA:187,23
DA:189,23
DA:195,31
DA:197,20
DA:199,11
DA:200,11
DA:203,0
DA:206,99
DA:210,26
DA:211,26
DA:212,26
DA:213,148
DA:214,0
DA:216,148
DA:223,26
DA:227,3
DA:232,100
DA:233,0
DA:236,100
DA:237,1
DA:240,99
DA:241,38
DA:243,61
LF:89
LH:86
BRDA:18,0,0,3
BRDA:18,0,1,9
BRDA:102,1,0,2
BRDA:102,1,1,44
BRDA:143,2,0,3
BRDA:143,2,1,55
BRDA:143,3,0,58
BRDA:143,3,1,58
BRDA:160,4,0,14
BRDA:160,4,1,9
BRDA:171,5,0,31
BRDA:171,5,1,68
BRDA:172,6,0,20
BRDA:172,6,1,11
BRDA:175,7,0,11
BRDA:175,7,1,20
BRDA:175,8,0,31
BRDA:175,8,1,11
BRDA:195,9,0,20
BRDA:195,9,1,11
BRDA:199,10,0,11
BRDA:199,10,1,0
BRDA:199,11,0,11
BRDA:199,11,1,11
BRDA:213,12,0,0
BRDA:213,12,1,148
BRDA:213,13,0,148
BRDA:213,13,1,148
BRDA:227,14,0,3
BRDA:227,14,1,1
BRDA:232,15,0,0
BRDA:232,15,1,100
BRDA:236,16,0,1
BRDA:236,16,1,99
BRDA:236,17,0,100
BRDA:236,17,1,3
BRDA:240,18,0,38
BRDA:240,18,1,61
BRDA:240,19,0,99
BRDA:240,19,1,68
BRDA:240,20,0,0
BRDA:240,20,1,68
BRDA:240,21,0,68
BRDA:240,21,1,68
BRF:44
BRH:40
end_of_record
TN:
SF:app/codeCharta/util/algorithm/treeMapLayout/treeMapHelper.ts
FN:11,countNodes
FN:22,calculateSize
FN:33,buildingArrayToMap
FN:43,buildRootFolderForFixedFolders
FN:75,buildNodeFrom
FN:122,getHeightValue
FN:138,isVisible
FN:150,getIncomingEdgePoint
FN:157,getOutgoingEdgePoint
FN:164,isNodeFlat
FN:173,(anonymous_10)
FN:180,nodeHasNoVisibleEdges
FN:183,(anonymous_12)
FN:187,isNodeNonSearched
FN:191,getBuildingColor
FNF:15
FNH:14
FNDA:9,countNodes
FNDA:0,calculateSize
FNDA:6,buildingArrayToMap
FNDA:3,buildRootFolderForFixedFolders
FNDA:109,buildNodeFrom
FNDA:109,getHeightValue
FNDA:112,isVisible
FNDA:112,getIncomingEdgePoint
FNDA:112,getOutgoingEdgePoint
FNDA:112,isNodeFlat
FNDA:12,(anonymous_10)
FNDA:1,nodeHasNoVisibleEdges
FNDA:1,(anonymous_12)
FNDA:2,isNodeNonSearched
FNDA:112,getBuildingColor
DA:1,118
DA:3,118
DA:7,118
DA:8,118
DA:9,118
DA:12,9
DA:13,9
DA:14,4
DA:15,5
DA:18,9
DA:23,0
DA:25,0
DA:26,0
DA:27,0
DA:30,0
DA:34,6
DA:36,6
DA:37,4
DA:40,6
DA:44,3
DA:45,3
DA:46,3
DA:47,3
DA:49,3
DA:82,109
DA:83,109
DA:84,109
DA:85,109
DA:86,109
DA:87,109
DA:88,109
DA:91,109
DA:92,109
DA:93,109
DA:95,109
DA:123,109
DA:125,109
DA:126,4
DA:129,105
DA:130,105
DA:132,105
DA:133,83
DA:135,22
DA:139,112
DA:140,5
DA:143,107
DA:144,1
DA:147,106
DA:151,112
DA:152,19
DA:154,93
DA:158,112
DA:159,19
DA:161,93
DA:165,112
DA:166,2
DA:169,110
DA:170,2
DA:173,108
DA:174,1
DA:177,107
DA:181,1
DA:183,1
DA:188,2
DA:192,112
DA:194,112
DA:195,0
DA:197,112
DA:199,112
DA:200,86
DA:202,26
DA:203,1
DA:205,25
DA:206,25
DA:207,14
DA:209,11
DA:210,10
DA:212,1
DA:215,118
LF:79
LH:73
BRDA:13,0,0,4
BRDA:13,0,1,5
BRDA:23,1,0,0
BRDA:23,1,1,0
BRDA:25,2,0,0
BRDA:25,2,1,0
BRDA:25,3,0,0
BRDA:25,3,1,0
BRDA:25,3,2,0
BRDA:63,4,0,0
BRDA:63,4,1,3
BRDA:63,5,0,3
BRDA:63,5,1,3
BRDA:63,6,0,3
BRDA:63,6,1,0
BRDA:63,7,0,3
BRDA:63,7,1,3
BRDA:89,8,0,82
BRDA:89,8,1,27
BRDA:110,9,0,4
BRDA:110,9,1,105
BRDA:110,10,0,109
BRDA:110,10,1,109
BRDA:110,11,0,104
BRDA:110,11,1,5
BRDA:110,12,0,109
BRDA:110,12,1,109
BRDA:125,13,0,4
BRDA:125,13,1,105
BRDA:129,14,0,105
BRDA:129,14,1,84
BRDA:132,15,0,83
BRDA:132,15,1,22
BRDA:139,16,0,5
BRDA:139,16,1,107
BRDA:139,17,0,112
BRDA:139,17,1,111
BRDA:139,17,2,81
BRDA:139,17,3,81
BRDA:143,18,0,1
BRDA:143,18,1,106
BRDA:151,19,0,19
BRDA:151,19,1,93
BRDA:158,20,0,19
BRDA:158,20,1,93
BRDA:165,21,0,2
BRDA:165,21,1,110
BRDA:169,22,0,2
BRDA:169,22,1,108
BRDA:169,23,0,110
BRDA:169,23,1,110
BRDA:169,24,0,0
BRDA:169,24,1,110
BRDA:169,25,0,110
BRDA:169,25,1,110
BRDA:170,26,0,2
BRDA:170,26,1,2
BRDA:173,27,0,1
BRDA:173,27,1,107
BRDA:173,28,0,108
BRDA:173,28,1,12
BRDA:182,29,0,1
BRDA:182,29,1,1
BRDA:183,30,0,1
BRDA:183,30,1,1
BRDA:194,31,0,0
BRDA:194,31,1,112
BRDA:199,32,0,86
BRDA:199,32,1,26
BRDA:202,33,0,1
BRDA:202,33,1,25
BRDA:205,34,0,20
BRDA:205,34,1,5
BRDA:206,35,0,14
BRDA:206,35,1,11
BRDA:207,36,0,1
BRDA:207,36,1,13
BRDA:209,37,0,10
BRDA:209,37,1,1
BRDA:210,38,0,2
BRDA:210,38,1,8
BRF:81
BRH:70
end_of_record
TN:
SF:app/codeCharta/util/color/colorConverter.ts
FN:9,(anonymous_1)
FN:19,(anonymous_2)
FN:29,(anonymous_3)
FN:33,(anonymous_4)
FN:39,(anonymous_5)
FN:44,(anonymous_6)
FN:49,(anonymous_7)
FN:56,(anonymous_8)
FN:61,(anonymous_9)
FN:66,(anonymous_10)
FN:74,(anonymous_11)
FN:88,(anonymous_12)
FN:94,(anonymous_13)
FN:109,(anonymous_14)
FN:113,(anonymous_15)
FN:122,(anonymous_16)
FNF:16
FNH:16
FNDA:1512,(anonymous_1)
FNDA:6,(anonymous_2)
FNDA:1101,(anonymous_3)
FNDA:2,(anonymous_4)
FNDA:229,(anonymous_5)
FNDA:60,(anonymous_6)
FNDA:150,(anonymous_7)
FNDA:26,(anonymous_8)
FNDA:21,(anonymous_9)
FNDA:1,(anonymous_10)
FNDA:30,(anonymous_11)
FNDA:35,(anonymous_12)
FNDA:324,(anonymous_13)
FNDA:35,(anonymous_14)
FNDA:70,(anonymous_15)
FNDA:35,(anonymous_16)
DA:1,146
DA:2,146
DA:3,146
DA:6,146
DA:7,146
DA:10,1512
DA:11,1512
DA:12,20
DA:13,20
DA:16,1512
DA:20,6
DA:21,6
DA:22,2
DA:23,2
DA:26,6
DA:30,1101
DA:34,2
DA:35,2
DA:36,2
DA:40,229
DA:41,229
DA:45,60
DA:46,60
DA:50,150
DA:57,26
DA:58,26
DA:62,21
DA:63,21
DA:67,1
DA:68,1
DA:69,1
DA:71,1
DA:75,30
DA:76,30
DA:77,30
DA:78,30
DA:80,30
DA:81,150
DA:82,150
DA:83,150
DA:85,30
DA:89,35
DA:90,35
DA:91,35
DA:96,324
DA:97,324
DA:100,2
DA:102,324
DA:110,35
DA:114,70
DA:115,70
DA:116,70
DA:117,70
DA:118,70
DA:119,70
DA:123,35
LF:56
LH:56
BRDA:11,0,0,20
BRDA:11,0,1,1492
BRDA:21,1,0,2
BRDA:21,1,1,4
BRDA:39,2,0,228
BRDA:97,3,0,2
BRDA:97,3,1,322
BRF:7
BRH:7
end_of_record
TN:
SF:app/codeCharta/util/color/hsl.ts
FN:4,(anonymous_1)
FN:6,(anonymous_2)
FN:10,(anonymous_3)
FN:14,(anonymous_4)
FN:18,(anonymous_5)
FN:22,(anonymous_6)
FNF:6
FNH:6
FNDA:32,(anonymous_1)
FNDA:27,(anonymous_2)
FNDA:27,(anonymous_3)
FNDA:42,(anonymous_4)
FNDA:26,(anonymous_5)
FNDA:2,(anonymous_6)
DA:1,147
DA:4,32
DA:7,27
DA:11,27
DA:15,42
DA:19,26
DA:23,2
LF:7
LH:7
BRF:0
BRH:0
end_of_record
